{"numTotalTestSuites":56,"numPassedTestSuites":56,"numFailedTestSuites":0,"numPendingTestSuites":0,"numTotalTests":165,"numPassedTests":165,"numFailedTests":0,"numPendingTests":0,"numTodoTests":0,"snapshot":{"added":0,"failure":false,"filesAdded":0,"filesRemoved":0,"filesRemovedList":[],"filesUnmatched":0,"filesUpdated":0,"matched":0,"total":0,"unchecked":0,"uncheckedKeysByFile":[],"unmatched":0,"updated":0,"didUpdate":false},"startTime":1784273195826,"success":true,"testResults":[{"assertionResults":[{"ancestorTitles":["resolveAgentRunNotice"],"fullName":"resolveAgentRunNotice shows queued worker wait state with queue id evidence","status":"passed","title":"shows queued worker wait state with queue id evidence","duration":2.388288999999986,"failureMessages":[],"meta":{},"tags":[]},{"ancestorTitles":["resolveAgentRunNotice"],"fullName":"resolveAgentRunNotice shows leased worker state when the worker has picked up the run","status":"passed","title":"shows leased worker state when the worker has picked up the run","duration":0.42484199999995553,"failureMessages":[],"meta":{},"tags":[]},{"ancestorTitles":["resolveAgentRunNotice"],"fullName":"resolveAgentRunNotice shows active execution state while steps are running","status":"passed","title":"shows active execution state while steps are running","duration":0.3130130000000122,"failureMessages":[],"meta":{},"tags":[]},{"ancestorTitles":["resolveAgentRunNotice"],"fullName":"resolveAgentRunNotice surfaces failed task code and safe detail","status":"passed","title":"surfaces failed task code and safe detail","duration":0.28989799999999377,"failureMessages":[],"meta":{},"tags":[]}],"startTime":1784273198520,"endTime":1784273198523.313,"status":"passed","message":"","name":"/home/runner/work/AICopilot/AICopilot/src/vues/AICopilot.Web/tests/unit/agentRunNotice.spec.ts"},{"assertionResults":[{"ancestorTitles":["agent state stores"],"fullName":"agent state stores resets task runtime state through agentTaskStore","status":"passed","title":"resets task runtime state through agentTaskStore","duration":7.04853300000002,"failureMessages":[],"meta":{},"tags":[]},{"ancestorTitles":["agent state stores"],"fullName":"agent state stores resets artifact workspace state through artifactWorkspaceStore","status":"passed","title":"resets artifact workspace state through artifactWorkspaceStore","duration":1.503501999999969,"failureMessages":[],"meta":{},"tags":[]},{"ancestorTitles":["agent state stores"],"fullName":"agent state stores keeps global skill and knowledge catalogs while invalidating the skill-filtered tool catalog","status":"passed","title":"keeps global skill and knowledge catalogs while invalidating the skill-filtered tool catalog","duration":3.0344220000000064,"failureMessages":[],"meta":{},"tags":[]},{"ancestorTitles":["agent state stores"],"fullName":"agent state stores routes catalog load failures through the current chat session error","status":"passed","title":"routes catalog load failures through the current chat session error","duration":12.255542000000048,"failureMessages":[],"meta":{},"tags":[]},{"ancestorTitles":["agent state stores"],"fullName":"agent state stores routes task timeline load failures through the current chat session error","status":"passed","title":"routes task timeline load failures through the current chat session error","duration":4.414867000000015,"failureMessages":[],"meta":{},"tags":[]},{"ancestorTitles":["agent state stores"],"fullName":"agent state stores rejects stale timeline facade calls after switching sessions","status":"passed","title":"rejects stale timeline facade calls after switching sessions","duration":3.111062000000004,"failureMessages":[],"meta":{},"tags":[]}],"startTime":1784273197336,"endTime":1784273197367.111,"status":"passed","message":"","name":"/home/runner/work/AICopilot/AICopilot/src/vues/AICopilot.Web/tests/unit/agentStateStores.spec.ts"},{"assertionResults":[{"ancestorTitles":["apiClient endpoint trust"],"fullName":"apiClient endpoint trust sends authorization to same-origin absolute endpoints","status":"passed","title":"sends authorization to same-origin absolute endpoints","duration":40.757429,"failureMessages":[],"meta":{},"tags":[]},{"ancestorTitles":["apiClient endpoint trust"],"fullName":"apiClient endpoint trust sends authorization to the configured API origin","status":"passed","title":"sends authorization to the configured API origin","duration":12.903452000000016,"failureMessages":[],"meta":{},"tags":[]},{"ancestorTitles":["apiClient endpoint trust"],"fullName":"apiClient endpoint trust rejects external absolute downloads before sending authorization","status":"passed","title":"rejects external absolute downloads before sending authorization","duration":4.899614999999983,"failureMessages":[],"meta":{},"tags":[]},{"ancestorTitles":["apiClient endpoint trust"],"fullName":"apiClient endpoint trust adds an abort signal only when a request timeout is explicitly provided","status":"passed","title":"adds an abort signal only when a request timeout is explicitly provided","duration":4.066176000000013,"failureMessages":[],"meta":{},"tags":[]},{"ancestorTitles":["apiClient endpoint trust"],"fullName":"apiClient endpoint trust reads code and detail from ProblemDetails error payloads","status":"passed","title":"reads code and detail from ProblemDetails error payloads","duration":3.1875169999999855,"failureMessages":[],"meta":{},"tags":[]}],"startTime":1784273197741,"endTime":1784273197807.1875,"status":"passed","message":"","name":"/home/runner/work/AICopilot/AICopilot/src/vues/AICopilot.Web/tests/unit/apiClient.spec.ts"},{"assertionResults":[{"ancestorTitles":["approvalProtocol"],"fullName":"approvalProtocol requires target type, target name, and tool name for strict identity","status":"passed","title":"requires target type, target name, and tool name for strict identity","duration":2.468941000000001,"failureMessages":[],"meta":{},"tags":[]},{"ancestorTitles":["approvalProtocol"],"fullName":"approvalProtocol maps already-processed or expired approval errors to expired status","status":"passed","title":"maps already-processed or expired approval errors to expired status","duration":0.6560510000000193,"failureMessages":[],"meta":{},"tags":[]},{"ancestorTitles":["approvalProtocol"],"fullName":"approvalProtocol recognizes approval chunks by chunk type","status":"passed","title":"recognizes approval chunks by chunk type","duration":0.42054600000000164,"failureMessages":[],"meta":{},"tags":[]}],"startTime":1784273198784,"endTime":1784273198788.4207,"status":"passed","message":"","name":"/home/runner/work/AICopilot/AICopilot/src/vues/AICopilot.Web/tests/unit/approvalProtocol.spec.ts"},{"assertionResults":[{"ancestorTitles":["approvalStore"],"fullName":"approvalStore expires stale callId approval cards when refresh no longer returns them","status":"passed","title":"expires stale callId approval cards when refresh no longer returns them","duration":10.220057000000054,"failureMessages":[],"meta":{},"tags":[]},{"ancestorTitles":["approvalStore"],"fullName":"approvalStore preserves pending approval authority when refresh fails","status":"passed","title":"preserves pending approval authority when refresh fails","duration":3.5588389999999777,"failureMessages":[],"meta":{},"tags":[]}],"startTime":1784273198155,"endTime":1784273198168.5588,"status":"passed","message":"","name":"/home/runner/work/AICopilot/AICopilot/src/vues/AICopilot.Web/tests/unit/approvalStore.spec.ts"},{"assertionResults":[{"ancestorTitles":["authStore"],"fullName":"authStore clears invalid auth and keeps a visible login message when current user loading fails","status":"passed","title":"clears invalid auth and keeps a visible login message when current user loading fails","duration":6.499422999999979,"failureMessages":[],"meta":{},"tags":[]},{"ancestorTitles":["authStore"],"fullName":"authStore shows a generic visible login message when profile loading fails unexpectedly","status":"passed","title":"shows a generic visible login message when profile loading fails unexpectedly","duration":1.3835409999999797,"failureMessages":[],"meta":{},"tags":[]},{"ancestorTitles":["authStore"],"fullName":"authStore shows Cloud OIDC status load failures without treating them as not configured","status":"passed","title":"shows Cloud OIDC status load failures without treating them as not configured","duration":9.216208999999992,"failureMessages":[],"meta":{},"tags":[]},{"ancestorTitles":["authStore"],"fullName":"authStore keeps the Cloud OIDC status failure message when Cloud login is requested","status":"passed","title":"keeps the Cloud OIDC status failure message when Cloud login is requested","duration":2.168467000000021,"failureMessages":[],"meta":{},"tags":[]}],"startTime":1784273198010,"endTime":1784273198029.1685,"status":"passed","message":"","name":"/home/runner/work/AICopilot/AICopilot/src/vues/AICopilot.Web/tests/unit/authStore.spec.ts"},{"assertionResults":[{"ancestorTitles":["chatErrorStore"],"fullName":"chatErrorStore prefers backend user-facing error text","status":"passed","title":"prefers backend user-facing error text","duration":4.673023000000001,"failureMessages":[],"meta":{},"tags":[]},{"ancestorTitles":["chatErrorStore"],"fullName":"chatErrorStore keeps known error codes visible without exposing raw detail","status":"passed","title":"keeps known error codes visible without exposing raw detail","duration":0.5833519999999908,"failureMessages":[],"meta":{},"tags":[]},{"ancestorTitles":["chatErrorStore"],"fullName":"chatErrorStore scopes active errors to the current session","status":"passed","title":"scopes active errors to the current session","duration":3.3182950000000346,"failureMessages":[],"meta":{},"tags":[]},{"ancestorTitles":["chatErrorStore"],"fullName":"chatErrorStore does not expose backend detail for unknown error codes","status":"passed","title":"does not expose backend detail for unknown error codes","duration":0.28480100000001585,"failureMessages":[],"meta":{},"tags":[]},{"ancestorTitles":["chatErrorStore"],"fullName":"chatErrorStore has explicit messages for model provider failures","status":"passed","title":"has explicit messages for model provider failures","duration":0.626006000000018,"failureMessages":[],"meta":{},"tags":[]},{"ancestorTitles":["chatErrorStore"],"fullName":"chatErrorStore extracts ProblemDetails and ASP.NET validation errors from ApiError details","status":"passed","title":"extracts ProblemDetails and ASP.NET validation errors from ApiError details","duration":0.7049359999999751,"failureMessages":[],"meta":{},"tags":[]},{"ancestorTitles":["chatErrorStore"],"fullName":"chatErrorStore does not expose raw ApiError messages","status":"passed","title":"does not expose raw ApiError messages","duration":0.33206100000001015,"failureMessages":[],"meta":{},"tags":[]}],"startTime":1784273198002,"endTime":1784273198013.332,"status":"passed","message":"","name":"/home/runner/work/AICopilot/AICopilot/src/vues/AICopilot.Web/tests/unit/chatErrorStore.spec.ts"},{"assertionResults":[{"ancestorTitles":["chatRunStatusStore"],"fullName":"chatRunStatusStore starts a run in understanding phase and advances elapsed time","status":"passed","title":"starts a run in understanding phase and advances elapsed time","duration":12.335774000000015,"failureMessages":[],"meta":{},"tags":[]},{"ancestorTitles":["chatRunStatusStore"],"fullName":"chatRunStatusStore maps function call chunks to querying phase","status":"passed","title":"maps function call chunks to querying phase","duration":2.2816779999999994,"failureMessages":[],"meta":{},"tags":[]},{"ancestorTitles":["chatRunStatusStore"],"fullName":"chatRunStatusStore records query count and returned rows from real function result payloads","status":"passed","title":"records query count and returned rows from real function result payloads","duration":1.679237999999998,"failureMessages":[],"meta":{},"tags":[]},{"ancestorTitles":["chatRunStatusStore"],"fullName":"chatRunStatusStore maps text chunks to answering phase","status":"passed","title":"maps text chunks to answering phase","duration":1.183889000000022,"failureMessages":[],"meta":{},"tags":[]},{"ancestorTitles":["chatRunStatusStore"],"fullName":"chatRunStatusStore marks stream completion without overriding failed runs","status":"passed","title":"marks stream completion without overriding failed runs","duration":1.8283729999999991,"failureMessages":[],"meta":{},"tags":[]},{"ancestorTitles":["chatRunStatusStore"],"fullName":"chatRunStatusStore keeps run status scoped by session and message","status":"passed","title":"keeps run status scoped by session and message","duration":1.7947319999999536,"failureMessages":[],"meta":{},"tags":[]},{"ancestorTitles":["chatRunStatusStore"],"fullName":"chatRunStatusStore extracts row count only from structured function result facts","status":"passed","title":"extracts row count only from structured function result facts","duration":7.670602999999971,"failureMessages":[],"meta":{},"tags":[]}],"startTime":1784273197174,"endTime":1784273197202.6707,"status":"passed","message":"","name":"/home/runner/work/AICopilot/AICopilot/src/vues/AICopilot.Web/tests/unit/chatRunStatusStore.spec.ts"},{"assertionResults":[{"ancestorTitles":["chatService bounded requests"],"fullName":"chatService bounded requests applies explicit read, mutation, and transfer timeouts","status":"passed","title":"applies explicit read, mutation, and transfer timeouts","duration":5.958815999999985,"failureMessages":[],"meta":{},"tags":[]},{"ancestorTitles":["chatService bounded requests"],"fullName":"chatService bounded requests aborts a silent stream and reports a bounded timeout","status":"passed","title":"aborts a silent stream and reports a bounded timeout","duration":9.048296000000022,"failureMessages":[],"meta":{},"tags":[]},{"ancestorTitles":["chatService bounded requests"],"fullName":"chatService bounded requests never retries a mutating stream after partial output disconnects","status":"passed","title":"never retries a mutating stream after partial output disconnects","duration":1.857607999999999,"failureMessages":[],"meta":{},"tags":[]}],"startTime":1784273197616,"endTime":1784273197632.8577,"status":"passed","message":"","name":"/home/runner/work/AICopilot/AICopilot/src/vues/AICopilot.Web/tests/unit/chatService.spec.ts"},{"assertionResults":[{"ancestorTitles":["chatStore run status integration"],"fullName":"chatStore run status integration starts run status before stream chunks and completes it when chat stream closes","status":"passed","title":"starts run status before stream chunks and completes it when chat stream closes","duration":20.401313999999957,"failureMessages":[],"meta":{},"tags":[]},{"ancestorTitles":["chatStore run status integration"],"fullName":"chatStore run status integration does not send a message through an unresolved persisted session id","status":"passed","title":"does not send a message through an unresolved persisted session id","duration":3.0718219999999974,"failureMessages":[],"meta":{},"tags":[]},{"ancestorTitles":["chatStore run status integration"],"fullName":"chatStore run status integration revokes retained session action authority before chat view initialization","status":"passed","title":"revokes retained session action authority before chat view initialization","duration":3.409703000000036,"failureMessages":[],"meta":{},"tags":[]},{"ancestorTitles":["chatStore run status integration"],"fullName":"chatStore run status integration blocks session transitions while a chat stream is in flight","status":"passed","title":"blocks session transitions while a chat stream is in flight","duration":3.593650999999909,"failureMessages":[],"meta":{},"tags":[]},{"ancestorTitles":["chatStore run status integration"],"fullName":"chatStore run status integration keeps approval refresh inside the originating chat operation gate","status":"passed","title":"keeps approval refresh inside the originating chat operation gate","duration":6.4172190000000455,"failureMessages":[],"meta":{},"tags":[]},{"ancestorTitles":["chatStore run status integration"],"fullName":"chatStore run status integration keeps sending fail-closed when a newly discovered approval projection cannot refresh","status":"passed","title":"keeps sending fail-closed when a newly discovered approval projection cannot refresh","duration":3.7420960000000605,"failureMessages":[],"meta":{},"tags":[]},{"ancestorTitles":["chatStore run status integration"],"fullName":"chatStore run status integration blocks a stale function approval that is not owned by the current session","status":"passed","title":"blocks a stale function approval that is not owned by the current session","duration":3.4326580000000604,"failureMessages":[],"meta":{},"tags":[]},{"ancestorTitles":["chatStore run status integration"],"fullName":"chatStore run status integration submits a pending function approval obtained from the reactive current session projection","status":"passed","title":"submits a pending function approval obtained from the reactive current session projection","duration":2.952812000000108,"failureMessages":[],"meta":{},"tags":[]},{"ancestorTitles":["chatStore run status integration"],"fullName":"chatStore run status integration keeps deletion inside the session transition critical section","status":"passed","title":"keeps deletion inside the session transition critical section","duration":7.250598999999966,"failureMessages":[],"meta":{},"tags":[]},{"ancestorTitles":["chatStore run status integration"],"fullName":"chatStore run status integration restores the active session when deletion fails","status":"passed","title":"restores the active session when deletion fails","duration":3.3872690000000603,"failureMessages":[],"meta":{},"tags":[]},{"ancestorTitles":["chatStore run status integration"],"fullName":"chatStore run status integration treats a timed-out deletion as committed when reconciliation no longer finds the session","status":"passed","title":"treats a timed-out deletion as committed when reconciliation no longer finds the session","duration":3.7469630000000507,"failureMessages":[],"meta":{},"tags":[]},{"ancestorTitles":["chatStore run status integration"],"fullName":"chatStore run status integration keeps action authority unresolved when deletion outcome reconciliation also fails","status":"passed","title":"keeps action authority unresolved when deletion outcome reconciliation also fails","duration":9.6806610000001,"failureMessages":[],"meta":{},"tags":[]}],"startTime":1784273196469,"endTime":1784273196540.6807,"status":"passed","message":"","name":"/home/runner/work/AICopilot/AICopilot/src/vues/AICopilot.Web/tests/unit/chatStoreRunStatus.spec.ts"},{"assertionResults":[{"ancestorTitles":["chatStore skills"],"fullName":"chatStore skills keeps skill selection in auto mode after loading skills","status":"passed","title":"keeps skill selection in auto mode after loading skills","duration":14.398212000000058,"failureMessages":[],"meta":{},"tags":[]},{"ancestorTitles":["chatStore skills"],"fullName":"chatStore skills falls back to auto mode when the selection is empty or unknown","status":"passed","title":"falls back to auto mode when the selection is empty or unknown","duration":4.09170400000005,"failureMessages":[],"meta":{},"tags":[]},{"ancestorTitles":["chatStore skills"],"fullName":"chatStore skills keeps only the latest tool catalog when skill requests complete out of order","status":"passed","title":"keeps only the latest tool catalog when skill requests complete out of order","duration":4.411327000000028,"failureMessages":[],"meta":{},"tags":[]},{"ancestorTitles":["chatStore skills"],"fullName":"chatStore skills restores the previous session runtime when cross-session activation fails","status":"passed","title":"restores the previous session runtime when cross-session activation fails","duration":20.190795999999978,"failureMessages":[],"meta":{},"tags":[]},{"ancestorTitles":["chatStore skills"],"fullName":"chatStore skills reloads the auto tool catalog after a committed cross-session switch","status":"passed","title":"reloads the auto tool catalog after a committed cross-session switch","duration":6.462898999999993,"failureMessages":[],"meta":{},"tags":[]},{"ancestorTitles":["chatStore skills"],"fullName":"chatStore skills captures runtime before synchronous initialization revokes action authority","status":"passed","title":"captures runtime before synchronous initialization revokes action authority","duration":6.463077999999996,"failureMessages":[],"meta":{},"tags":[]},{"ancestorTitles":["chatStore skills"],"fullName":"chatStore skills invalidates hydration-time catalog requests before restoring the prior snapshot","status":"passed","title":"invalidates hydration-time catalog requests before restoring the prior snapshot","duration":3.900094999999965,"failureMessages":[],"meta":{},"tags":[]},{"ancestorTitles":["chatStore skills"],"fullName":"chatStore skills rolls back cross-session activation when the task projection cannot be loaded","status":"passed","title":"rolls back cross-session activation when the task projection cannot be loaded","duration":5.644721000000004,"failureMessages":[],"meta":{},"tags":[]},{"ancestorTitles":["chatStore skills"],"fullName":"chatStore skills preserves the last trusted task projection when active-session polling fails","status":"passed","title":"preserves the last trusted task projection when active-session polling fails","duration":5.255553000000077,"failureMessages":[],"meta":{},"tags":[]},{"ancestorTitles":["chatStore skills"],"fullName":"chatStore skills rolls back cross-session activation when the workspace projection cannot be loaded","status":"passed","title":"rolls back cross-session activation when the workspace projection cannot be loaded","duration":5.441564999999969,"failureMessages":[],"meta":{},"tags":[]},{"ancestorTitles":["chatStore skills"],"fullName":"chatStore skills keeps one trusted task-workspace generation when active polling loses the workspace","status":"passed","title":"keeps one trusted task-workspace generation when active polling loses the workspace","duration":5.156333000000018,"failureMessages":[],"meta":{},"tags":[]},{"ancestorTitles":["chatStore skills"],"fullName":"chatStore skills marks agent approval authority unknown when polling cannot refresh approvals","status":"passed","title":"marks agent approval authority unknown when polling cannot refresh approvals","duration":8.047462999999993,"failureMessages":[],"meta":{},"tags":[]},{"ancestorTitles":["chatStore skills"],"fullName":"chatStore skills does not enable final review without a workspace projection aligned to the latest task","status":"passed","title":"does not enable final review without a workspace projection aligned to the latest task","duration":5.512340999999992,"failureMessages":[],"meta":{},"tags":[]},{"ancestorTitles":["chatStore skills"],"fullName":"chatStore skills scopes an unknown agent approval projection to the latest task","status":"passed","title":"scopes an unknown agent approval projection to the latest task","duration":2.609905000000026,"failureMessages":[],"meta":{},"tags":[]},{"ancestorTitles":["chatStore skills"],"fullName":"chatStore skills publishes a visible error when cold initialization cannot load sessions","status":"passed","title":"publishes a visible error when cold initialization cannot load sessions","duration":2.5541299999999865,"failureMessages":[],"meta":{},"tags":[]},{"ancestorTitles":["chatStore skills"],"fullName":"chatStore skills keeps cold-hydration catalog failures visible after session activation","status":"passed","title":"keeps cold-hydration catalog failures visible after session activation","duration":4.767045000000053,"failureMessages":[],"meta":{},"tags":[]},{"ancestorTitles":["chatStore skills"],"fullName":"chatStore skills does not let composer interaction erase a source-scoped hydration failure","status":"passed","title":"does not let composer interaction erase a source-scoped hydration failure","duration":3.3839349999999513,"failureMessages":[],"meta":{},"tags":[]},{"ancestorTitles":["chatStore skills"],"fullName":"chatStore skills clears only a recovered catalog-selection error during hydration","status":"passed","title":"clears only a recovered catalog-selection error during hydration","duration":4.372618999999986,"failureMessages":[],"meta":{},"tags":[]},{"ancestorTitles":["chatStore skills"],"fullName":"chatStore skills preserves uploads when the same committed session is rehydrated","status":"passed","title":"preserves uploads when the same committed session is rehydrated","duration":4.672832000000085,"failureMessages":[],"meta":{},"tags":[]},{"ancestorTitles":["chatStore skills"],"fullName":"chatStore skills clears composer selections and uploads when rehydration falls back to another session","status":"passed","title":"clears composer selections and uploads when rehydration falls back to another session","duration":5.992207000000008,"failureMessages":[],"meta":{},"tags":[]},{"ancestorTitles":["chatStore skills"],"fullName":"chatStore skills does not plan against an unresolved persisted session id","status":"passed","title":"does not plan against an unresolved persisted session id","duration":1.983427000000006,"failureMessages":[],"meta":{},"tags":[]},{"ancestorTitles":["chatStore skills"],"fullName":"chatStore skills does not plan while a function approval is pending","status":"passed","title":"does not plan while a function approval is pending","duration":2.82520999999997,"failureMessages":[],"meta":{},"tags":[]},{"ancestorTitles":["chatStore skills"],"fullName":"chatStore skills does not plan while function approval authority is unknown","status":"passed","title":"does not plan while function approval authority is unknown","duration":4.344335999999998,"failureMessages":[],"meta":{},"tags":[]},{"ancestorTitles":["chatStore skills"],"fullName":"chatStore skills does not upload against an unresolved persisted session id","status":"passed","title":"does not upload against an unresolved persisted session id","duration":2.1189729999999827,"failureMessages":[],"meta":{},"tags":[]},{"ancestorTitles":["chatStore skills"],"fullName":"chatStore skills blocks session transitions and planning while an upload is in flight","status":"passed","title":"blocks session transitions and planning while an upload is in flight","duration":12.657000000000039,"failureMessages":[],"meta":{},"tags":[]},{"ancestorTitles":["chatStore skills"],"fullName":"chatStore skills blocks session transitions while an agent task mutation is in flight","status":"passed","title":"blocks session transitions while an agent task mutation is in flight","duration":2.4531580000000304,"failureMessages":[],"meta":{},"tags":[]},{"ancestorTitles":["chatStore skills"],"fullName":"chatStore skills omits skill code in auto mode so the backend can route it","status":"passed","title":"omits skill code in auto mode so the backend can route it","duration":6.215332999999987,"failureMessages":[],"meta":{},"tags":[]},{"ancestorTitles":["chatStore skills"],"fullName":"chatStore skills sends the selected skill code when planning an agent task","status":"passed","title":"sends the selected skill code when planning an agent task","duration":3.0361990000000105,"failureMessages":[],"meta":{},"tags":[]},{"ancestorTitles":["chatStore skills"],"fullName":"chatStore skills adds plan mode goal and PlanDraft reply to the conversation flow","status":"passed","title":"adds plan mode goal and PlanDraft reply to the conversation flow","duration":3.6140120000000024,"failureMessages":[],"meta":{},"tags":[]},{"ancestorTitles":["chatStore skills"],"fullName":"chatStore skills sends the selected knowledge base only for skills that allow knowledge retrieval","status":"passed","title":"sends the selected knowledge base only for skills that allow knowledge retrieval","duration":3.5591889999999466,"failureMessages":[],"meta":{},"tags":[]},{"ancestorTitles":["chatStore skills"],"fullName":"chatStore skills sends selected plugin tools as a planner preference without leaving auto skill mode","status":"passed","title":"sends selected plugin tools as a planner preference without leaving auto skill mode","duration":3.1871770000000197,"failureMessages":[],"meta":{},"tags":[]},{"ancestorTitles":["chatStore skills"],"fullName":"chatStore skills treats a tool catalog response without tools as an empty catalog","status":"passed","title":"treats a tool catalog response without tools as an empty catalog","duration":2.4071380000000318,"failureMessages":[],"meta":{},"tags":[]},{"ancestorTitles":["chatStore skills"],"fullName":"chatStore skills approves a pending plan approval before running the task","status":"passed","title":"approves a pending plan approval before running the task","duration":2.415980999999988,"failureMessages":[],"meta":{},"tags":[]},{"ancestorTitles":["chatStore skills"],"fullName":"chatStore skills keeps the approved plan state visible when run fails after approval","status":"passed","title":"keeps the approved plan state visible when run fails after approval","duration":2.3013989999999467,"failureMessages":[],"meta":{},"tags":[]},{"ancestorTitles":["chatStore skills"],"fullName":"chatStore skills blocks a repeated agent approval when its committed outcome cannot be reconciled","status":"passed","title":"blocks a repeated agent approval when its committed outcome cannot be reconciled","duration":3.8976299999999355,"failureMessages":[],"meta":{},"tags":[]},{"ancestorTitles":["chatStore skills"],"fullName":"chatStore skills does not repeat plan approval after approval ACK and failed task reconciliation","status":"passed","title":"does not repeat plan approval after approval ACK and failed task reconciliation","duration":3.0493079999999964,"failureMessages":[],"meta":{},"tags":[]},{"ancestorTitles":["chatStore skills"],"fullName":"chatStore skills uses the retry endpoint for failed tasks","status":"passed","title":"uses the retry endpoint for failed tasks","duration":1.9814039999999977,"failureMessages":[],"meta":{},"tags":[]},{"ancestorTitles":["chatStore skills"],"fullName":"chatStore skills blocks stale task, approval, workspace, and artifact identifiers from another session","status":"passed","title":"blocks stale task, approval, workspace, and artifact identifiers from another session","duration":2.583385000000021,"failureMessages":[],"meta":{},"tags":[]},{"ancestorTitles":["chatStore skills"],"fullName":"chatStore skills requires both caller and canonical agent approval state to remain pending","status":"passed","title":"requires both caller and canonical agent approval state to remain pending","duration":1.8076019999999744,"failureMessages":[],"meta":{},"tags":[]},{"ancestorTitles":["chatStore skills"],"fullName":"chatStore skills downloads artifacts only through the backend supplied download URL","status":"passed","title":"downloads artifacts only through the backend supplied download URL","duration":2.6424840000000813,"failureMessages":[],"meta":{},"tags":[]},{"ancestorTitles":["chatStore skills"],"fullName":"chatStore skills resolves artifact metadata from the trusted workspace instead of caller input","status":"passed","title":"resolves artifact metadata from the trusted workspace instead of caller input","duration":2.013382999999976,"failureMessages":[],"meta":{},"tags":[]},{"ancestorTitles":["chatStore skills"],"fullName":"chatStore skills rejects session identifiers outside the loaded roster before issuing requests","status":"passed","title":"rejects session identifiers outside the loaded roster before issuing requests","duration":2.18304999999998,"failureMessages":[],"meta":{},"tags":[]},{"ancestorTitles":["chatStore skills"],"fullName":"chatStore skills does not fabricate an artifact download path when the backend omits it","status":"passed","title":"does not fabricate an artifact download path when the backend omits it","duration":1.6583560000000261,"failureMessages":[],"meta":{},"tags":[]},{"ancestorTitles":["chatStore skills"],"fullName":"chatStore skills shows artifact preview load failures in the current session error","status":"passed","title":"shows artifact preview load failures in the current session error","duration":3.1509420000001,"failureMessages":[],"meta":{},"tags":[]},{"ancestorTitles":["chatStore skills"],"fullName":"chatStore skills shows artifact download failures in the current session error","status":"passed","title":"shows artifact download failures in the current session error","duration":1.4071569999999838,"failureMessages":[],"meta":{},"tags":[]},{"ancestorTitles":["chatStore skills"],"fullName":"chatStore skills shows attachment upload failures in the current session error","status":"passed","title":"shows attachment upload failures in the current session error","duration":6.666615999999976,"failureMessages":[],"meta":{},"tags":[]}],"startTime":1784273196470,"endTime":1784273196681.6665,"status":"passed","message":"","name":"/home/runner/work/AICopilot/AICopilot/src/vues/AICopilot.Web/tests/unit/chatStoreSkills.spec.ts"},{"assertionResults":[{"ancestorTitles":["chatStore timeline"],"fullName":"chatStore timeline loads session timeline events through the chat service","status":"passed","title":"loads session timeline events through the chat service","duration":15.452182999999991,"failureMessages":[],"meta":{},"tags":[]},{"ancestorTitles":["chatStore timeline"],"fullName":"chatStore timeline reloads the authoritative session timeline after an agent approval decision","status":"passed","title":"reloads the authoritative session timeline after an agent approval decision","duration":5.157345000000021,"failureMessages":[],"meta":{},"tags":[]},{"ancestorTitles":["chatStore timeline"],"fullName":"chatStore timeline rejects audit projection requests for a task outside the current session","status":"passed","title":"rejects audit projection requests for a task outside the current session","duration":2.6048470000000066,"failureMessages":[],"meta":{},"tags":[]},{"ancestorTitles":["chatStore timeline"],"fullName":"chatStore timeline requests older chat history with the previous sequence cursor and prepends it","status":"passed","title":"requests older chat history with the previous sequence cursor and prepends it","duration":7.346322999999984,"failureMessages":[],"meta":{},"tags":[]},{"ancestorTitles":["chatStore timeline"],"fullName":"chatStore timeline clears timeline events when the timeline endpoint fails","status":"passed","title":"clears timeline events when the timeline endpoint fails","duration":9.220235000000002,"failureMessages":[],"meta":{},"tags":[]},{"ancestorTitles":["chatStore timeline"],"fullName":"chatStore timeline refreshes the current agent task snapshot and timeline for runtime polling","status":"passed","title":"refreshes the current agent task snapshot and timeline for runtime polling","duration":3.899133000000006,"failureMessages":[],"meta":{},"tags":[]},{"ancestorTitles":["chatStore timeline"],"fullName":"chatStore timeline does not show an older task workspace on the latest task run block","status":"passed","title":"does not show an older task workspace on the latest task run block","duration":2.8853409999999826,"failureMessages":[],"meta":{},"tags":[]}],"startTime":1784273196826,"endTime":1784273196872.8853,"status":"passed","message":"","name":"/home/runner/work/AICopilot/AICopilot/src/vues/AICopilot.Web/tests/unit/chatStoreTimeline.spec.ts"},{"assertionResults":[{"ancestorTitles":["chunkReducer"],"fullName":"chunkReducer merges adjacent text chunks from the same source","status":"passed","title":"merges adjacent text chunks from the same source","duration":5.338479000000007,"failureMessages":[],"meta":{},"tags":[]},{"ancestorTitles":["chunkReducer"],"fullName":"chunkReducer matches function results back to the original function call","status":"passed","title":"matches function results back to the original function call","duration":0.5169409999999743,"failureMessages":[],"meta":{},"tags":[]},{"ancestorTitles":["chunkReducer"],"fullName":"chunkReducer updates assistant model metadata without adding a visible chunk","status":"passed","title":"updates assistant model metadata without adding a visible chunk","duration":0.8675610000000233,"failureMessages":[],"meta":{},"tags":[]},{"ancestorTitles":["chunkReducer"],"fullName":"chunkReducer adds approval requests as pending chunks and notifies approval state","status":"passed","title":"adds approval requests as pending chunks and notifies approval state","duration":1.6577859999999873,"failureMessages":[],"meta":{},"tags":[]},{"ancestorTitles":["chunkReducer"],"fullName":"chunkReducer routes agent task chunks to the task callback without adding visible chunks","status":"passed","title":"routes agent task chunks to the task callback without adding visible chunks","duration":2.2097689999999375,"failureMessages":[],"meta":{},"tags":[]},{"ancestorTitles":["chunkReducer"],"fullName":"chunkReducer stores agent event chunks as structured runtime details","status":"passed","title":"stores agent event chunks as structured runtime details","duration":1.3669059999999718,"failureMessages":[],"meta":{},"tags":[]},{"ancestorTitles":["chunkReducer"],"fullName":"chunkReducer promotes failed plan draft agent events into session errors","status":"passed","title":"promotes failed plan draft agent events into session errors","duration":0.6965420000000222,"failureMessages":[],"meta":{},"tags":[]},{"ancestorTitles":["chunkReducer"],"fullName":"chunkReducer uses a safe fallback for unknown plan draft failures","status":"passed","title":"uses a safe fallback for unknown plan draft failures","duration":0.5057350000000724,"failureMessages":[],"meta":{},"tags":[]},{"ancestorTitles":["chunkReducer"],"fullName":"chunkReducer strips model thinking tags from visible text chunks","status":"passed","title":"strips model thinking tags from visible text chunks","duration":1.7430539999999155,"failureMessages":[],"meta":{},"tags":[]},{"ancestorTitles":["chunkReducer"],"fullName":"chunkReducer reports invalid agent task chunks as session errors","status":"passed","title":"reports invalid agent task chunks as session errors","duration":9.547028999999952,"failureMessages":[],"meta":{},"tags":[]},{"ancestorTitles":["chunkReducer"],"fullName":"chunkReducer extracts structured error codes","status":"passed","title":"extracts structured error codes","duration":0.9914290000000392,"failureMessages":[],"meta":{},"tags":[]},{"ancestorTitles":["chunkReducer"],"fullName":"chunkReducer shows backend user-facing message from error chunks","status":"passed","title":"shows backend user-facing message from error chunks","duration":0.48408100000006016,"failureMessages":[],"meta":{},"tags":[]},{"ancestorTitles":["chunkReducer"],"fullName":"chunkReducer does not render raw error detail as visible text","status":"passed","title":"does not render raw error detail as visible text","duration":0.3798140000000103,"failureMessages":[],"meta":{},"tags":[]}],"startTime":1784273196408,"endTime":1784273196434.4841,"status":"passed","message":"","name":"/home/runner/work/AICopilot/AICopilot/src/vues/AICopilot.Web/tests/unit/chunkReducer.spec.ts"},{"assertionResults":[{"ancestorTitles":["chunkReloadGuard"],"fullName":"chunkReloadGuard identifies dynamic import and stale chunk failures","status":"passed","title":"identifies dynamic import and stale chunk failures","duration":3.2473579999999913,"failureMessages":[],"meta":{},"tags":[]},{"ancestorTitles":["chunkReloadGuard"],"fullName":"chunkReloadGuard reloads once for a stale chunk failure","status":"passed","title":"reloads once for a stale chunk failure","duration":1.7144409999999937,"failureMessages":[],"meta":{},"tags":[]},{"ancestorTitles":["chunkReloadGuard"],"fullName":"chunkReloadGuard clears the reload marker after a successful navigation","status":"passed","title":"clears the reload marker after a successful navigation","duration":0.9279730000000086,"failureMessages":[],"meta":{},"tags":[]}],"startTime":1784273198645,"endTime":1784273198651.928,"status":"passed","message":"","name":"/home/runner/work/AICopilot/AICopilot/src/vues/AICopilot.Web/tests/unit/chunkReloadGuard.spec.ts"},{"assertionResults":[{"ancestorTitles":["composer resolved-session transitions"],"fullName":"composer resolved-session transitions returns false when 'the session list is still unresolved'","status":"passed","title":"returns false when 'the session list is still unresolved'","duration":2.2121720000000096,"failureMessages":[],"meta":{},"tags":[]},{"ancestorTitles":["composer resolved-session transitions"],"fullName":"composer resolved-session transitions returns false when 'the initial session is hydrating'","status":"passed","title":"returns false when 'the initial session is hydrating'","duration":0.3418559999999786,"failureMessages":[],"meta":{},"tags":[]},{"ancestorTitles":["composer resolved-session transitions"],"fullName":"composer resolved-session transitions returns false when 'the active session is refreshing'","status":"passed","title":"returns false when 'the active session is refreshing'","duration":0.1966070000000002,"failureMessages":[],"meta":{},"tags":[]},{"ancestorTitles":["composer resolved-session transitions"],"fullName":"composer resolved-session transitions returns true when 'the user switched sessions'","status":"passed","title":"returns true when 'the user switched sessions'","duration":0.23585599999998408,"failureMessages":[],"meta":{},"tags":[]},{"ancestorTitles":["composer resolved-session transitions"],"fullName":"composer resolved-session transitions returns false when 'the transition has not committed'","status":"passed","title":"returns false when 'the transition has not committed'","duration":0.19074799999998504,"failureMessages":[],"meta":{},"tags":[]}],"startTime":1784273199187,"endTime":1784273199190.2358,"status":"passed","message":"","name":"/home/runner/work/AICopilot/AICopilot/src/vues/AICopilot.Web/tests/unit/composerSession.spec.ts"},{"assertionResults":[{"ancestorTitles":["configStore facade"],"fullName":"configStore facade keeps the public config action surface while delegating to domain stores","status":"passed","title":"keeps the public config action surface while delegating to domain stores","duration":6.848019999999963,"failureMessages":[],"meta":{},"tags":[]},{"ancestorTitles":["configStore facade"],"fullName":"configStore facade preserves language model payload trimming through the facade","status":"passed","title":"preserves language model payload trimming through the facade","duration":4.85261399999996,"failureMessages":[],"meta":{},"tags":[]},{"ancestorTitles":["configStore facade"],"fullName":"configStore facade refreshes only fixed agent slot domains","status":"passed","title":"refreshes only fixed agent slot domains","duration":2.4902230000000145,"failureMessages":[],"meta":{},"tags":[]}],"startTime":1784273198441,"endTime":1784273198455.4902,"status":"passed","message":"","name":"/home/runner/work/AICopilot/AICopilot/src/vues/AICopilot.Web/tests/unit/configStoreFacade.spec.ts"},{"assertionResults":[{"ancestorTitles":["deviceLogAnswerSections"],"fullName":"deviceLogAnswerSections parses DeviceLog final answer sections into the fixed product order","status":"passed","title":"parses DeviceLog final answer sections into the fixed product order","duration":5.041649000000007,"failureMessages":[],"meta":{},"tags":[]},{"ancestorTitles":["deviceLogAnswerSections"],"fullName":"deviceLogAnswerSections supports markdown heading variants and root cause aliases","status":"passed","title":"supports markdown heading variants and root cause aliases","duration":1.7959040000000073,"failureMessages":[],"meta":{},"tags":[]},{"ancestorTitles":["deviceLogAnswerSections"],"fullName":"deviceLogAnswerSections does not restructure ordinary answers with only a conclusion line","status":"passed","title":"does not restructure ordinary answers with only a conclusion line","duration":0.6372339999999781,"failureMessages":[],"meta":{},"tags":[]}],"startTime":1784273198609,"endTime":1784273198616.6372,"status":"passed","message":"","name":"/home/runner/work/AICopilot/AICopilot/src/vues/AICopilot.Web/tests/unit/deviceLogAnswerSections.spec.ts"},{"assertionResults":[{"ancestorTitles":["frontend lint contract"],"fullName":"frontend lint contract rejects bare catch clauses in TypeScript and Vue while accepting named catches","status":"passed","title":"rejects bare catch clauses in TypeScript and Vue while accepting named catches","duration":1025.013754,"failureMessages":[],"meta":{},"tags":[]}],"startTime":1784273199002,"endTime":1784273200027.0137,"status":"passed","message":"","name":"/home/runner/work/AICopilot/AICopilot/src/vues/AICopilot.Web/tests/unit/frontendLintContract.spec.ts"},{"assertionResults":[{"ancestorTitles":["knowledgeLabels"],"fullName":"knowledgeLabels maps string document statuses to Chinese labels and tag types","status":"passed","title":"maps string document statuses to Chinese labels and tag types","duration":3.0885880000000157,"failureMessages":[],"meta":{},"tags":[]},{"ancestorTitles":["knowledgeLabels"],"fullName":"knowledgeLabels maps numeric document statuses from default enum serialization","status":"passed","title":"maps numeric document statuses from default enum serialization","duration":0.7640249999999753,"failureMessages":[],"meta":{},"tags":[]},{"ancestorTitles":["knowledgeLabels"],"fullName":"knowledgeLabels maps document governance classification labels and tag types","status":"passed","title":"maps document governance classification labels and tag types","duration":0.8044060000000002,"failureMessages":[],"meta":{},"tags":[]},{"ancestorTitles":["knowledgeLabels"],"fullName":"knowledgeLabels maps document source type strings and numbers","status":"passed","title":"maps document source type strings and numbers","duration":0.6509939999999972,"failureMessages":[],"meta":{},"tags":[]}],"startTime":1784273198217,"endTime":1784273198222.651,"status":"passed","message":"","name":"/home/runner/work/AICopilot/AICopilot/src/vues/AICopilot.Web/tests/unit/knowledgeLabels.spec.ts"},{"assertionResults":[{"ancestorTitles":["messageStore"],"fullName":"messageStore restores persisted model snapshot data from chat history","status":"passed","title":"restores persisted model snapshot data from chat history","duration":6.6460950000000025,"failureMessages":[],"meta":{},"tags":[]},{"ancestorTitles":["messageStore"],"fullName":"messageStore marks assistant history without snapshot metadata as unknown model","status":"passed","title":"marks assistant history without snapshot metadata as unknown model","duration":1.397090999999989,"failureMessages":[],"meta":{},"tags":[]},{"ancestorTitles":["messageStore"],"fullName":"messageStore restores stable render chunks from chat history without replaying runtime details","status":"passed","title":"restores stable render chunks from chat history without replaying runtime details","duration":1.3445219999999836,"failureMessages":[],"meta":{},"tags":[]},{"ancestorTitles":["messageStore"],"fullName":"messageStore prepends older history without duplicating existing messages","status":"passed","title":"prepends older history without duplicating existing messages","duration":1.5059159999999565,"failureMessages":[],"meta":{},"tags":[]}],"startTime":1784273196995,"endTime":1784273197005.5059,"status":"passed","message":"","name":"/home/runner/work/AICopilot/AICopilot/src/vues/AICopilot.Web/tests/unit/messageStore.spec.ts"},{"assertionResults":[{"ancestorTitles":["ragStore facade"],"fullName":"ragStore facade keeps the public RAG action surface while delegating to domain stores","status":"passed","title":"keeps the public RAG action surface while delegating to domain stores","duration":7.627808000000016,"failureMessages":[],"meta":{},"tags":[]},{"ancestorTitles":["ragStore facade"],"fullName":"ragStore facade preserves knowledge base selection when refreshed list still contains it","status":"passed","title":"preserves knowledge base selection when refreshed list still contains it","duration":2.1548870000000306,"failureMessages":[],"meta":{},"tags":[]},{"ancestorTitles":["ragStore facade"],"fullName":"ragStore facade clears search state and refreshes documents when selecting a knowledge base","status":"passed","title":"clears search state and refreshes documents when selecting a knowledge base","duration":3.035848000000044,"failureMessages":[],"meta":{},"tags":[]},{"ancestorTitles":["ragStore facade"],"fullName":"ragStore facade keeps upload/delete/governance behavior behind the facade","status":"passed","title":"keeps upload/delete/governance behavior behind the facade","duration":4.642496999999992,"failureMessages":[],"meta":{},"tags":[]}],"startTime":1784273197627,"endTime":1784273197644.6426,"status":"passed","message":"","name":"/home/runner/work/AICopilot/AICopilot/src/vues/AICopilot.Web/tests/unit/ragStoreFacade.spec.ts"},{"assertionResults":[{"ancestorTitles":["runtimeDetails"],"fullName":"runtimeDetails builds folded runtime facts from assistant chunks and run status","status":"passed","title":"builds folded runtime facts from assistant chunks and run status","duration":285.445468,"failureMessages":[],"meta":{},"tags":[]},{"ancestorTitles":["runtimeDetails"],"fullName":"runtimeDetails redacts unsafe tool arguments and raw result content","status":"passed","title":"redacts unsafe tool arguments and raw result content","duration":1.1779099999999971,"failureMessages":[],"meta":{},"tags":[]},{"ancestorTitles":["runtimeDetails"],"fullName":"runtimeDetails redacts unsafe run status summary and error text","status":"passed","title":"redacts unsafe run status summary and error text","duration":1.1199430000000348,"failureMessages":[],"meta":{},"tags":[]},{"ancestorTitles":["runtimeDetails"],"fullName":"runtimeDetails keeps unstructured parameters and results folded without raw text","status":"passed","title":"keeps unstructured parameters and results folded without raw text","duration":11.10263000000009,"failureMessages":[],"meta":{},"tags":[]},{"ancestorTitles":["runtimeDetails"],"fullName":"runtimeDetails does not build runtime details for user messages","status":"passed","title":"does not build runtime details for user messages","duration":0.6901530000000093,"failureMessages":[],"meta":{},"tags":[]}],"startTime":1784273196939,"endTime":1784273197239.6902,"status":"passed","message":"","name":"/home/runner/work/AICopilot/AICopilot/src/vues/AICopilot.Web/tests/unit/runtimeDetails.spec.ts"},{"assertionResults":[{"ancestorTitles":["sessionScopedState"],"fullName":"sessionScopedState resets every session-scoped field through one entry point","status":"passed","title":"resets every session-scoped field through one entry point","duration":3.0293179999999893,"failureMessages":[],"meta":{},"tags":[]}],"startTime":1784273198970,"endTime":1784273198973.0293,"status":"passed","message":"","name":"/home/runner/work/AICopilot/AICopilot/src/vues/AICopilot.Web/tests/unit/sessionScopedState.spec.ts"},{"assertionResults":[{"ancestorTitles":["skill display descriptions"],"fullName":"skill display descriptions uses product-facing Chinese summaries for built-in skills","status":"passed","title":"uses product-facing Chinese summaries for built-in skills","duration":2.630946999999992,"failureMessages":[],"meta":{},"tags":[]},{"ancestorTitles":["skill display descriptions"],"fullName":"skill display descriptions does not expose raw backend descriptions for unknown skills","status":"passed","title":"does not expose raw backend descriptions for unknown skills","duration":0.4369400000000212,"failureMessages":[],"meta":{},"tags":[]}],"startTime":1784273198951,"endTime":1784273198953.6309,"status":"passed","message":"","name":"/home/runner/work/AICopilot/AICopilot/src/vues/AICopilot.Web/tests/unit/skillDisplay.spec.ts"},{"assertionResults":[{"ancestorTitles":["uiLayoutStore"],"fullName":"uiLayoutStore falls back to plan when old trial tab is restored from session storage","status":"passed","title":"falls back to plan when old trial tab is restored from session storage","duration":3.4419410000000425,"failureMessages":[],"meta":{},"tags":[]}],"startTime":1784273199268,"endTime":1784273199271.442,"status":"passed","message":"","name":"/home/runner/work/AICopilot/AICopilot/src/vues/AICopilot.Web/tests/unit/uiLayoutStore.spec.ts"},{"assertionResults":[{"ancestorTitles":["useDialogCrud"],"fullName":"useDialogCrud runs create, edit, save, delete lifecycle and refresh callbacks","status":"passed","title":"runs create, edit, save, delete lifecycle and refresh callbacks","duration":8.141504999999995,"failureMessages":[],"meta":{},"tags":[]},{"ancestorTitles":["useDialogCrud"],"fullName":"useDialogCrud records detail loading failures and clears loading state","status":"passed","title":"records detail loading failures and clears loading state","duration":2.730367000000001,"failureMessages":[],"meta":{},"tags":[]},{"ancestorTitles":["useDialogCrud"],"fullName":"useDialogCrud records save failures and clears submitting state","status":"passed","title":"records save failures and clears submitting state","duration":0.796875,"failureMessages":[],"meta":{},"tags":[]},{"ancestorTitles":["useDialogCrud"],"fullName":"useDialogCrud records delete failures without closing dialogs","status":"passed","title":"records delete failures without closing dialogs","duration":3.077900999999997,"failureMessages":[],"meta":{},"tags":[]}],"startTime":1784273197558,"endTime":1784273197573.078,"status":"passed","message":"","name":"/home/runner/work/AICopilot/AICopilot/src/vues/AICopilot.Web/tests/unit/useDialogCrud.spec.ts"},{"assertionResults":[{"ancestorTitles":["widgetNormalizer"],"fullName":"widgetNormalizer normalizes backend chart widgets with widget_type and PascalCase fields","status":"passed","title":"normalizes backend chart widgets with widget_type and PascalCase fields","duration":4.262673000000007,"failureMessages":[],"meta":{},"tags":[]},{"ancestorTitles":["widgetNormalizer"],"fullName":"widgetNormalizer normalizes backend data table widgets with PascalCase columns and rows","status":"passed","title":"normalizes backend data table widgets with PascalCase columns and rows","duration":0.8053270000000055,"failureMessages":[],"meta":{},"tags":[]},{"ancestorTitles":["widgetNormalizer"],"fullName":"widgetNormalizer normalizes legacy visual decision table payloads with raw array data","status":"passed","title":"normalizes legacy visual decision table payloads with raw array data","duration":0.6256759999999986,"failureMessages":[],"meta":{},"tags":[]}],"startTime":1784273198426,"endTime":1784273198431.8054,"status":"passed","message":"","name":"/home/runner/work/AICopilot/AICopilot/src/vues/AICopilot.Web/tests/unit/widgetNormalizer.spec.ts"},{"assertionResults":[{"ancestorTitles":["widgetPayloadParser"],"fullName":"widgetPayloadParser uses explicit widget data when the visual decision payload includes data","status":"passed","title":"uses explicit widget data when the visual decision payload includes data","duration":3.9021780000000206,"failureMessages":[],"meta":{},"tags":[]},{"ancestorTitles":["widgetPayloadParser"],"fullName":"widgetPayloadParser falls back to the latest completed function result when widget data is missing","status":"passed","title":"falls back to the latest completed function result when widget data is missing","duration":0.7039439999999786,"failureMessages":[],"meta":{},"tags":[]},{"ancestorTitles":["widgetPayloadParser"],"fullName":"widgetPayloadParser ignores non-text chunks","status":"passed","title":"ignores non-text chunks","duration":0.6770629999999755,"failureMessages":[],"meta":{},"tags":[]}],"startTime":1784273198690,"endTime":1784273198695.677,"status":"passed","message":"","name":"/home/runner/work/AICopilot/AICopilot/src/vues/AICopilot.Web/tests/unit/widgetPayloadParser.spec.ts"}]}