<?xml version="1.0" encoding="utf-8"?>
<TestRun id="8d631190-7579-4f04-9be2-b84b69afa624" name="@xiaoshu 2026-07-17 15:57:23" xmlns="http://microsoft.com/schemas/VisualStudio/TeamTest/2010">
  <Times creation="2026-07-17T15:57:23.5486680+08:00" queuing="2026-07-17T15:57:23.5486680+08:00" start="2026-07-17T15:57:22.0666070+08:00" finish="2026-07-17T15:57:23.9440070+08:00" />
  <TestSettings name="default" id="9c51448a-7a9e-40ca-8f73-045ae1fa325e">
    <Deployment runDeploymentRoot="_xiaoshu_2026-07-17_15_57_23" />
  </TestSettings>
  <Results>
    <UnitTestResult executionId="7fdbc691-f469-470f-9b94-24e61d8f7d74" testId="277b401e-26fc-53bd-e003-234a8de50a40" testName="IIoT.Edge.Cloud.ContractTests.CloudHttpClientBehaviorTests.PostAsync_WhenProtectedRequestHasToken_ShouldAttachBearerHeader" computerName="xiaoshu" duration="00:00:00.0003213" startTime="2026-07-17T15:57:23.2711580+08:00" endTime="2026-07-17T15:57:23.2714870+08:00" testType="13cdc9d9-ddb5-4fa4-a97d-d965ccfc6d4b" outcome="Passed" testListId="8c84fa94-04c1-424b-9868-57a2d4851a1d" relativeResultsDirectory="7fdbc691-f469-470f-9b94-24e61d8f7d74" />
    <UnitTestResult executionId="05e18756-0223-4e58-bedd-9c533c0a7628" testId="a8e60c05-0d01-cc1f-e220-7f4a0b950cb2" testName="IIoT.Edge.Cloud.ContractTests.LocalParameterConfigBehaviorTests.ParamViewCrudService_LoadAsync_ShouldHideSensitiveFieldsAndPutSystemCloudEnableFirst" computerName="xiaoshu" duration="00:00:00.0044793" startTime="2026-07-17T15:57:23.2938790+08:00" endTime="2026-07-17T15:57:23.2983690+08:00" testType="13cdc9d9-ddb5-4fa4-a97d-d965ccfc6d4b" outcome="Passed" testListId="8c84fa94-04c1-424b-9868-57a2d4851a1d" relativeResultsDirectory="05e18756-0223-4e58-bedd-9c533c0a7628" />
    <UnitTestResult executionId="c6203b4c-d84f-4ba2-a4ab-168a44ad9785" testId="81c86acc-033d-856e-9694-1b4c6319018e" testName="IIoT.Edge.Cloud.ContractTests.AuthServiceBehaviorTests.LoginLocalAsync_WhenHashIsMissing_ShouldFail" computerName="xiaoshu" duration="00:00:00.0004960" startTime="2026-07-17T15:57:23.4433510+08:00" endTime="2026-07-17T15:57:23.4438640+08:00" testType="13cdc9d9-ddb5-4fa4-a97d-d965ccfc6d4b" outcome="Passed" testListId="8c84fa94-04c1-424b-9868-57a2d4851a1d" relativeResultsDirectory="c6203b4c-d84f-4ba2-a4ab-168a44ad9785" />
    <UnitTestResult executionId="6ecaf321-9c52-49c0-96b1-5b998eec27b0" testId="1b54c032-c554-43b3-cf82-d6d77e6b64f0" testName="IIoT.Edge.Cloud.ContractTests.CloudHttpClientBehaviorTests.GetAsync_WhenProtectedRequestReturns401AfterRetry_ShouldReturnUnauthorizedAfterRetry" computerName="xiaoshu" duration="00:00:00.0007242" startTime="2026-07-17T15:57:23.2470830+08:00" endTime="2026-07-17T15:57:23.2478230+08:00" testType="13cdc9d9-ddb5-4fa4-a97d-d965ccfc6d4b" outcome="Passed" testListId="8c84fa94-04c1-424b-9868-57a2d4851a1d" relativeResultsDirectory="6ecaf321-9c52-49c0-96b1-5b998eec27b0" />
    <UnitTestResult executionId="c37c7ac7-e0f7-466b-aa6a-efe9ec2d9eaf" testId="790044ba-525f-b07b-3ff8-9d644cdfebc6" testName="IIoT.Edge.Cloud.ContractTests.CapacityCloudQueryServiceBehaviorTests.QueryByMonth_WhenPayloadViolatesCurrentRangeContract_ShouldReturnInvalidPayload(payload: &quot;{}&quot;)" computerName="xiaoshu" duration="00:00:00.0000474" startTime="2026-07-17T15:57:23.2071060+08:00" endTime="2026-07-17T15:57:23.2071710+08:00" testType="13cdc9d9-ddb5-4fa4-a97d-d965ccfc6d4b" outcome="Passed" testListId="8c84fa94-04c1-424b-9868-57a2d4851a1d" relativeResultsDirectory="c37c7ac7-e0f7-466b-aa6a-efe9ec2d9eaf" />
    <UnitTestResult executionId="595679b5-fb20-4589-bce2-bc01eb2d6bd7" testId="e3b839c2-e03a-d3d3-366d-bdc7445c33b9" testName="IIoT.Edge.Cloud.ContractTests.AuthServiceBehaviorTests.InitializeLocalAdminAsync_WhenHashIsMissing_ShouldPersistPbkdf2AndCreateSession" computerName="xiaoshu" duration="00:00:00.0299918" startTime="2026-07-17T15:57:23.5070790+08:00" endTime="2026-07-17T15:57:23.5370910+08:00" testType="13cdc9d9-ddb5-4fa4-a97d-d965ccfc6d4b" outcome="Passed" testListId="8c84fa94-04c1-424b-9868-57a2d4851a1d" relativeResultsDirectory="595679b5-fb20-4589-bce2-bc01eb2d6bd7" />
    <UnitTestResult executionId="32cb834e-8187-4daa-9757-b470d3fbf95b" testId="affef2d3-c10d-4cb5-6530-2f3b045ba748" testName="IIoT.Edge.Cloud.ContractTests.AuthServiceBehaviorTests.IsAuthenticated_WhenCloudRefreshTokenIsExpired_ShouldClearSession" computerName="xiaoshu" duration="00:00:00.0006405" startTime="2026-07-17T15:57:23.4755990+08:00" endTime="2026-07-17T15:57:23.4762530+08:00" testType="13cdc9d9-ddb5-4fa4-a97d-d965ccfc6d4b" outcome="Passed" testListId="8c84fa94-04c1-424b-9868-57a2d4851a1d" relativeResultsDirectory="32cb834e-8187-4daa-9757-b470d3fbf95b" />
    <UnitTestResult executionId="98784433-aebb-4795-97e5-78f0cbb6886d" testId="111d06c9-4cd4-6cba-3173-fdf023268314" testName="IIoT.Edge.Cloud.ContractTests.CloudHttpClientBehaviorTests.PostAsync_WhenRequestTargetsEdgeLogin_ShouldNotAttachBearerHeader" computerName="xiaoshu" duration="00:00:00.0005835" startTime="2026-07-17T15:57:23.2652650+08:00" endTime="2026-07-17T15:57:23.2658570+08:00" testType="13cdc9d9-ddb5-4fa4-a97d-d965ccfc6d4b" outcome="Passed" testListId="8c84fa94-04c1-424b-9868-57a2d4851a1d" relativeResultsDirectory="98784433-aebb-4795-97e5-78f0cbb6886d" />
    <UnitTestResult executionId="618ec895-88ec-4347-9e25-516722192e2e" testId="35ceaad4-c06f-bab3-a82c-ee546a81b4b2" testName="IIoT.Edge.Cloud.ContractTests.CapacityCloudQueryServiceBehaviorTests.QueryByMonth_WhenPayloadViolatesCurrentRangeContract_ShouldReturnInvalidPayload(payload: &quot;null&quot;)" computerName="xiaoshu" duration="00:00:00.0000694" startTime="2026-07-17T15:57:23.2074560+08:00" endTime="2026-07-17T15:57:23.2075430+08:00" testType="13cdc9d9-ddb5-4fa4-a97d-d965ccfc6d4b" outcome="Passed" testListId="8c84fa94-04c1-424b-9868-57a2d4851a1d" relativeResultsDirectory="618ec895-88ec-4347-9e25-516722192e2e" />
    <UnitTestResult executionId="352110ce-f86a-441a-ad22-a2ced8083f2f" testId="efcbbb2e-4729-1484-a77d-36bee6cfc758" testName="IIoT.Edge.Cloud.ContractTests.CapacityCloudQueryServiceBehaviorTests.QueryByProductionDay_WhenHourlyJsonIsMalformed_ShouldReturnInvalidPayloadWithoutFallback" computerName="xiaoshu" duration="00:00:00.0034937" startTime="2026-07-17T15:57:23.2119730+08:00" endTime="2026-07-17T15:57:23.2154890+08:00" testType="13cdc9d9-ddb5-4fa4-a97d-d965ccfc6d4b" outcome="Passed" testListId="8c84fa94-04c1-424b-9868-57a2d4851a1d" relativeResultsDirectory="352110ce-f86a-441a-ad22-a2ced8083f2f" />
    <UnitTestResult executionId="677321bc-886e-4d93-9b2b-c15696b7c082" testId="9ae6b8dd-deef-d3eb-7990-67c38bb2060b" testName="IIoT.Edge.Cloud.ContractTests.CloudHttpClientBehaviorTests.GetAsync_WhenBootstrapRefreshIsCanceled_ShouldAbortBeforeHttpSend" computerName="xiaoshu" duration="00:00:00.0052093" startTime="2026-07-17T15:57:23.2556880+08:00" endTime="2026-07-17T15:57:23.2616490+08:00" testType="13cdc9d9-ddb5-4fa4-a97d-d965ccfc6d4b" outcome="Passed" testListId="8c84fa94-04c1-424b-9868-57a2d4851a1d" relativeResultsDirectory="677321bc-886e-4d93-9b2b-c15696b7c082" />
    <UnitTestResult executionId="a5264674-f8d3-49ee-b98c-7b63100adbdf" testId="fbab64ee-7127-9589-fc61-e4bbea84aace" testName="IIoT.Edge.Cloud.ContractTests.StandardPassStationCloudUploaderContractTests.UploadAsync_WhenBarcodeExceedsProviderLimit_ShouldRejectWholeBatchBeforeHttp" computerName="xiaoshu" duration="00:00:00.0003556" startTime="2026-07-17T15:57:23.2482770+08:00" endTime="2026-07-17T15:57:23.2486420+08:00" testType="13cdc9d9-ddb5-4fa4-a97d-d965ccfc6d4b" outcome="Passed" testListId="8c84fa94-04c1-424b-9868-57a2d4851a1d" relativeResultsDirectory="a5264674-f8d3-49ee-b98c-7b63100adbdf" />
    <UnitTestResult executionId="248876c4-8707-4e53-bc9a-d7c8225a43de" testId="24b7db1a-55ad-bdfc-4cc8-efdbf4be161e" testName="IIoT.Edge.Cloud.ContractTests.CloudApiResilienceBehaviorTests.CloudApiClient_WhenPostReturnsTransientFailure_ShouldNotRetryUnsafeMethod" computerName="xiaoshu" duration="00:00:00.0011804" startTime="2026-07-17T15:57:23.9091440+08:00" endTime="2026-07-17T15:57:23.9103450+08:00" testType="13cdc9d9-ddb5-4fa4-a97d-d965ccfc6d4b" outcome="Passed" testListId="8c84fa94-04c1-424b-9868-57a2d4851a1d" relativeResultsDirectory="248876c4-8707-4e53-bc9a-d7c8225a43de" />
    <UnitTestResult executionId="491b26a7-a602-4241-a69d-1e458a808256" testId="f87ec8a5-7d04-32a1-1043-d71b6f212338" testName="IIoT.Edge.Cloud.ContractTests.CloudHttpClientBehaviorTests.GetAsync_WhenRequestTimesOut_ShouldReturnNetworkFailure" computerName="xiaoshu" duration="00:00:00.0004063" startTime="2026-07-17T15:57:23.2641350+08:00" endTime="2026-07-17T15:57:23.2645550+08:00" testType="13cdc9d9-ddb5-4fa4-a97d-d965ccfc6d4b" outcome="Passed" testListId="8c84fa94-04c1-424b-9868-57a2d4851a1d" relativeResultsDirectory="491b26a7-a602-4241-a69d-1e458a808256" />
    <UnitTestResult executionId="e9d2819f-05be-41b2-ac73-47f38ee76e88" testId="3a2295f1-fb35-f697-35b2-57b2cb91efed" testName="IIoT.Edge.Cloud.ContractTests.CloudApiResilienceBehaviorTests.CloudApiClient_WhenConfiguredTimeoutIsLowerThanResponseTime_ShouldHonorConfiguredTimeout" computerName="xiaoshu" duration="00:00:00.0143795" startTime="2026-07-17T15:57:23.8944470+08:00" endTime="2026-07-17T15:57:23.9088660+08:00" testType="13cdc9d9-ddb5-4fa4-a97d-d965ccfc6d4b" outcome="Passed" testListId="8c84fa94-04c1-424b-9868-57a2d4851a1d" relativeResultsDirectory="e9d2819f-05be-41b2-ac73-47f38ee76e88" />
    <UnitTestResult executionId="fd2877c4-77a8-45c9-8b07-3378365d6b6d" testId="4a97e235-193c-3c1c-49d8-937f431eb76d" testName="IIoT.Edge.Cloud.ContractTests.LocalParameterConfigBehaviorTests.CloudSystemSwitchMigration_ShouldUseSystemAndAllLegacySwitchesFailClosed(systemEnabled: True, hasLegacySwitches: True, allLegacyEnabled: False, expectedEnabled: False)" computerName="xiaoshu" duration="00:00:00.0131015" startTime="2026-07-17T15:57:23.2274640+08:00" endTime="2026-07-17T15:57:23.2405770+08:00" testType="13cdc9d9-ddb5-4fa4-a97d-d965ccfc6d4b" outcome="Passed" testListId="8c84fa94-04c1-424b-9868-57a2d4851a1d" relativeResultsDirectory="fd2877c4-77a8-45c9-8b07-3378365d6b6d" />
    <UnitTestResult executionId="cf124afa-d315-4b05-b9e0-d99081c2eae6" testId="f76c7dc0-c111-728e-9300-2997342e28d6" testName="IIoT.Edge.Cloud.ContractTests.CapacityCloudQueryServiceBehaviorTests.CapacityQueryFacade_WhenDeviceIdIsMissing_ShouldNotSendQuery" computerName="xiaoshu" duration="00:00:00.0008995" startTime="2026-07-17T15:57:23.2259540+08:00" endTime="2026-07-17T15:57:23.2268680+08:00" testType="13cdc9d9-ddb5-4fa4-a97d-d965ccfc6d4b" outcome="Passed" testListId="8c84fa94-04c1-424b-9868-57a2d4851a1d" relativeResultsDirectory="cf124afa-d315-4b05-b9e0-d99081c2eae6" />
    <UnitTestResult executionId="64f8d67a-6fe6-4986-a3f1-beb7bddad41c" testId="84ea6388-6faa-9f02-bb04-b401798990b8" testName="IIoT.Edge.Cloud.ContractTests.CloudApiResilienceBehaviorTests.CloudApiClient_WhenGetReturnsTransientFailure_ShouldRetry" computerName="xiaoshu" duration="00:00:00.7083776" startTime="2026-07-17T15:57:23.1790280+08:00" endTime="2026-07-17T15:57:23.8910990+08:00" testType="13cdc9d9-ddb5-4fa4-a97d-d965ccfc6d4b" outcome="Passed" testListId="8c84fa94-04c1-424b-9868-57a2d4851a1d" relativeResultsDirectory="64f8d67a-6fe6-4986-a3f1-beb7bddad41c" />
    <UnitTestResult executionId="58fa028e-f7c0-4c5d-8d26-fed5140d976b" testId="2a9d96b8-9bb3-a761-7946-62b6b8734ef1" testName="IIoT.Edge.Cloud.ContractTests.CloudHttpClientBehaviorTests.GetAsync_WhenProtectedRequestTokenIsExpired_ShouldSkipRequestAndReturnNull" computerName="xiaoshu" duration="00:00:00.0003942" startTime="2026-07-17T15:57:23.2706340+08:00" endTime="2026-07-17T15:57:23.2710370+08:00" testType="13cdc9d9-ddb5-4fa4-a97d-d965ccfc6d4b" outcome="Passed" testListId="8c84fa94-04c1-424b-9868-57a2d4851a1d" relativeResultsDirectory="58fa028e-f7c0-4c5d-8d26-fed5140d976b" />
    <UnitTestResult executionId="f7485f3e-c00b-484d-9587-b505385d9bf1" testId="505c788d-dbb2-37d4-f48d-f0d7847df9e4" testName="IIoT.Edge.Cloud.ContractTests.StandardPassStationCloudUploaderContractTests.UploadAsync_WhenItemCountViolatesProviderRange_ShouldRejectBeforeHttp(count: 1001, expectedReason: &quot;pass_station_items_limit_exceeded&quot;)" computerName="xiaoshu" duration="00:00:00.0009105" startTime="2026-07-17T15:57:23.2078840+08:00" endTime="2026-07-17T15:57:23.2088050+08:00" testType="13cdc9d9-ddb5-4fa4-a97d-d965ccfc6d4b" outcome="Passed" testListId="8c84fa94-04c1-424b-9868-57a2d4851a1d" relativeResultsDirectory="f7485f3e-c00b-484d-9587-b505385d9bf1" />
    <UnitTestResult executionId="e6c7cffe-3723-441e-ad66-fbbf14901aab" testId="f826b84b-517b-7700-4b4b-836a29045582" testName="IIoT.Edge.Cloud.ContractTests.CloudApiResilienceBehaviorTests.CloudApiClient_WhenSystemCloudDisabled_ShouldReturnLocallyWithoutTransportRequest" computerName="xiaoshu" duration="00:00:00.0026549" startTime="2026-07-17T15:57:23.8915540+08:00" endTime="2026-07-17T15:57:23.8942450+08:00" testType="13cdc9d9-ddb5-4fa4-a97d-d965ccfc6d4b" outcome="Passed" testListId="8c84fa94-04c1-424b-9868-57a2d4851a1d" relativeResultsDirectory="e6c7cffe-3723-441e-ad66-fbbf14901aab" />
    <UnitTestResult executionId="3678074a-6072-48e9-8bf2-3a49f45368f4" testId="14bc2d4b-3520-2bfe-27fe-9ba9e3a6e878" testName="IIoT.Edge.Cloud.ContractTests.CapacityCloudQueryServiceBehaviorTests.QueryByProductionDay_WhenCanceled_ShouldPropagateCancellationWithoutHttpCall" computerName="xiaoshu" duration="00:00:00.0012856" startTime="2026-07-17T15:57:23.2164160+08:00" endTime="2026-07-17T15:57:23.2177130+08:00" testType="13cdc9d9-ddb5-4fa4-a97d-d965ccfc6d4b" outcome="Passed" testListId="8c84fa94-04c1-424b-9868-57a2d4851a1d" relativeResultsDirectory="3678074a-6072-48e9-8bf2-3a49f45368f4" />
    <UnitTestResult executionId="7cede04d-df55-470d-b46e-d4a22fce1faa" testId="c16d39f7-256f-8f27-00da-66c28547355f" testName="IIoT.Edge.Cloud.ContractTests.LocalParameterConfigBehaviorTests.ParamViewCrudService_WhenSensitiveCloudApiKeySubmitted_ShouldReject" computerName="xiaoshu" duration="00:00:00.0382528" startTime="2026-07-17T15:57:23.2554740+08:00" endTime="2026-07-17T15:57:23.2937390+08:00" testType="13cdc9d9-ddb5-4fa4-a97d-d965ccfc6d4b" outcome="Passed" testListId="8c84fa94-04c1-424b-9868-57a2d4851a1d" relativeResultsDirectory="7cede04d-df55-470d-b46e-d4a22fce1faa" />
    <UnitTestResult executionId="96193279-56f7-42f9-9fbb-6301f59ca17a" testId="ff9901cb-c3aa-3a10-c79f-44b9c1466448" testName="IIoT.Edge.Cloud.ContractTests.LocalParameterConfigBehaviorTests.CloudApiEndpointProvider_WhenRuntimeConfigRefreshCompletes_ShouldAtomicallyReadNewSnapshot" computerName="xiaoshu" duration="00:00:00.0434976" startTime="2026-07-17T15:57:23.1790380+08:00" endTime="2026-07-17T15:57:23.2261440+08:00" testType="13cdc9d9-ddb5-4fa4-a97d-d965ccfc6d4b" outcome="Passed" testListId="8c84fa94-04c1-424b-9868-57a2d4851a1d" relativeResultsDirectory="96193279-56f7-42f9-9fbb-6301f59ca17a" />
    <UnitTestResult executionId="116e3ed4-2d94-4b74-aea6-5dc8538c81a2" testId="d3d83ac0-5e0a-b357-2b54-15d4e2796b29" testName="IIoT.Edge.Cloud.ContractTests.LocalParameterConfigBehaviorTests.CloudSystemSwitchMigration_WhenMarkerExists_ShouldOnlyRefreshLauncherProjection" computerName="xiaoshu" duration="00:00:00.0006978" startTime="2026-07-17T15:57:23.3021330+08:00" endTime="2026-07-17T15:57:23.3028420+08:00" testType="13cdc9d9-ddb5-4fa4-a97d-d965ccfc6d4b" outcome="Passed" testListId="8c84fa94-04c1-424b-9868-57a2d4851a1d" relativeResultsDirectory="116e3ed4-2d94-4b74-aea6-5dc8538c81a2" />
    <UnitTestResult executionId="88945ab5-3f02-4234-85a0-3e3bfa4626a5" testId="10e6a70a-2db7-b709-b4a4-82b2e1d4dbcc" testName="IIoT.Edge.Cloud.ContractTests.CloudHttpClientBehaviorTests.GetAsync_WhenProtectedRequestHasNoToken_ShouldSkipRequestAndReturnNull" computerName="xiaoshu" duration="00:00:00.0004309" startTime="2026-07-17T15:57:23.2646980+08:00" endTime="2026-07-17T15:57:23.2651380+08:00" testType="13cdc9d9-ddb5-4fa4-a97d-d965ccfc6d4b" outcome="Passed" testListId="8c84fa94-04c1-424b-9868-57a2d4851a1d" relativeResultsDirectory="88945ab5-3f02-4234-85a0-3e3bfa4626a5" />
    <UnitTestResult executionId="7f76e762-b2b4-46e1-96b1-c8f275174814" testId="aa3c231a-3daa-baa1-5194-da9cf8c84c9c" testName="IIoT.Edge.Cloud.ContractTests.StandardPassStationCloudUploaderContractTests.UploadAsync_WhenItemCountViolatesProviderRange_ShouldRejectBeforeHttp(count: 0, expectedReason: &quot;pass_station_items_required&quot;)" computerName="xiaoshu" duration="00:00:00.0001770" startTime="2026-07-17T15:57:23.2090320+08:00" endTime="2026-07-17T15:57:23.2092230+08:00" testType="13cdc9d9-ddb5-4fa4-a97d-d965ccfc6d4b" outcome="Passed" testListId="8c84fa94-04c1-424b-9868-57a2d4851a1d" relativeResultsDirectory="7f76e762-b2b4-46e1-96b1-c8f275174814" />
    <UnitTestResult executionId="bc81df1e-3fa8-476d-9ce8-b96788cac5d5" testId="7fd595fb-cdf4-c863-6938-e65835661343" testName="IIoT.Edge.Cloud.ContractTests.AuthServiceBehaviorTests.EnsureAuthenticatedAsync_WhenCloudSessionIsExpired_ShouldRefreshCurrentUser" computerName="xiaoshu" duration="00:00:00.0585529" startTime="2026-07-17T15:57:23.1790560+08:00" endTime="2026-07-17T15:57:23.2412080+08:00" testType="13cdc9d9-ddb5-4fa4-a97d-d965ccfc6d4b" outcome="Passed" testListId="8c84fa94-04c1-424b-9868-57a2d4851a1d" relativeResultsDirectory="bc81df1e-3fa8-476d-9ce8-b96788cac5d5" />
    <UnitTestResult executionId="6fb33180-4e7d-46c7-b3a0-6e49d8b66e7b" testId="9f7f9e9d-b0b7-4ca3-3012-99c062f27ddf" testName="IIoT.Edge.Cloud.ContractTests.CloudHttpClientBehaviorTests.GetAsync_WhenConcurrentRequestsNeedRefresh_ShouldUseSingleRefreshFlight" computerName="xiaoshu" duration="00:00:00.0014397" startTime="2026-07-17T15:57:23.2659920+08:00" endTime="2026-07-17T15:57:23.2674490+08:00" testType="13cdc9d9-ddb5-4fa4-a97d-d965ccfc6d4b" outcome="Passed" testListId="8c84fa94-04c1-424b-9868-57a2d4851a1d" relativeResultsDirectory="6fb33180-4e7d-46c7-b3a0-6e49d8b66e7b" />
    <UnitTestResult executionId="cae2fc50-d3e2-46ba-88e8-7aeca090ed47" testId="af883bea-ce0f-fcb2-bdbb-97ee264cff1e" testName="IIoT.Edge.Cloud.ContractTests.StandardPassStationCloudUploaderContractTests.UploadAsync_AtMaximumBatchAndTextBoundaries_ShouldSendCanonicalEnvelopeOnce" computerName="xiaoshu" duration="00:00:00.0387392" startTime="2026-07-17T15:57:23.2093660+08:00" endTime="2026-07-17T15:57:23.2481160+08:00" testType="13cdc9d9-ddb5-4fa4-a97d-d965ccfc6d4b" outcome="Passed" testListId="8c84fa94-04c1-424b-9868-57a2d4851a1d" relativeResultsDirectory="cae2fc50-d3e2-46ba-88e8-7aeca090ed47" />
    <UnitTestResult executionId="84686124-c003-40e6-a4c3-10deac4c8def" testId="34014fcf-2c94-a8a8-6856-4a00600fe823" testName="IIoT.Edge.Cloud.ContractTests.CloudHttpClientBehaviorTests.GetAsync_WhenRequestTargetsBootstrap_ShouldNotAttachBearerHeader" computerName="xiaoshu" duration="00:00:00.0012587" startTime="2026-07-17T15:57:23.2358230+08:00" endTime="2026-07-17T15:57:23.2370930+08:00" testType="13cdc9d9-ddb5-4fa4-a97d-d965ccfc6d4b" outcome="Passed" testListId="8c84fa94-04c1-424b-9868-57a2d4851a1d" relativeResultsDirectory="84686124-c003-40e6-a4c3-10deac4c8def" />
    <UnitTestResult executionId="ddecfb64-2517-4726-a95e-9f63417ff92b" testId="c36c78c0-6a34-8483-ee5a-81b0c42f042a" testName="IIoT.Edge.Cloud.ContractTests.CloudHttpClientBehaviorTests.PostAsync_WhenPayloadContainsNestedIdentityKeys_ShouldRemoveClientIdentityFieldsRecursively" computerName="xiaoshu" duration="00:00:00.0062709" startTime="2026-07-17T15:57:23.2479660+08:00" endTime="2026-07-17T15:57:23.2542490+08:00" testType="13cdc9d9-ddb5-4fa4-a97d-d965ccfc6d4b" outcome="Passed" testListId="8c84fa94-04c1-424b-9868-57a2d4851a1d" relativeResultsDirectory="ddecfb64-2517-4726-a95e-9f63417ff92b" />
    <UnitTestResult executionId="8adc2faa-a64b-4612-baa6-b0b3d990a2b8" testId="3b7fe12f-f104-28ba-9d8f-b2066adda570" testName="IIoT.Edge.Cloud.ContractTests.LocalParameterConfigBehaviorTests.CloudApiEndpointProvider_WhenRealAsyncInitializationFails_ShouldUseOptionsWithoutBlocking" computerName="xiaoshu" duration="00:00:00.0004737" startTime="2026-07-17T15:57:23.3131060+08:00" endTime="2026-07-17T15:57:23.3135900+08:00" testType="13cdc9d9-ddb5-4fa4-a97d-d965ccfc6d4b" outcome="Passed" testListId="8c84fa94-04c1-424b-9868-57a2d4851a1d" relativeResultsDirectory="8adc2faa-a64b-4612-baa6-b0b3d990a2b8" />
    <UnitTestResult executionId="9abf0935-ceee-4d71-aff2-2c8191bbd952" testId="a175be32-4dd0-85e1-2998-7a89c5e19f7e" testName="IIoT.Edge.Cloud.ContractTests.CloudHttpClientBehaviorTests.GetAsync_WhenProtectedRequestTokenIsExpiredAndRefreshSucceeds_ShouldSendRequestWithFreshToken" computerName="xiaoshu" duration="00:00:00.0004527" startTime="2026-07-17T15:57:23.2700410+08:00" endTime="2026-07-17T15:57:23.2705040+08:00" testType="13cdc9d9-ddb5-4fa4-a97d-d965ccfc6d4b" outcome="Passed" testListId="8c84fa94-04c1-424b-9868-57a2d4851a1d" relativeResultsDirectory="9abf0935-ceee-4d71-aff2-2c8191bbd952" />
    <UnitTestResult executionId="65652f6a-03a5-4883-ab7e-c5439b42a7ed" testId="2b552798-c1bf-42b0-7937-1612eb6ca2c9" testName="IIoT.Edge.Cloud.ContractTests.CapacityCloudQueryServiceBehaviorTests.QueryByMonth_WhenContractReturnsZeroValuedRow_ShouldRemainSuccess" computerName="xiaoshu" duration="00:00:00.0006128" startTime="2026-07-17T15:57:23.2225380+08:00" endTime="2026-07-17T15:57:23.2231630+08:00" testType="13cdc9d9-ddb5-4fa4-a97d-d965ccfc6d4b" outcome="Passed" testListId="8c84fa94-04c1-424b-9868-57a2d4851a1d" relativeResultsDirectory="65652f6a-03a5-4883-ab7e-c5439b42a7ed" />
    <UnitTestResult executionId="2c171aa3-46e0-4457-8e6e-7e1e6c143478" testId="5cb6bbaa-691c-1ecc-e5c4-809f3c05642c" testName="IIoT.Edge.Cloud.ContractTests.CloudHttpClientBehaviorTests.PostAsync_WhenResponseIsNotSuccessful_ShouldLogStatusAndReturnFalse" computerName="xiaoshu" duration="00:00:00.0043942" startTime="2026-07-17T15:57:23.2372310+08:00" endTime="2026-07-17T15:57:23.2416370+08:00" testType="13cdc9d9-ddb5-4fa4-a97d-d965ccfc6d4b" outcome="Passed" testListId="8c84fa94-04c1-424b-9868-57a2d4851a1d" relativeResultsDirectory="2c171aa3-46e0-4457-8e6e-7e1e6c143478" />
    <UnitTestResult executionId="9437d459-290f-4426-b745-58596026fb51" testId="5b2c5ffa-cabd-29a7-0b39-bcfc8c41e29d" testName="IIoT.Edge.Cloud.ContractTests.LocalParameterConfigBehaviorTests.ParamViewCrudService_WhenReset_ShouldOverwriteModuleParametersWithEnumDefaults" computerName="xiaoshu" duration="00:00:00.0062550" startTime="2026-07-17T15:57:23.3029860+08:00" endTime="2026-07-17T15:57:23.3092550+08:00" testType="13cdc9d9-ddb5-4fa4-a97d-d965ccfc6d4b" outcome="Passed" testListId="8c84fa94-04c1-424b-9868-57a2d4851a1d" relativeResultsDirectory="9437d459-290f-4426-b745-58596026fb51" />
    <UnitTestResult executionId="c7735146-cdd5-4067-aedf-59d93b53079b" testId="fc96fdce-1ea7-6d50-6f4b-44f66f0508f7" testName="IIoT.Edge.Cloud.ContractTests.AuthServiceBehaviorTests.LoginCloudAsync_WhenAccessTokenIsExpired_ShouldRejectSession" computerName="xiaoshu" duration="00:00:00.0010615" startTime="2026-07-17T15:57:23.2792500+08:00" endTime="2026-07-17T15:57:23.2803210+08:00" testType="13cdc9d9-ddb5-4fa4-a97d-d965ccfc6d4b" outcome="Passed" testListId="8c84fa94-04c1-424b-9868-57a2d4851a1d" relativeResultsDirectory="c7735146-cdd5-4067-aedf-59d93b53079b" />
    <UnitTestResult executionId="9f545518-dc02-4a6d-879f-8404f00b97fe" testId="9b5f6a70-8d47-414a-4fd3-1da8ef8f33e0" testName="IIoT.Edge.Cloud.ContractTests.DeviceSessionCacheCoordinatorBehaviorTests.Save_WhenStoreThrows_ShouldWriteWarning" computerName="xiaoshu" duration="00:00:00.0005433" startTime="2026-07-17T15:57:23.2030060+08:00" endTime="2026-07-17T15:57:23.2035830+08:00" testType="13cdc9d9-ddb5-4fa4-a97d-d965ccfc6d4b" outcome="Passed" testListId="8c84fa94-04c1-424b-9868-57a2d4851a1d" relativeResultsDirectory="9f545518-dc02-4a6d-879f-8404f00b97fe" />
    <UnitTestResult executionId="421871fe-b39d-4085-9b1a-8008334e74d2" testId="c130aed9-32b1-760a-3dcb-a8b8c096e17f" testName="IIoT.Edge.Cloud.ContractTests.CapacityCloudQueryServiceBehaviorTests.QueryByProductionDay_WhenHourlyRequestFails_ShouldReturnUnavailableWithoutFallback" computerName="xiaoshu" duration="00:00:00.0005404" startTime="2026-07-17T15:57:23.2156840+08:00" endTime="2026-07-17T15:57:23.2162390+08:00" testType="13cdc9d9-ddb5-4fa4-a97d-d965ccfc6d4b" outcome="Passed" testListId="8c84fa94-04c1-424b-9868-57a2d4851a1d" relativeResultsDirectory="421871fe-b39d-4085-9b1a-8008334e74d2" />
    <UnitTestResult executionId="308b87d2-72e8-4663-a920-9d656f150552" testId="70f569c5-456a-ef31-eb13-0e4bb88f453a" testName="IIoT.Edge.Cloud.ContractTests.LocalParameterConfigBehaviorTests.LocalParameterConfigService_WhenSystemConfigsLoaded_ShouldUseSharedCacheKey" computerName="xiaoshu" duration="00:00:00.0017616" startTime="2026-07-17T15:57:23.2535680+08:00" endTime="2026-07-17T15:57:23.2553390+08:00" testType="13cdc9d9-ddb5-4fa4-a97d-d965ccfc6d4b" outcome="Passed" testListId="8c84fa94-04c1-424b-9868-57a2d4851a1d" relativeResultsDirectory="308b87d2-72e8-4663-a920-9d656f150552" />
    <UnitTestResult executionId="6b924699-8f07-4098-ac2b-1344bc060085" testId="7b39fe8e-5b5c-2faa-0f28-296e2ba0d8e6" testName="IIoT.Edge.Cloud.ContractTests.AuthServiceBehaviorTests.ResetLocalAdminPasswordAsync_WhenStoredHashIsLegacySha256_ShouldPersistPbkdf2AndCreateSession" computerName="xiaoshu" duration="00:00:00.0366338" startTime="2026-07-17T15:57:23.2414430+08:00" endTime="2026-07-17T15:57:23.2780900+08:00" testType="13cdc9d9-ddb5-4fa4-a97d-d965ccfc6d4b" outcome="Passed" testListId="8c84fa94-04c1-424b-9868-57a2d4851a1d" relativeResultsDirectory="6b924699-8f07-4098-ac2b-1344bc060085" />
    <UnitTestResult executionId="ca44aa73-f03a-4e6d-81b8-de662fede9a1" testId="78c2d779-622e-e1fb-83b4-5fd51c717fa9" testName="IIoT.Edge.Cloud.ContractTests.StandardPassStationCloudUploaderContractTests.UploadAsync_WhenProcessTypeViolatesProviderContract_ShouldRejectBeforeHttp(processType: &quot;123456789012345678901234567890123&quot;, expectedReason: &quot;pass_station_process_type_too_long&quot;)" computerName="xiaoshu" duration="00:00:00.0038880" startTime="2026-07-17T15:57:23.2032070+08:00" endTime="2026-07-17T15:57:23.2071200+08:00" testType="13cdc9d9-ddb5-4fa4-a97d-d965ccfc6d4b" outcome="Passed" testListId="8c84fa94-04c1-424b-9868-57a2d4851a1d" relativeResultsDirectory="ca44aa73-f03a-4e6d-81b8-de662fede9a1" />
    <UnitTestResult executionId="36faab3b-e302-44d4-9cfd-b15329df04c8" testId="67d720e5-abf8-7065-23fb-88a8d79b3f2d" testName="IIoT.Edge.Cloud.ContractTests.CloudHttpClientBehaviorTests.PostAsync_WhenPayloadContainsIdentityKeys_ShouldRemoveClientIdentityFields" computerName="xiaoshu" duration="00:00:00.0008176" startTime="2026-07-17T15:57:23.2716030+08:00" endTime="2026-07-17T15:57:23.2724290+08:00" testType="13cdc9d9-ddb5-4fa4-a97d-d965ccfc6d4b" outcome="Passed" testListId="8c84fa94-04c1-424b-9868-57a2d4851a1d" relativeResultsDirectory="36faab3b-e302-44d4-9cfd-b15329df04c8" />
    <UnitTestResult executionId="4012a1be-0037-4ebf-883f-9fed3e236dee" testId="e1a43ac3-9028-4ca8-2faa-56a923766e8d" testName="IIoT.Edge.Cloud.ContractTests.AuthServiceBehaviorTests.LoginLocalAsync_WhenStoredHashIsLegacySha256_ShouldRequireResetWithoutSession" computerName="xiaoshu" duration="00:00:00.0003260" startTime="2026-07-17T15:57:23.4751060+08:00" endTime="2026-07-17T15:57:23.4754490+08:00" testType="13cdc9d9-ddb5-4fa4-a97d-d965ccfc6d4b" outcome="Passed" testListId="8c84fa94-04c1-424b-9868-57a2d4851a1d" relativeResultsDirectory="4012a1be-0037-4ebf-883f-9fed3e236dee" />
    <UnitTestResult executionId="4f1ead63-863c-46ee-8bdb-2fce3dd4cc55" testId="181d70f8-278c-5d09-6a77-8e51bbff4e94" testName="IIoT.Edge.Cloud.ContractTests.CloudHttpClientBehaviorTests.PostAsync_WhenProtectedRequestReturns401_ShouldRefreshBootstrapAndRetryOnce" computerName="xiaoshu" duration="00:00:00.0049311" startTime="2026-07-17T15:57:23.2418390+08:00" endTime="2026-07-17T15:57:23.2467920+08:00" testType="13cdc9d9-ddb5-4fa4-a97d-d965ccfc6d4b" outcome="Passed" testListId="8c84fa94-04c1-424b-9868-57a2d4851a1d" relativeResultsDirectory="4f1ead63-863c-46ee-8bdb-2fce3dd4cc55" />
    <UnitTestResult executionId="9477a21f-767e-474f-9a0d-af4c2424c129" testId="224df74d-dad6-9995-647f-6e7df18fb50f" testName="IIoT.Edge.Cloud.ContractTests.LocalParameterConfigBehaviorTests.SaveModuleParamsHandler_WhenSaved_ShouldInvalidateSystemAndModuleCachesAndRaiseModuleEvent" computerName="xiaoshu" duration="00:00:00.0027775" startTime="2026-07-17T15:57:23.3137230+08:00" endTime="2026-07-17T15:57:23.3165110+08:00" testType="13cdc9d9-ddb5-4fa4-a97d-d965ccfc6d4b" outcome="Passed" testListId="8c84fa94-04c1-424b-9868-57a2d4851a1d" relativeResultsDirectory="9477a21f-767e-474f-9a0d-af4c2424c129" />
    <UnitTestResult executionId="253b8252-52ea-45bb-bc26-d4e9b62b4c4b" testId="d6740424-744f-c9f6-9239-466a06bb00d5" testName="IIoT.Edge.Cloud.ContractTests.StandardPassStationCloudUploaderContractTests.UploadAsync_WhenSerializedPayloadExceedsProviderFieldLimit_ShouldRejectBeforeHttp" computerName="xiaoshu" duration="00:00:00.0044767" startTime="2026-07-17T15:57:23.2487510+08:00" endTime="2026-07-17T15:57:23.2532390+08:00" testType="13cdc9d9-ddb5-4fa4-a97d-d965ccfc6d4b" outcome="Passed" testListId="8c84fa94-04c1-424b-9868-57a2d4851a1d" relativeResultsDirectory="253b8252-52ea-45bb-bc26-d4e9b62b4c4b" />
    <UnitTestResult executionId="728a8f6b-2245-4d8f-904d-8318d43c8d3f" testId="754663b9-0351-5165-d914-a027c9361c3d" testName="IIoT.Edge.Cloud.ContractTests.AuthServiceBehaviorTests.LoginLocalAsync_WhenPasswordMatches_ShouldCreateLocalAdminSession" computerName="xiaoshu" duration="00:00:00.0301822" startTime="2026-07-17T15:57:23.5373190+08:00" endTime="2026-07-17T15:57:23.5675230+08:00" testType="13cdc9d9-ddb5-4fa4-a97d-d965ccfc6d4b" outcome="Passed" testListId="8c84fa94-04c1-424b-9868-57a2d4851a1d" relativeResultsDirectory="728a8f6b-2245-4d8f-904d-8318d43c8d3f" />
    <UnitTestResult executionId="f8092bbb-e635-46a4-a7e5-330b37b36f73" testId="89458b2f-bf56-edb5-cf5b-4b73aecfd6bb" testName="IIoT.Edge.Cloud.ContractTests.CloudHttpClientBehaviorTests.PostAsync_WhenIdempotencyKeyProvided_ShouldReuseSameHeaderOnRetry" computerName="xiaoshu" duration="00:00:00.0005446" startTime="2026-07-17T15:57:23.2550380+08:00" endTime="2026-07-17T15:57:23.2555920+08:00" testType="13cdc9d9-ddb5-4fa4-a97d-d965ccfc6d4b" outcome="Passed" testListId="8c84fa94-04c1-424b-9868-57a2d4851a1d" relativeResultsDirectory="f8092bbb-e635-46a4-a7e5-330b37b36f73" />
    <UnitTestResult executionId="b568bb52-3621-4637-b777-ddc3d5ac52df" testId="b86afa18-a628-b7e7-ba54-7287582a3857" testName="IIoT.Edge.Cloud.ContractTests.LocalParameterConfigBehaviorTests.CloudSystemSwitchMigration_ShouldUseSystemAndAllLegacySwitchesFailClosed(systemEnabled: True, hasLegacySwitches: False, allLegacyEnabled: False, expectedEnabled: False)" computerName="xiaoshu" duration="00:00:00.0014294" startTime="2026-07-17T15:57:23.2460430+08:00" endTime="2026-07-17T15:57:23.2474820+08:00" testType="13cdc9d9-ddb5-4fa4-a97d-d965ccfc6d4b" outcome="Passed" testListId="8c84fa94-04c1-424b-9868-57a2d4851a1d" relativeResultsDirectory="b568bb52-3621-4637-b777-ddc3d5ac52df" />
    <UnitTestResult executionId="3688225f-ea29-4d4c-a712-bdbfaa4b6a47" testId="e75c12f1-a90b-e03c-d845-1ff587d9d955" testName="IIoT.Edge.Cloud.ContractTests.CapacityCloudQueryServiceBehaviorTests.QueryByMonth_WhenResponseBodyIsBlank_ShouldReturnUnavailableInsteadOfEmpty" computerName="xiaoshu" duration="00:00:00.0002380" startTime="2026-07-17T15:57:23.2248770+08:00" endTime="2026-07-17T15:57:23.2251270+08:00" testType="13cdc9d9-ddb5-4fa4-a97d-d965ccfc6d4b" outcome="Passed" testListId="8c84fa94-04c1-424b-9868-57a2d4851a1d" relativeResultsDirectory="3688225f-ea29-4d4c-a712-bdbfaa4b6a47" />
    <UnitTestResult executionId="ea44fbec-c8b9-40f3-b7ef-6f5532f6d073" testId="bd9668a1-17f2-b752-ac9e-39843a43628c" testName="IIoT.Edge.Cloud.ContractTests.CapacityCloudQueryServiceBehaviorTests.QueryByProductionDay_WhenSummaryUsesDeletedArrayContract_ShouldReturnInvalidPayload" computerName="xiaoshu" duration="00:00:00.0012142" startTime="2026-07-17T15:57:23.2211260+08:00" endTime="2026-07-17T15:57:23.2223810+08:00" testType="13cdc9d9-ddb5-4fa4-a97d-d965ccfc6d4b" outcome="Passed" testListId="8c84fa94-04c1-424b-9868-57a2d4851a1d" relativeResultsDirectory="ea44fbec-c8b9-40f3-b7ef-6f5532f6d073" />
    <UnitTestResult executionId="bbb6f486-6bcd-46b7-94fd-c9ada604ab99" testId="38690237-f9e9-6322-eb6e-73617bb019e8" testName="IIoT.Edge.Cloud.ContractTests.LocalParameterConfigBehaviorTests.ParamViewCrudService_WhenSaved_ShouldOnlyPersistModuleParameters" computerName="xiaoshu" duration="00:00:00.0015302" startTime="2026-07-17T15:57:23.3176770+08:00" endTime="2026-07-17T15:57:23.3192200+08:00" testType="13cdc9d9-ddb5-4fa4-a97d-d965ccfc6d4b" outcome="Passed" testListId="8c84fa94-04c1-424b-9868-57a2d4851a1d" relativeResultsDirectory="bbb6f486-6bcd-46b7-94fd-c9ada604ab99" />
    <UnitTestResult executionId="757578d0-6ea3-4e87-ae0a-3cbd1dd6ccf2" testId="06b78a65-330d-e218-0fac-62a0f1a482d0" testName="IIoT.Edge.Cloud.ContractTests.LocalParameterConfigBehaviorTests.SaveCloudApiConfigParamsHandler_WhenEnableProjectionFails_ShouldRollBackSystemSwitch" computerName="xiaoshu" duration="00:00:00.0058143" startTime="2026-07-17T15:57:23.2475930+08:00" endTime="2026-07-17T15:57:23.2534180+08:00" testType="13cdc9d9-ddb5-4fa4-a97d-d965ccfc6d4b" outcome="Passed" testListId="8c84fa94-04c1-424b-9868-57a2d4851a1d" relativeResultsDirectory="757578d0-6ea3-4e87-ae0a-3cbd1dd6ccf2" />
    <UnitTestResult executionId="9e575cb1-8aa7-4784-85a3-268ae1d944d4" testId="f77f4559-b59f-2c71-c453-94f333d09b94" testName="IIoT.Edge.Cloud.ContractTests.CloudHttpClientBehaviorTests.PostAsync_WhenInFlightRequestIsCanceled_ShouldAbortTransportWithoutRefreshRetryOrGateMutation" computerName="xiaoshu" duration="00:00:00.0016395" startTime="2026-07-17T15:57:23.2682100+08:00" endTime="2026-07-17T15:57:23.2698660+08:00" testType="13cdc9d9-ddb5-4fa4-a97d-d965ccfc6d4b" outcome="Passed" testListId="8c84fa94-04c1-424b-9868-57a2d4851a1d" relativeResultsDirectory="9e575cb1-8aa7-4784-85a3-268ae1d944d4" />
    <UnitTestResult executionId="6f2ec3f6-5459-40d2-95a7-f745ebfd4930" testId="e6edb964-01f9-3f9b-6b30-0ab79a5dbe6f" testName="IIoT.Edge.Cloud.ContractTests.CapacityCloudQueryServiceBehaviorTests.QueryByProductionDay_WhenHourlyRowsAreValid_ShouldReturnSuccessWithoutSummaryFallback" computerName="xiaoshu" duration="00:00:00.0025255" startTime="2026-07-17T15:57:23.2178590+08:00" endTime="2026-07-17T15:57:23.2203970+08:00" testType="13cdc9d9-ddb5-4fa4-a97d-d965ccfc6d4b" outcome="Passed" testListId="8c84fa94-04c1-424b-9868-57a2d4851a1d" relativeResultsDirectory="6f2ec3f6-5459-40d2-95a7-f745ebfd4930" />
    <UnitTestResult executionId="7b89ec6b-8a1a-4ea0-b034-a0e2cbbc80a4" testId="e3ecd0db-a0e2-4c11-d839-14fb7e1cfeba" testName="IIoT.Edge.Cloud.ContractTests.CapacityCloudQueryServiceBehaviorTests.QueryByProductionDay_WhenCloudClientCancels_ShouldPropagateOriginalCancellation" computerName="xiaoshu" duration="00:00:00.0039547" startTime="2026-07-17T15:57:23.2078220+08:00" endTime="2026-07-17T15:57:23.2117940+08:00" testType="13cdc9d9-ddb5-4fa4-a97d-d965ccfc6d4b" outcome="Passed" testListId="8c84fa94-04c1-424b-9868-57a2d4851a1d" relativeResultsDirectory="7b89ec6b-8a1a-4ea0-b034-a0e2cbbc80a4" />
    <UnitTestResult executionId="b9190c02-cbfe-428e-9fa2-f6f53f09cb98" testId="c51f6c25-b8c6-9d08-02d8-01908dd296e9" testName="IIoT.Edge.Cloud.ContractTests.LocalParameterConfigBehaviorTests.CloudSystemSwitchMigration_ShouldUseSystemAndAllLegacySwitchesFailClosed(systemEnabled: True, hasLegacySwitches: True, allLegacyEnabled: True, expectedEnabled: True)" computerName="xiaoshu" duration="00:00:00.0012410" startTime="2026-07-17T15:57:23.2406910+08:00" endTime="2026-07-17T15:57:23.2419430+08:00" testType="13cdc9d9-ddb5-4fa4-a97d-d965ccfc6d4b" outcome="Passed" testListId="8c84fa94-04c1-424b-9868-57a2d4851a1d" relativeResultsDirectory="b9190c02-cbfe-428e-9fa2-f6f53f09cb98" />
    <UnitTestResult executionId="9935053a-3ee9-4131-ae68-62698f1ef842" testId="786f17f5-ad06-3747-64a3-325107c17c7c" testName="IIoT.Edge.Cloud.ContractTests.LocalParameterConfigBehaviorTests.ParamViewCrudService_WhenHiddenMesSignTokenSubmitted_ShouldReject" computerName="xiaoshu" duration="00:00:00.0008719" startTime="2026-07-17T15:57:23.3166550+08:00" endTime="2026-07-17T15:57:23.3175360+08:00" testType="13cdc9d9-ddb5-4fa4-a97d-d965ccfc6d4b" outcome="Passed" testListId="8c84fa94-04c1-424b-9868-57a2d4851a1d" relativeResultsDirectory="9935053a-3ee9-4131-ae68-62698f1ef842" />
    <UnitTestResult executionId="8455bc89-270c-47c3-82a9-76445beb6065" testId="71bebfc5-5670-6252-641c-287adb367409" testName="IIoT.Edge.Cloud.ContractTests.CapacityCloudQueryServiceBehaviorTests.CapacityQueryFacade_WhenGateIsNotReady_ShouldNotSendQuery" computerName="xiaoshu" duration="00:00:00.0006053" startTime="2026-07-17T15:57:23.2270510+08:00" endTime="2026-07-17T15:57:23.2276750+08:00" testType="13cdc9d9-ddb5-4fa4-a97d-d965ccfc6d4b" outcome="Passed" testListId="8c84fa94-04c1-424b-9868-57a2d4851a1d" relativeResultsDirectory="8455bc89-270c-47c3-82a9-76445beb6065" />
    <UnitTestResult executionId="28ed8476-9fe0-4845-938d-a45da1dd25dc" testId="9778037c-bb79-88e5-3d54-ea0648e41edd" testName="IIoT.Edge.Cloud.ContractTests.AuthServiceBehaviorTests.EnsureAuthenticatedAsync_WhenRefreshFails_ShouldClearCurrentUser" computerName="xiaoshu" duration="00:00:00.0009069" startTime="2026-07-17T15:57:23.2782030+08:00" endTime="2026-07-17T15:57:23.2791210+08:00" testType="13cdc9d9-ddb5-4fa4-a97d-d965ccfc6d4b" outcome="Passed" testListId="8c84fa94-04c1-424b-9868-57a2d4851a1d" relativeResultsDirectory="28ed8476-9fe0-4845-938d-a45da1dd25dc" />
    <UnitTestResult executionId="a83324a4-4211-4af5-942a-4d00f3fca681" testId="6f2b6ddc-496f-2acb-3356-15520170211d" testName="IIoT.Edge.Cloud.ContractTests.AuthServiceBehaviorTests.LoginCloudAsync_ShouldParseHumanSessionAndSupportCaseInsensitivePermissions" computerName="xiaoshu" duration="00:00:00.0008058" startTime="2026-07-17T15:57:23.5677170+08:00" endTime="2026-07-17T15:57:23.5685390+08:00" testType="13cdc9d9-ddb5-4fa4-a97d-d965ccfc6d4b" outcome="Passed" testListId="8c84fa94-04c1-424b-9868-57a2d4851a1d" relativeResultsDirectory="a83324a4-4211-4af5-942a-4d00f3fca681" />
    <UnitTestResult executionId="52ce3a6f-0cda-4142-8c69-02cf28c2c105" testId="a8362fb8-5d96-31d5-0325-039ac5484f19" testName="IIoT.Edge.Cloud.ContractTests.CapacityCloudQueryServiceBehaviorTests.QueryByProductionDay_WhenCloudReturnsContractEmptyValues_ShouldReturnEmpty" computerName="xiaoshu" duration="00:00:00.0006838" startTime="2026-07-17T15:57:23.2233210+08:00" endTime="2026-07-17T15:57:23.2240230+08:00" testType="13cdc9d9-ddb5-4fa4-a97d-d965ccfc6d4b" outcome="Passed" testListId="8c84fa94-04c1-424b-9868-57a2d4851a1d" relativeResultsDirectory="52ce3a6f-0cda-4142-8c69-02cf28c2c105" />
    <UnitTestResult executionId="d078bccb-1798-4cc6-94d2-be2d7f92564a" testId="8e6ab1b1-bf0a-d357-08e7-1c8c77e9ff32" testName="IIoT.Edge.Cloud.ContractTests.LocalParameterConfigBehaviorTests.LocalParameterConfigService_WhenInsertedOrDeleted_ShouldInvalidateCachesAndRaiseModuleEvent" computerName="xiaoshu" duration="00:00:00.0034091" startTime="2026-07-17T15:57:23.2985080+08:00" endTime="2026-07-17T15:57:23.3019390+08:00" testType="13cdc9d9-ddb5-4fa4-a97d-d965ccfc6d4b" outcome="Passed" testListId="8c84fa94-04c1-424b-9868-57a2d4851a1d" relativeResultsDirectory="d078bccb-1798-4cc6-94d2-be2d7f92564a" />
    <UnitTestResult executionId="33b5f456-eec7-4283-b5e2-042f806f50f9" testId="953ea75a-374f-3f00-1dac-84aa23f3a9b6" testName="IIoT.Edge.Cloud.ContractTests.AuthServiceBehaviorTests.LoginCloudAsync_WhenJwtSignatureDoesNotMatch_ShouldRejectSession" computerName="xiaoshu" duration="00:00:00.1593052" startTime="2026-07-17T15:57:23.2836540+08:00" endTime="2026-07-17T15:57:23.4430000+08:00" testType="13cdc9d9-ddb5-4fa4-a97d-d965ccfc6d4b" outcome="Passed" testListId="8c84fa94-04c1-424b-9868-57a2d4851a1d" relativeResultsDirectory="33b5f456-eec7-4283-b5e2-042f806f50f9" />
    <UnitTestResult executionId="100479d9-0dcf-4859-848d-9f66ce3a34a4" testId="f0e5963e-e1d2-34d9-6b14-d531954d0194" testName="IIoT.Edge.Cloud.ContractTests.CloudHttpClientBehaviorTests.PostAsync_WhenPayloadIsPlcRuntimeStateReport_ShouldKeepClientCodeForCloudContract" computerName="xiaoshu" duration="00:00:00.0529928" startTime="2026-07-17T15:57:23.1790330+08:00" endTime="2026-07-17T15:57:23.2356520+08:00" testType="13cdc9d9-ddb5-4fa4-a97d-d965ccfc6d4b" outcome="Passed" testListId="8c84fa94-04c1-424b-9868-57a2d4851a1d" relativeResultsDirectory="100479d9-0dcf-4859-848d-9f66ce3a34a4" />
    <UnitTestResult executionId="0851448f-3f10-499b-a7ff-0cf3eb8a95fb" testId="cdf3a932-6621-0cbb-2f82-fbdd8dd2fb4e" testName="IIoT.Edge.Cloud.ContractTests.LocalParameterConfigBehaviorTests.SaveCloudApiConfigParamsHandler_WhenEnabled_ShouldRefreshRuntimeAndWriteProjection" computerName="xiaoshu" duration="00:00:00.0014656" startTime="2026-07-17T15:57:23.3095000+08:00" endTime="2026-07-17T15:57:23.3109880+08:00" testType="13cdc9d9-ddb5-4fa4-a97d-d965ccfc6d4b" outcome="Passed" testListId="8c84fa94-04c1-424b-9868-57a2d4851a1d" relativeResultsDirectory="0851448f-3f10-499b-a7ff-0cf3eb8a95fb" />
    <UnitTestResult executionId="0fdd60f5-3a49-4e4d-a466-7ddec2d93861" testId="47ffbc3e-3981-eefc-ecb2-1976362ef4f5" testName="IIoT.Edge.Cloud.ContractTests.CloudApiEndpointProviderBehaviorTests.CloudApiEndpointProvider_WhenLocalConfigExists_ShouldPreferSystemConfigValue" computerName="xiaoshu" duration="00:00:00.0006690" startTime="2026-07-17T15:57:23.2028680+08:00" endTime="2026-07-17T15:57:23.2035680+08:00" testType="13cdc9d9-ddb5-4fa4-a97d-d965ccfc6d4b" outcome="Passed" testListId="8c84fa94-04c1-424b-9868-57a2d4851a1d" relativeResultsDirectory="0fdd60f5-3a49-4e4d-a466-7ddec2d93861" />
    <UnitTestResult executionId="fce702b1-ee77-4c8d-9944-4bf145524c22" testId="347d56ef-1d43-5675-009d-0f33912828a4" testName="IIoT.Edge.Cloud.ContractTests.LocalParameterConfigBehaviorTests.CloudSystemSwitchMigration_ShouldUseSystemAndAllLegacySwitchesFailClosed(systemEnabled: False, hasLegacySwitches: True, allLegacyEnabled: True, expectedEnabled: False)" computerName="xiaoshu" duration="00:00:00.0009433" startTime="2026-07-17T15:57:23.2449850+08:00" endTime="2026-07-17T15:57:23.2459420+08:00" testType="13cdc9d9-ddb5-4fa4-a97d-d965ccfc6d4b" outcome="Passed" testListId="8c84fa94-04c1-424b-9868-57a2d4851a1d" relativeResultsDirectory="fce702b1-ee77-4c8d-9944-4bf145524c22" />
    <UnitTestResult executionId="51b90f7d-92d1-4801-88c6-bebd16a917db" testId="41d044e4-7fc3-7d49-0636-bd6cae041bd6" testName="IIoT.Edge.Cloud.ContractTests.AuthServiceBehaviorTests.LoginCloudAsync_WhenServerReturnsErrorEnvelope_ShouldSurfaceFirstError" computerName="xiaoshu" duration="00:00:00.0029936" startTime="2026-07-17T15:57:23.2804540+08:00" endTime="2026-07-17T15:57:23.2834650+08:00" testType="13cdc9d9-ddb5-4fa4-a97d-d965ccfc6d4b" outcome="Passed" testListId="8c84fa94-04c1-424b-9868-57a2d4851a1d" relativeResultsDirectory="51b90f7d-92d1-4801-88c6-bebd16a917db" />
    <UnitTestResult executionId="c61809c0-2602-48c0-8491-32370bea6225" testId="078381a4-bf85-d064-ddb1-0bc7c030def3" testName="IIoT.Edge.Cloud.ContractTests.CapacityCloudQueryServiceBehaviorTests.QueryByMonth_WhenPayloadViolatesCurrentRangeContract_ShouldReturnInvalidPayload(payload: &quot;[{\&quot;date\&quot;:\&quot;2026-07-01\&quot;,\&quot;totalCount\&quot;:1}]&quot;)" computerName="xiaoshu" duration="00:00:00.0018472" startTime="2026-07-17T15:57:23.2021330+08:00" endTime="2026-07-17T15:57:23.2039950+08:00" testType="13cdc9d9-ddb5-4fa4-a97d-d965ccfc6d4b" outcome="Passed" testListId="8c84fa94-04c1-424b-9868-57a2d4851a1d" relativeResultsDirectory="c61809c0-2602-48c0-8491-32370bea6225" />
    <UnitTestResult executionId="e6aed802-0a65-448b-83dc-d169c75b92f3" testId="2ad441ae-8abe-2410-be65-fb4f9139a87f" testName="IIoT.Edge.Cloud.ContractTests.CapacityCloudQueryServiceBehaviorTests.QueryByMonth_WhenCloudClientThrows_ShouldLogOnlySafeExceptionType" computerName="xiaoshu" duration="00:00:00.0004247" startTime="2026-07-17T15:57:23.2205540+08:00" endTime="2026-07-17T15:57:23.2209890+08:00" testType="13cdc9d9-ddb5-4fa4-a97d-d965ccfc6d4b" outcome="Passed" testListId="8c84fa94-04c1-424b-9868-57a2d4851a1d" relativeResultsDirectory="e6aed802-0a65-448b-83dc-d169c75b92f3" />
    <UnitTestResult executionId="e99fc3fe-6db6-43b2-849c-6ab75f10dc32" testId="dd780b02-ed7b-8fe3-2b51-caee07a33c79" testName="IIoT.Edge.Cloud.ContractTests.StandardPassStationCloudUploaderContractTests.UploadAsync_WhenProcessTypeViolatesProviderContract_ShouldRejectBeforeHttp(processType: &quot;&quot;, expectedReason: &quot;pass_station_process_type_required&quot;)" computerName="xiaoshu" duration="00:00:00.0000870" startTime="2026-07-17T15:57:23.2074410+08:00" endTime="2026-07-17T15:57:23.2075400+08:00" testType="13cdc9d9-ddb5-4fa4-a97d-d965ccfc6d4b" outcome="Passed" testListId="8c84fa94-04c1-424b-9868-57a2d4851a1d" relativeResultsDirectory="e99fc3fe-6db6-43b2-849c-6ab75f10dc32" />
    <UnitTestResult executionId="1c21bab4-6b2c-40c1-9aae-8694c220142d" testId="4dc7a6f3-51ff-efa7-2f91-3f44d0082dd8" testName="IIoT.Edge.Cloud.ContractTests.CapacityCloudQueryServiceBehaviorTests.QueryByMonth_WhenPayloadViolatesCurrentRangeContract_ShouldReturnInvalidPayload(payload: &quot;[{}]&quot;)" computerName="xiaoshu" duration="00:00:00.0192776" startTime="2026-07-17T15:57:23.1790630+08:00" endTime="2026-07-17T15:57:23.2019400+08:00" testType="13cdc9d9-ddb5-4fa4-a97d-d965ccfc6d4b" outcome="Passed" testListId="8c84fa94-04c1-424b-9868-57a2d4851a1d" relativeResultsDirectory="1c21bab4-6b2c-40c1-9aae-8694c220142d" />
    <UnitTestResult executionId="673f2121-36f7-4f8c-b46c-7ead9bd6fef8" testId="1fc38a4d-2074-fb33-3ff0-14c9c54c2250" testName="IIoT.Edge.Cloud.ContractTests.AuthServiceBehaviorTests.LoginLocalAsync_WhenStoreHasHashAndConfigIsEmpty_ShouldCreateSession" computerName="xiaoshu" duration="00:00:00.0302644" startTime="2026-07-17T15:57:23.4765280+08:00" endTime="2026-07-17T15:57:23.5068350+08:00" testType="13cdc9d9-ddb5-4fa4-a97d-d965ccfc6d4b" outcome="Passed" testListId="8c84fa94-04c1-424b-9868-57a2d4851a1d" relativeResultsDirectory="673f2121-36f7-4f8c-b46c-7ead9bd6fef8" />
    <UnitTestResult executionId="ddf35a95-53b2-4ee3-b30e-6e63b6397bc6" testId="bbb39783-e361-2881-c146-e81043b80afb" testName="IIoT.Edge.Cloud.ContractTests.CapacityCloudQueryServiceBehaviorTests.QueryByProductionDay_WhenPathProviderThrows_ShouldRemainNonFatalAndLogSafeType" computerName="xiaoshu" duration="00:00:00.0004541" startTime="2026-07-17T15:57:23.2252700+08:00" endTime="2026-07-17T15:57:23.2257530+08:00" testType="13cdc9d9-ddb5-4fa4-a97d-d965ccfc6d4b" outcome="Passed" testListId="8c84fa94-04c1-424b-9868-57a2d4851a1d" relativeResultsDirectory="ddf35a95-53b2-4ee3-b30e-6e63b6397bc6" />
    <UnitTestResult executionId="1bf36d41-a12d-487a-a4be-8c525b12527d" testId="ae6444fb-a0ac-1835-5419-5e614e603db6" testName="IIoT.Edge.Cloud.ContractTests.DeviceSessionCacheCoordinatorBehaviorTests.TryLoad_WhenStoreThrows_ShouldReturnNullAndWriteWarning" computerName="xiaoshu" duration="00:00:00.0128498" startTime="2026-07-17T15:57:23.1790190+08:00" endTime="2026-07-17T15:57:23.1972060+08:00" testType="13cdc9d9-ddb5-4fa4-a97d-d965ccfc6d4b" outcome="Passed" testListId="8c84fa94-04c1-424b-9868-57a2d4851a1d" relativeResultsDirectory="1bf36d41-a12d-487a-a4be-8c525b12527d" />
    <UnitTestResult executionId="c450c448-ad37-432d-8a4f-4d0e4f78eca3" testId="95bffadc-3ed7-ea26-2dd7-6fbeb4866c83" testName="IIoT.Edge.Cloud.ContractTests.AuthServiceBehaviorTests.LoginCloudAsync_WhenJwtIssuerOrAudienceIsMissing_ShouldRejectSessionWithoutBlockingStartup" computerName="xiaoshu" duration="00:00:00.0307455" startTime="2026-07-17T15:57:23.4440460+08:00" endTime="2026-07-17T15:57:23.4748270+08:00" testType="13cdc9d9-ddb5-4fa4-a97d-d965ccfc6d4b" outcome="Passed" testListId="8c84fa94-04c1-424b-9868-57a2d4851a1d" relativeResultsDirectory="c450c448-ad37-432d-8a4f-4d0e4f78eca3" />
    <UnitTestResult executionId="f5cb9e12-fe9c-4383-860f-ded41a95a956" testId="77f1e946-b85b-1cb4-1ba6-3b0c3774a52e" testName="IIoT.Edge.Cloud.ContractTests.StandardPassStationCloudUploaderContractTests.UploadAsync_WhenProcessTypeViolatesProviderContract_ShouldRejectBeforeHttp(processType: &quot;                                 &quot;, expectedReason: &quot;pass_station_process_type_required&quot;)" computerName="xiaoshu" duration="00:00:00.0000137" startTime="2026-07-17T15:57:23.2076750+08:00" endTime="2026-07-17T15:57:23.2076980+08:00" testType="13cdc9d9-ddb5-4fa4-a97d-d965ccfc6d4b" outcome="Passed" testListId="8c84fa94-04c1-424b-9868-57a2d4851a1d" relativeResultsDirectory="f5cb9e12-fe9c-4383-860f-ded41a95a956" />
    <UnitTestResult executionId="323ffc76-81a3-48a5-a8d4-fa8ca7d4d645" testId="c893654b-fb60-6d8d-05da-1d963f4c295f" testName="IIoT.Edge.Cloud.ContractTests.CapacityCloudQueryServiceBehaviorTests.QueryByProductionDay_WhenSummaryObjectIsValid_ShouldReturnSuccess" computerName="xiaoshu" duration="00:00:00.0005081" startTime="2026-07-17T15:57:23.2242000+08:00" endTime="2026-07-17T15:57:23.2247210+08:00" testType="13cdc9d9-ddb5-4fa4-a97d-d965ccfc6d4b" outcome="Passed" testListId="8c84fa94-04c1-424b-9868-57a2d4851a1d" relativeResultsDirectory="323ffc76-81a3-48a5-a8d4-fa8ca7d4d645" />
    <UnitTestResult executionId="da1fb8f6-3e95-4812-a091-378ec01c3c3d" testId="bfb49db9-795a-29eb-0ada-0ffb0321a7a7" testName="IIoT.Edge.Cloud.ContractTests.CloudApiEndpointProviderBehaviorTests.CloudApiEndpointProvider_WhenCloudParamMissing_ShouldFallbackToAppSettings" computerName="xiaoshu" duration="00:00:00.0128333" startTime="2026-07-17T15:57:23.1790450+08:00" endTime="2026-07-17T15:57:23.1972050+08:00" testType="13cdc9d9-ddb5-4fa4-a97d-d965ccfc6d4b" outcome="Passed" testListId="8c84fa94-04c1-424b-9868-57a2d4851a1d" relativeResultsDirectory="da1fb8f6-3e95-4812-a091-378ec01c3c3d" />
    <UnitTestResult executionId="f31d4c50-766b-4603-8658-f827a300bba3" testId="d3d89e3f-3450-fc54-0091-553ee78a75e4" testName="IIoT.Edge.Cloud.ContractTests.LocalParameterConfigBehaviorTests.CloudApiEndpointProvider_WhenRealAsyncInitializationCompletes_ShouldPreferLocalSnapshot" computerName="xiaoshu" duration="00:00:00.0010065" startTime="2026-07-17T15:57:23.2262700+08:00" endTime="2026-07-17T15:57:23.2272870+08:00" testType="13cdc9d9-ddb5-4fa4-a97d-d965ccfc6d4b" outcome="Passed" testListId="8c84fa94-04c1-424b-9868-57a2d4851a1d" relativeResultsDirectory="f31d4c50-766b-4603-8658-f827a300bba3" />
    <UnitTestResult executionId="fe74805d-3017-4c7d-a167-2162bcd975df" testId="c2dd69af-50db-2db6-f124-4bb2e4ee79c2" testName="IIoT.Edge.Cloud.ContractTests.StandardPassStationCloudUploaderContractTests.UploadAsync_WhenDeviceIdIsEmpty_ShouldRejectBeforeHttp" computerName="xiaoshu" duration="00:00:00.0191590" startTime="2026-07-17T15:57:23.1790680+08:00" endTime="2026-07-17T15:57:23.2019020+08:00" testType="13cdc9d9-ddb5-4fa4-a97d-d965ccfc6d4b" outcome="Passed" testListId="8c84fa94-04c1-424b-9868-57a2d4851a1d" relativeResultsDirectory="fe74805d-3017-4c7d-a167-2162bcd975df" />
    <UnitTestResult executionId="ce0b95ee-d6c6-456c-bfb2-a473b05fb541" testId="a654dbd7-4cb8-9b48-2d5b-30e0b5a5179c" testName="IIoT.Edge.Cloud.ContractTests.CloudHttpClientBehaviorTests.GetAsync_WhenRequestThrows_ShouldLogNetworkExceptionAndReturnFailure" computerName="xiaoshu" duration="00:00:00.0005031" startTime="2026-07-17T15:57:23.2543960+08:00" endTime="2026-07-17T15:57:23.2549090+08:00" testType="13cdc9d9-ddb5-4fa4-a97d-d965ccfc6d4b" outcome="Passed" testListId="8c84fa94-04c1-424b-9868-57a2d4851a1d" relativeResultsDirectory="ce0b95ee-d6c6-456c-bfb2-a473b05fb541" />
    <UnitTestResult executionId="f8ed63a4-38d7-49c4-87bc-99b99253a14a" testId="7f31d8ec-54e9-62e6-4a24-ff4c094fa0a9" testName="IIoT.Edge.Cloud.ContractTests.LocalParameterConfigBehaviorTests.ParamViewCrudService_WhenCloudApiConfigSaved_ShouldOnlyPersistEditableCloudApiKeys" computerName="xiaoshu" duration="00:00:00.0017525" startTime="2026-07-17T15:57:23.3111890+08:00" endTime="2026-07-17T15:57:23.3129530+08:00" testType="13cdc9d9-ddb5-4fa4-a97d-d965ccfc6d4b" outcome="Passed" testListId="8c84fa94-04c1-424b-9868-57a2d4851a1d" relativeResultsDirectory="f8ed63a4-38d7-49c4-87bc-99b99253a14a" />
    <UnitTestResult executionId="b252112b-6856-4c72-ae16-be21bd263123" testId="b5e8cb0a-b56e-20d9-8d3b-53b576033858" testName="IIoT.Edge.Cloud.ContractTests.CloudHttpClientBehaviorTests.GetAsync_WhenProtectedRequestHasNoTokenAndRefreshSucceeds_ShouldSendRequest" computerName="xiaoshu" duration="00:00:00.0004297" startTime="2026-07-17T15:57:23.2676390+08:00" endTime="2026-07-17T15:57:23.2680790+08:00" testType="13cdc9d9-ddb5-4fa4-a97d-d965ccfc6d4b" outcome="Passed" testListId="8c84fa94-04c1-424b-9868-57a2d4851a1d" relativeResultsDirectory="b252112b-6856-4c72-ae16-be21bd263123" />
  </Results>
  <TestDefinitions>
    <UnitTest name="IIoT.Edge.Cloud.ContractTests.CloudHttpClientBehaviorTests.PostAsync_WhenPayloadContainsNestedIdentityKeys_ShouldRemoveClientIdentityFieldsRecursively" storage="/users/shushu/developer/产线系统架构升级/1/.codex-worktrees/edge-startup-exception-retirement-closure/src/tests/iiot.edge.cloud.contracttests/bin/release/net10.0/iiot.edge.cloud.contracttests.dll" id="c36c78c0-6a34-8483-ee5a-81b0c42f042a">
      <Execution id="ddecfb64-2517-4726-a95e-9f63417ff92b" />
      <TestMethod codeBase="/Users/shushu/Developer/产线系统架构升级/1/.codex-worktrees/edge-startup-exception-retirement-closure/src/Tests/IIoT.Edge.Cloud.ContractTests/bin/Release/net10.0/IIoT.Edge.Cloud.ContractTests.dll" adapterTypeName="executor://xunit/VsTestRunner3/netcore/" className="IIoT.Edge.Cloud.ContractTests.CloudHttpClientBehaviorTests" name="PostAsync_WhenPayloadContainsNestedIdentityKeys_ShouldRemoveClientIdentityFieldsRecursively" />
    </UnitTest>
    <UnitTest name="IIoT.Edge.Cloud.ContractTests.CloudHttpClientBehaviorTests.GetAsync_WhenRequestTargetsBootstrap_ShouldNotAttachBearerHeader" storage="/users/shushu/developer/产线系统架构升级/1/.codex-worktrees/edge-startup-exception-retirement-closure/src/tests/iiot.edge.cloud.contracttests/bin/release/net10.0/iiot.edge.cloud.contracttests.dll" id="34014fcf-2c94-a8a8-6856-4a00600fe823">
      <Execution id="84686124-c003-40e6-a4c3-10deac4c8def" />
      <TestMethod codeBase="/Users/shushu/Developer/产线系统架构升级/1/.codex-worktrees/edge-startup-exception-retirement-closure/src/Tests/IIoT.Edge.Cloud.ContractTests/bin/Release/net10.0/IIoT.Edge.Cloud.ContractTests.dll" adapterTypeName="executor://xunit/VsTestRunner3/netcore/" className="IIoT.Edge.Cloud.ContractTests.CloudHttpClientBehaviorTests" name="GetAsync_WhenRequestTargetsBootstrap_ShouldNotAttachBearerHeader" />
    </UnitTest>
    <UnitTest name="IIoT.Edge.Cloud.ContractTests.CloudHttpClientBehaviorTests.PostAsync_WhenPayloadIsPlcRuntimeStateReport_ShouldKeepClientCodeForCloudContract" storage="/users/shushu/developer/产线系统架构升级/1/.codex-worktrees/edge-startup-exception-retirement-closure/src/tests/iiot.edge.cloud.contracttests/bin/release/net10.0/iiot.edge.cloud.contracttests.dll" id="f0e5963e-e1d2-34d9-6b14-d531954d0194">
      <Execution id="100479d9-0dcf-4859-848d-9f66ce3a34a4" />
      <TestMethod codeBase="/Users/shushu/Developer/产线系统架构升级/1/.codex-worktrees/edge-startup-exception-retirement-closure/src/Tests/IIoT.Edge.Cloud.ContractTests/bin/Release/net10.0/IIoT.Edge.Cloud.ContractTests.dll" adapterTypeName="executor://xunit/VsTestRunner3/netcore/" className="IIoT.Edge.Cloud.ContractTests.CloudHttpClientBehaviorTests" name="PostAsync_WhenPayloadIsPlcRuntimeStateReport_ShouldKeepClientCodeForCloudContract" />
    </UnitTest>
    <UnitTest name="IIoT.Edge.Cloud.ContractTests.CapacityCloudQueryServiceBehaviorTests.QueryByProductionDay_WhenSummaryUsesDeletedArrayContract_ShouldReturnInvalidPayload" storage="/users/shushu/developer/产线系统架构升级/1/.codex-worktrees/edge-startup-exception-retirement-closure/src/tests/iiot.edge.cloud.contracttests/bin/release/net10.0/iiot.edge.cloud.contracttests.dll" id="bd9668a1-17f2-b752-ac9e-39843a43628c">
      <Execution id="ea44fbec-c8b9-40f3-b7ef-6f5532f6d073" />
      <TestMethod codeBase="/Users/shushu/Developer/产线系统架构升级/1/.codex-worktrees/edge-startup-exception-retirement-closure/src/Tests/IIoT.Edge.Cloud.ContractTests/bin/Release/net10.0/IIoT.Edge.Cloud.ContractTests.dll" adapterTypeName="executor://xunit/VsTestRunner3/netcore/" className="IIoT.Edge.Cloud.ContractTests.CapacityCloudQueryServiceBehaviorTests" name="QueryByProductionDay_WhenSummaryUsesDeletedArrayContract_ShouldReturnInvalidPayload" />
    </UnitTest>
    <UnitTest name="IIoT.Edge.Cloud.ContractTests.CloudApiEndpointProviderBehaviorTests.CloudApiEndpointProvider_WhenLocalConfigExists_ShouldPreferSystemConfigValue" storage="/users/shushu/developer/产线系统架构升级/1/.codex-worktrees/edge-startup-exception-retirement-closure/src/tests/iiot.edge.cloud.contracttests/bin/release/net10.0/iiot.edge.cloud.contracttests.dll" id="47ffbc3e-3981-eefc-ecb2-1976362ef4f5">
      <Execution id="0fdd60f5-3a49-4e4d-a466-7ddec2d93861" />
      <TestMethod codeBase="/Users/shushu/Developer/产线系统架构升级/1/.codex-worktrees/edge-startup-exception-retirement-closure/src/Tests/IIoT.Edge.Cloud.ContractTests/bin/Release/net10.0/IIoT.Edge.Cloud.ContractTests.dll" adapterTypeName="executor://xunit/VsTestRunner3/netcore/" className="IIoT.Edge.Cloud.ContractTests.CloudApiEndpointProviderBehaviorTests" name="CloudApiEndpointProvider_WhenLocalConfigExists_ShouldPreferSystemConfigValue" />
    </UnitTest>
    <UnitTest name="IIoT.Edge.Cloud.ContractTests.CloudHttpClientBehaviorTests.PostAsync_WhenIdempotencyKeyProvided_ShouldReuseSameHeaderOnRetry" storage="/users/shushu/developer/产线系统架构升级/1/.codex-worktrees/edge-startup-exception-retirement-closure/src/tests/iiot.edge.cloud.contracttests/bin/release/net10.0/iiot.edge.cloud.contracttests.dll" id="89458b2f-bf56-edb5-cf5b-4b73aecfd6bb">
      <Execution id="f8092bbb-e635-46a4-a7e5-330b37b36f73" />
      <TestMethod codeBase="/Users/shushu/Developer/产线系统架构升级/1/.codex-worktrees/edge-startup-exception-retirement-closure/src/Tests/IIoT.Edge.Cloud.ContractTests/bin/Release/net10.0/IIoT.Edge.Cloud.ContractTests.dll" adapterTypeName="executor://xunit/VsTestRunner3/netcore/" className="IIoT.Edge.Cloud.ContractTests.CloudHttpClientBehaviorTests" name="PostAsync_WhenIdempotencyKeyProvided_ShouldReuseSameHeaderOnRetry" />
    </UnitTest>
    <UnitTest name="IIoT.Edge.Cloud.ContractTests.CapacityCloudQueryServiceBehaviorTests.QueryByMonth_WhenCloudClientThrows_ShouldLogOnlySafeExceptionType" storage="/users/shushu/developer/产线系统架构升级/1/.codex-worktrees/edge-startup-exception-retirement-closure/src/tests/iiot.edge.cloud.contracttests/bin/release/net10.0/iiot.edge.cloud.contracttests.dll" id="2ad441ae-8abe-2410-be65-fb4f9139a87f">
      <Execution id="e6aed802-0a65-448b-83dc-d169c75b92f3" />
      <TestMethod codeBase="/Users/shushu/Developer/产线系统架构升级/1/.codex-worktrees/edge-startup-exception-retirement-closure/src/Tests/IIoT.Edge.Cloud.ContractTests/bin/Release/net10.0/IIoT.Edge.Cloud.ContractTests.dll" adapterTypeName="executor://xunit/VsTestRunner3/netcore/" className="IIoT.Edge.Cloud.ContractTests.CapacityCloudQueryServiceBehaviorTests" name="QueryByMonth_WhenCloudClientThrows_ShouldLogOnlySafeExceptionType" />
    </UnitTest>
    <UnitTest name="IIoT.Edge.Cloud.ContractTests.CapacityCloudQueryServiceBehaviorTests.QueryByMonth_WhenPayloadViolatesCurrentRangeContract_ShouldReturnInvalidPayload(payload: &quot;[{}]&quot;)" storage="/users/shushu/developer/产线系统架构升级/1/.codex-worktrees/edge-startup-exception-retirement-closure/src/tests/iiot.edge.cloud.contracttests/bin/release/net10.0/iiot.edge.cloud.contracttests.dll" id="4dc7a6f3-51ff-efa7-2f91-3f44d0082dd8">
      <Execution id="1c21bab4-6b2c-40c1-9aae-8694c220142d" />
      <TestMethod codeBase="/Users/shushu/Developer/产线系统架构升级/1/.codex-worktrees/edge-startup-exception-retirement-closure/src/Tests/IIoT.Edge.Cloud.ContractTests/bin/Release/net10.0/IIoT.Edge.Cloud.ContractTests.dll" adapterTypeName="executor://xunit/VsTestRunner3/netcore/" className="IIoT.Edge.Cloud.ContractTests.CapacityCloudQueryServiceBehaviorTests" name="QueryByMonth_WhenPayloadViolatesCurrentRangeContract_ShouldReturnInvalidPayload" />
    </UnitTest>
    <UnitTest name="IIoT.Edge.Cloud.ContractTests.CloudHttpClientBehaviorTests.GetAsync_WhenRequestTimesOut_ShouldReturnNetworkFailure" storage="/users/shushu/developer/产线系统架构升级/1/.codex-worktrees/edge-startup-exception-retirement-closure/src/tests/iiot.edge.cloud.contracttests/bin/release/net10.0/iiot.edge.cloud.contracttests.dll" id="f87ec8a5-7d04-32a1-1043-d71b6f212338">
      <Execution id="491b26a7-a602-4241-a69d-1e458a808256" />
      <TestMethod codeBase="/Users/shushu/Developer/产线系统架构升级/1/.codex-worktrees/edge-startup-exception-retirement-closure/src/Tests/IIoT.Edge.Cloud.ContractTests/bin/Release/net10.0/IIoT.Edge.Cloud.ContractTests.dll" adapterTypeName="executor://xunit/VsTestRunner3/netcore/" className="IIoT.Edge.Cloud.ContractTests.CloudHttpClientBehaviorTests" name="GetAsync_WhenRequestTimesOut_ShouldReturnNetworkFailure" />
    </UnitTest>
    <UnitTest name="IIoT.Edge.Cloud.ContractTests.StandardPassStationCloudUploaderContractTests.UploadAsync_WhenSerializedPayloadExceedsProviderFieldLimit_ShouldRejectBeforeHttp" storage="/users/shushu/developer/产线系统架构升级/1/.codex-worktrees/edge-startup-exception-retirement-closure/src/tests/iiot.edge.cloud.contracttests/bin/release/net10.0/iiot.edge.cloud.contracttests.dll" id="d6740424-744f-c9f6-9239-466a06bb00d5">
      <Execution id="253b8252-52ea-45bb-bc26-d4e9b62b4c4b" />
      <TestMethod codeBase="/Users/shushu/Developer/产线系统架构升级/1/.codex-worktrees/edge-startup-exception-retirement-closure/src/Tests/IIoT.Edge.Cloud.ContractTests/bin/Release/net10.0/IIoT.Edge.Cloud.ContractTests.dll" adapterTypeName="executor://xunit/VsTestRunner3/netcore/" className="IIoT.Edge.Cloud.ContractTests.StandardPassStationCloudUploaderContractTests" name="UploadAsync_WhenSerializedPayloadExceedsProviderFieldLimit_ShouldRejectBeforeHttp" />
    </UnitTest>
    <UnitTest name="IIoT.Edge.Cloud.ContractTests.StandardPassStationCloudUploaderContractTests.UploadAsync_WhenDeviceIdIsEmpty_ShouldRejectBeforeHttp" storage="/users/shushu/developer/产线系统架构升级/1/.codex-worktrees/edge-startup-exception-retirement-closure/src/tests/iiot.edge.cloud.contracttests/bin/release/net10.0/iiot.edge.cloud.contracttests.dll" id="c2dd69af-50db-2db6-f124-4bb2e4ee79c2">
      <Execution id="fe74805d-3017-4c7d-a167-2162bcd975df" />
      <TestMethod codeBase="/Users/shushu/Developer/产线系统架构升级/1/.codex-worktrees/edge-startup-exception-retirement-closure/src/Tests/IIoT.Edge.Cloud.ContractTests/bin/Release/net10.0/IIoT.Edge.Cloud.ContractTests.dll" adapterTypeName="executor://xunit/VsTestRunner3/netcore/" className="IIoT.Edge.Cloud.ContractTests.StandardPassStationCloudUploaderContractTests" name="UploadAsync_WhenDeviceIdIsEmpty_ShouldRejectBeforeHttp" />
    </UnitTest>
    <UnitTest name="IIoT.Edge.Cloud.ContractTests.StandardPassStationCloudUploaderContractTests.UploadAsync_WhenItemCountViolatesProviderRange_ShouldRejectBeforeHttp(count: 1001, expectedReason: &quot;pass_station_items_limit_exceeded&quot;)" storage="/users/shushu/developer/产线系统架构升级/1/.codex-worktrees/edge-startup-exception-retirement-closure/src/tests/iiot.edge.cloud.contracttests/bin/release/net10.0/iiot.edge.cloud.contracttests.dll" id="505c788d-dbb2-37d4-f48d-f0d7847df9e4">
      <Execution id="f7485f3e-c00b-484d-9587-b505385d9bf1" />
      <TestMethod codeBase="/Users/shushu/Developer/产线系统架构升级/1/.codex-worktrees/edge-startup-exception-retirement-closure/src/Tests/IIoT.Edge.Cloud.ContractTests/bin/Release/net10.0/IIoT.Edge.Cloud.ContractTests.dll" adapterTypeName="executor://xunit/VsTestRunner3/netcore/" className="IIoT.Edge.Cloud.ContractTests.StandardPassStationCloudUploaderContractTests" name="UploadAsync_WhenItemCountViolatesProviderRange_ShouldRejectBeforeHttp" />
    </UnitTest>
    <UnitTest name="IIoT.Edge.Cloud.ContractTests.CloudApiResilienceBehaviorTests.CloudApiClient_WhenConfiguredTimeoutIsLowerThanResponseTime_ShouldHonorConfiguredTimeout" storage="/users/shushu/developer/产线系统架构升级/1/.codex-worktrees/edge-startup-exception-retirement-closure/src/tests/iiot.edge.cloud.contracttests/bin/release/net10.0/iiot.edge.cloud.contracttests.dll" id="3a2295f1-fb35-f697-35b2-57b2cb91efed">
      <Execution id="e9d2819f-05be-41b2-ac73-47f38ee76e88" />
      <TestMethod codeBase="/Users/shushu/Developer/产线系统架构升级/1/.codex-worktrees/edge-startup-exception-retirement-closure/src/Tests/IIoT.Edge.Cloud.ContractTests/bin/Release/net10.0/IIoT.Edge.Cloud.ContractTests.dll" adapterTypeName="executor://xunit/VsTestRunner3/netcore/" className="IIoT.Edge.Cloud.ContractTests.CloudApiResilienceBehaviorTests" name="CloudApiClient_WhenConfiguredTimeoutIsLowerThanResponseTime_ShouldHonorConfiguredTimeout" />
    </UnitTest>
    <UnitTest name="IIoT.Edge.Cloud.ContractTests.CloudHttpClientBehaviorTests.GetAsync_WhenProtectedRequestTokenIsExpiredAndRefreshSucceeds_ShouldSendRequestWithFreshToken" storage="/users/shushu/developer/产线系统架构升级/1/.codex-worktrees/edge-startup-exception-retirement-closure/src/tests/iiot.edge.cloud.contracttests/bin/release/net10.0/iiot.edge.cloud.contracttests.dll" id="a175be32-4dd0-85e1-2998-7a89c5e19f7e">
      <Execution id="9abf0935-ceee-4d71-aff2-2c8191bbd952" />
      <TestMethod codeBase="/Users/shushu/Developer/产线系统架构升级/1/.codex-worktrees/edge-startup-exception-retirement-closure/src/Tests/IIoT.Edge.Cloud.ContractTests/bin/Release/net10.0/IIoT.Edge.Cloud.ContractTests.dll" adapterTypeName="executor://xunit/VsTestRunner3/netcore/" className="IIoT.Edge.Cloud.ContractTests.CloudHttpClientBehaviorTests" name="GetAsync_WhenProtectedRequestTokenIsExpiredAndRefreshSucceeds_ShouldSendRequestWithFreshToken" />
    </UnitTest>
    <UnitTest name="IIoT.Edge.Cloud.ContractTests.CapacityCloudQueryServiceBehaviorTests.CapacityQueryFacade_WhenGateIsNotReady_ShouldNotSendQuery" storage="/users/shushu/developer/产线系统架构升级/1/.codex-worktrees/edge-startup-exception-retirement-closure/src/tests/iiot.edge.cloud.contracttests/bin/release/net10.0/iiot.edge.cloud.contracttests.dll" id="71bebfc5-5670-6252-641c-287adb367409">
      <Execution id="8455bc89-270c-47c3-82a9-76445beb6065" />
      <TestMethod codeBase="/Users/shushu/Developer/产线系统架构升级/1/.codex-worktrees/edge-startup-exception-retirement-closure/src/Tests/IIoT.Edge.Cloud.ContractTests/bin/Release/net10.0/IIoT.Edge.Cloud.ContractTests.dll" adapterTypeName="executor://xunit/VsTestRunner3/netcore/" className="IIoT.Edge.Cloud.ContractTests.CapacityCloudQueryServiceBehaviorTests" name="CapacityQueryFacade_WhenGateIsNotReady_ShouldNotSendQuery" />
    </UnitTest>
    <UnitTest name="IIoT.Edge.Cloud.ContractTests.LocalParameterConfigBehaviorTests.CloudSystemSwitchMigration_ShouldUseSystemAndAllLegacySwitchesFailClosed(systemEnabled: False, hasLegacySwitches: True, allLegacyEnabled: True, expectedEnabled: False)" storage="/users/shushu/developer/产线系统架构升级/1/.codex-worktrees/edge-startup-exception-retirement-closure/src/tests/iiot.edge.cloud.contracttests/bin/release/net10.0/iiot.edge.cloud.contracttests.dll" id="347d56ef-1d43-5675-009d-0f33912828a4">
      <Execution id="fce702b1-ee77-4c8d-9944-4bf145524c22" />
      <TestMethod codeBase="/Users/shushu/Developer/产线系统架构升级/1/.codex-worktrees/edge-startup-exception-retirement-closure/src/Tests/IIoT.Edge.Cloud.ContractTests/bin/Release/net10.0/IIoT.Edge.Cloud.ContractTests.dll" adapterTypeName="executor://xunit/VsTestRunner3/netcore/" className="IIoT.Edge.Cloud.ContractTests.LocalParameterConfigBehaviorTests" name="CloudSystemSwitchMigration_ShouldUseSystemAndAllLegacySwitchesFailClosed" />
    </UnitTest>
    <UnitTest name="IIoT.Edge.Cloud.ContractTests.LocalParameterConfigBehaviorTests.CloudApiEndpointProvider_WhenRealAsyncInitializationFails_ShouldUseOptionsWithoutBlocking" storage="/users/shushu/developer/产线系统架构升级/1/.codex-worktrees/edge-startup-exception-retirement-closure/src/tests/iiot.edge.cloud.contracttests/bin/release/net10.0/iiot.edge.cloud.contracttests.dll" id="3b7fe12f-f104-28ba-9d8f-b2066adda570">
      <Execution id="8adc2faa-a64b-4612-baa6-b0b3d990a2b8" />
      <TestMethod codeBase="/Users/shushu/Developer/产线系统架构升级/1/.codex-worktrees/edge-startup-exception-retirement-closure/src/Tests/IIoT.Edge.Cloud.ContractTests/bin/Release/net10.0/IIoT.Edge.Cloud.ContractTests.dll" adapterTypeName="executor://xunit/VsTestRunner3/netcore/" className="IIoT.Edge.Cloud.ContractTests.LocalParameterConfigBehaviorTests" name="CloudApiEndpointProvider_WhenRealAsyncInitializationFails_ShouldUseOptionsWithoutBlocking" />
    </UnitTest>
    <UnitTest name="IIoT.Edge.Cloud.ContractTests.LocalParameterConfigBehaviorTests.ParamViewCrudService_WhenCloudApiConfigSaved_ShouldOnlyPersistEditableCloudApiKeys" storage="/users/shushu/developer/产线系统架构升级/1/.codex-worktrees/edge-startup-exception-retirement-closure/src/tests/iiot.edge.cloud.contracttests/bin/release/net10.0/iiot.edge.cloud.contracttests.dll" id="7f31d8ec-54e9-62e6-4a24-ff4c094fa0a9">
      <Execution id="f8ed63a4-38d7-49c4-87bc-99b99253a14a" />
      <TestMethod codeBase="/Users/shushu/Developer/产线系统架构升级/1/.codex-worktrees/edge-startup-exception-retirement-closure/src/Tests/IIoT.Edge.Cloud.ContractTests/bin/Release/net10.0/IIoT.Edge.Cloud.ContractTests.dll" adapterTypeName="executor://xunit/VsTestRunner3/netcore/" className="IIoT.Edge.Cloud.ContractTests.LocalParameterConfigBehaviorTests" name="ParamViewCrudService_WhenCloudApiConfigSaved_ShouldOnlyPersistEditableCloudApiKeys" />
    </UnitTest>
    <UnitTest name="IIoT.Edge.Cloud.ContractTests.AuthServiceBehaviorTests.LoginCloudAsync_WhenJwtIssuerOrAudienceIsMissing_ShouldRejectSessionWithoutBlockingStartup" storage="/users/shushu/developer/产线系统架构升级/1/.codex-worktrees/edge-startup-exception-retirement-closure/src/tests/iiot.edge.cloud.contracttests/bin/release/net10.0/iiot.edge.cloud.contracttests.dll" id="95bffadc-3ed7-ea26-2dd7-6fbeb4866c83">
      <Execution id="c450c448-ad37-432d-8a4f-4d0e4f78eca3" />
      <TestMethod codeBase="/Users/shushu/Developer/产线系统架构升级/1/.codex-worktrees/edge-startup-exception-retirement-closure/src/Tests/IIoT.Edge.Cloud.ContractTests/bin/Release/net10.0/IIoT.Edge.Cloud.ContractTests.dll" adapterTypeName="executor://xunit/VsTestRunner3/netcore/" className="IIoT.Edge.Cloud.ContractTests.AuthServiceBehaviorTests" name="LoginCloudAsync_WhenJwtIssuerOrAudienceIsMissing_ShouldRejectSessionWithoutBlockingStartup" />
    </UnitTest>
    <UnitTest name="IIoT.Edge.Cloud.ContractTests.CloudApiEndpointProviderBehaviorTests.CloudApiEndpointProvider_WhenCloudParamMissing_ShouldFallbackToAppSettings" storage="/users/shushu/developer/产线系统架构升级/1/.codex-worktrees/edge-startup-exception-retirement-closure/src/tests/iiot.edge.cloud.contracttests/bin/release/net10.0/iiot.edge.cloud.contracttests.dll" id="bfb49db9-795a-29eb-0ada-0ffb0321a7a7">
      <Execution id="da1fb8f6-3e95-4812-a091-378ec01c3c3d" />
      <TestMethod codeBase="/Users/shushu/Developer/产线系统架构升级/1/.codex-worktrees/edge-startup-exception-retirement-closure/src/Tests/IIoT.Edge.Cloud.ContractTests/bin/Release/net10.0/IIoT.Edge.Cloud.ContractTests.dll" adapterTypeName="executor://xunit/VsTestRunner3/netcore/" className="IIoT.Edge.Cloud.ContractTests.CloudApiEndpointProviderBehaviorTests" name="CloudApiEndpointProvider_WhenCloudParamMissing_ShouldFallbackToAppSettings" />
    </UnitTest>
    <UnitTest name="IIoT.Edge.Cloud.ContractTests.CapacityCloudQueryServiceBehaviorTests.QueryByMonth_WhenPayloadViolatesCurrentRangeContract_ShouldReturnInvalidPayload(payload: &quot;[{\&quot;date\&quot;:\&quot;2026-07-01\&quot;,\&quot;totalCount\&quot;:1}]&quot;)" storage="/users/shushu/developer/产线系统架构升级/1/.codex-worktrees/edge-startup-exception-retirement-closure/src/tests/iiot.edge.cloud.contracttests/bin/release/net10.0/iiot.edge.cloud.contracttests.dll" id="078381a4-bf85-d064-ddb1-0bc7c030def3">
      <Execution id="c61809c0-2602-48c0-8491-32370bea6225" />
      <TestMethod codeBase="/Users/shushu/Developer/产线系统架构升级/1/.codex-worktrees/edge-startup-exception-retirement-closure/src/Tests/IIoT.Edge.Cloud.ContractTests/bin/Release/net10.0/IIoT.Edge.Cloud.ContractTests.dll" adapterTypeName="executor://xunit/VsTestRunner3/netcore/" className="IIoT.Edge.Cloud.ContractTests.CapacityCloudQueryServiceBehaviorTests" name="QueryByMonth_WhenPayloadViolatesCurrentRangeContract_ShouldReturnInvalidPayload" />
    </UnitTest>
    <UnitTest name="IIoT.Edge.Cloud.ContractTests.CloudHttpClientBehaviorTests.PostAsync_WhenProtectedRequestReturns401_ShouldRefreshBootstrapAndRetryOnce" storage="/users/shushu/developer/产线系统架构升级/1/.codex-worktrees/edge-startup-exception-retirement-closure/src/tests/iiot.edge.cloud.contracttests/bin/release/net10.0/iiot.edge.cloud.contracttests.dll" id="181d70f8-278c-5d09-6a77-8e51bbff4e94">
      <Execution id="4f1ead63-863c-46ee-8bdb-2fce3dd4cc55" />
      <TestMethod codeBase="/Users/shushu/Developer/产线系统架构升级/1/.codex-worktrees/edge-startup-exception-retirement-closure/src/Tests/IIoT.Edge.Cloud.ContractTests/bin/Release/net10.0/IIoT.Edge.Cloud.ContractTests.dll" adapterTypeName="executor://xunit/VsTestRunner3/netcore/" className="IIoT.Edge.Cloud.ContractTests.CloudHttpClientBehaviorTests" name="PostAsync_WhenProtectedRequestReturns401_ShouldRefreshBootstrapAndRetryOnce" />
    </UnitTest>
    <UnitTest name="IIoT.Edge.Cloud.ContractTests.AuthServiceBehaviorTests.IsAuthenticated_WhenCloudRefreshTokenIsExpired_ShouldClearSession" storage="/users/shushu/developer/产线系统架构升级/1/.codex-worktrees/edge-startup-exception-retirement-closure/src/tests/iiot.edge.cloud.contracttests/bin/release/net10.0/iiot.edge.cloud.contracttests.dll" id="affef2d3-c10d-4cb5-6530-2f3b045ba748">
      <Execution id="32cb834e-8187-4daa-9757-b470d3fbf95b" />
      <TestMethod codeBase="/Users/shushu/Developer/产线系统架构升级/1/.codex-worktrees/edge-startup-exception-retirement-closure/src/Tests/IIoT.Edge.Cloud.ContractTests/bin/Release/net10.0/IIoT.Edge.Cloud.ContractTests.dll" adapterTypeName="executor://xunit/VsTestRunner3/netcore/" className="IIoT.Edge.Cloud.ContractTests.AuthServiceBehaviorTests" name="IsAuthenticated_WhenCloudRefreshTokenIsExpired_ShouldClearSession" />
    </UnitTest>
    <UnitTest name="IIoT.Edge.Cloud.ContractTests.LocalParameterConfigBehaviorTests.ParamViewCrudService_WhenHiddenMesSignTokenSubmitted_ShouldReject" storage="/users/shushu/developer/产线系统架构升级/1/.codex-worktrees/edge-startup-exception-retirement-closure/src/tests/iiot.edge.cloud.contracttests/bin/release/net10.0/iiot.edge.cloud.contracttests.dll" id="786f17f5-ad06-3747-64a3-325107c17c7c">
      <Execution id="9935053a-3ee9-4131-ae68-62698f1ef842" />
      <TestMethod codeBase="/Users/shushu/Developer/产线系统架构升级/1/.codex-worktrees/edge-startup-exception-retirement-closure/src/Tests/IIoT.Edge.Cloud.ContractTests/bin/Release/net10.0/IIoT.Edge.Cloud.ContractTests.dll" adapterTypeName="executor://xunit/VsTestRunner3/netcore/" className="IIoT.Edge.Cloud.ContractTests.LocalParameterConfigBehaviorTests" name="ParamViewCrudService_WhenHiddenMesSignTokenSubmitted_ShouldReject" />
    </UnitTest>
    <UnitTest name="IIoT.Edge.Cloud.ContractTests.CapacityCloudQueryServiceBehaviorTests.QueryByProductionDay_WhenCloudReturnsContractEmptyValues_ShouldReturnEmpty" storage="/users/shushu/developer/产线系统架构升级/1/.codex-worktrees/edge-startup-exception-retirement-closure/src/tests/iiot.edge.cloud.contracttests/bin/release/net10.0/iiot.edge.cloud.contracttests.dll" id="a8362fb8-5d96-31d5-0325-039ac5484f19">
      <Execution id="52ce3a6f-0cda-4142-8c69-02cf28c2c105" />
      <TestMethod codeBase="/Users/shushu/Developer/产线系统架构升级/1/.codex-worktrees/edge-startup-exception-retirement-closure/src/Tests/IIoT.Edge.Cloud.ContractTests/bin/Release/net10.0/IIoT.Edge.Cloud.ContractTests.dll" adapterTypeName="executor://xunit/VsTestRunner3/netcore/" className="IIoT.Edge.Cloud.ContractTests.CapacityCloudQueryServiceBehaviorTests" name="QueryByProductionDay_WhenCloudReturnsContractEmptyValues_ShouldReturnEmpty" />
    </UnitTest>
    <UnitTest name="IIoT.Edge.Cloud.ContractTests.AuthServiceBehaviorTests.EnsureAuthenticatedAsync_WhenCloudSessionIsExpired_ShouldRefreshCurrentUser" storage="/users/shushu/developer/产线系统架构升级/1/.codex-worktrees/edge-startup-exception-retirement-closure/src/tests/iiot.edge.cloud.contracttests/bin/release/net10.0/iiot.edge.cloud.contracttests.dll" id="7fd595fb-cdf4-c863-6938-e65835661343">
      <Execution id="bc81df1e-3fa8-476d-9ce8-b96788cac5d5" />
      <TestMethod codeBase="/Users/shushu/Developer/产线系统架构升级/1/.codex-worktrees/edge-startup-exception-retirement-closure/src/Tests/IIoT.Edge.Cloud.ContractTests/bin/Release/net10.0/IIoT.Edge.Cloud.ContractTests.dll" adapterTypeName="executor://xunit/VsTestRunner3/netcore/" className="IIoT.Edge.Cloud.ContractTests.AuthServiceBehaviorTests" name="EnsureAuthenticatedAsync_WhenCloudSessionIsExpired_ShouldRefreshCurrentUser" />
    </UnitTest>
    <UnitTest name="IIoT.Edge.Cloud.ContractTests.AuthServiceBehaviorTests.LoginCloudAsync_WhenServerReturnsErrorEnvelope_ShouldSurfaceFirstError" storage="/users/shushu/developer/产线系统架构升级/1/.codex-worktrees/edge-startup-exception-retirement-closure/src/tests/iiot.edge.cloud.contracttests/bin/release/net10.0/iiot.edge.cloud.contracttests.dll" id="41d044e4-7fc3-7d49-0636-bd6cae041bd6">
      <Execution id="51b90f7d-92d1-4801-88c6-bebd16a917db" />
      <TestMethod codeBase="/Users/shushu/Developer/产线系统架构升级/1/.codex-worktrees/edge-startup-exception-retirement-closure/src/Tests/IIoT.Edge.Cloud.ContractTests/bin/Release/net10.0/IIoT.Edge.Cloud.ContractTests.dll" adapterTypeName="executor://xunit/VsTestRunner3/netcore/" className="IIoT.Edge.Cloud.ContractTests.AuthServiceBehaviorTests" name="LoginCloudAsync_WhenServerReturnsErrorEnvelope_ShouldSurfaceFirstError" />
    </UnitTest>
    <UnitTest name="IIoT.Edge.Cloud.ContractTests.CapacityCloudQueryServiceBehaviorTests.QueryByProductionDay_WhenPathProviderThrows_ShouldRemainNonFatalAndLogSafeType" storage="/users/shushu/developer/产线系统架构升级/1/.codex-worktrees/edge-startup-exception-retirement-closure/src/tests/iiot.edge.cloud.contracttests/bin/release/net10.0/iiot.edge.cloud.contracttests.dll" id="bbb39783-e361-2881-c146-e81043b80afb">
      <Execution id="ddf35a95-53b2-4ee3-b30e-6e63b6397bc6" />
      <TestMethod codeBase="/Users/shushu/Developer/产线系统架构升级/1/.codex-worktrees/edge-startup-exception-retirement-closure/src/Tests/IIoT.Edge.Cloud.ContractTests/bin/Release/net10.0/IIoT.Edge.Cloud.ContractTests.dll" adapterTypeName="executor://xunit/VsTestRunner3/netcore/" className="IIoT.Edge.Cloud.ContractTests.CapacityCloudQueryServiceBehaviorTests" name="QueryByProductionDay_WhenPathProviderThrows_ShouldRemainNonFatalAndLogSafeType" />
    </UnitTest>
    <UnitTest name="IIoT.Edge.Cloud.ContractTests.CapacityCloudQueryServiceBehaviorTests.QueryByMonth_WhenResponseBodyIsBlank_ShouldReturnUnavailableInsteadOfEmpty" storage="/users/shushu/developer/产线系统架构升级/1/.codex-worktrees/edge-startup-exception-retirement-closure/src/tests/iiot.edge.cloud.contracttests/bin/release/net10.0/iiot.edge.cloud.contracttests.dll" id="e75c12f1-a90b-e03c-d845-1ff587d9d955">
      <Execution id="3688225f-ea29-4d4c-a712-bdbfaa4b6a47" />
      <TestMethod codeBase="/Users/shushu/Developer/产线系统架构升级/1/.codex-worktrees/edge-startup-exception-retirement-closure/src/Tests/IIoT.Edge.Cloud.ContractTests/bin/Release/net10.0/IIoT.Edge.Cloud.ContractTests.dll" adapterTypeName="executor://xunit/VsTestRunner3/netcore/" className="IIoT.Edge.Cloud.ContractTests.CapacityCloudQueryServiceBehaviorTests" name="QueryByMonth_WhenResponseBodyIsBlank_ShouldReturnUnavailableInsteadOfEmpty" />
    </UnitTest>
[...]
    </UnitTest>
    <UnitTest name="IIoT.Edge.Cloud.ContractTests.LocalParameterConfigBehaviorTests.ParamViewCrudService_LoadAsync_ShouldHideSensitiveFieldsAndPutSystemCloudEnableFirst" storage="/users/shushu/developer/产线系统架构升级/1/.codex-worktrees/edge-startup-exception-retirement-closure/src/tests/iiot.edge.cloud.contracttests/bin/release/net10.0/iiot.edge.cloud.contracttests.dll" id="a8e60c05-0d01-cc1f-e220-7f4a0b950cb2">
      <Execution id="05e18756-0223-4e58-bedd-9c533c0a7628" />
      <TestMethod codeBase="/Users/shushu/Developer/产线系统架构升级/1/.codex-worktrees/edge-startup-exception-retirement-closure/src/Tests/IIoT.Edge.Cloud.ContractTests/bin/Release/net10.0/IIoT.Edge.Cloud.ContractTests.dll" adapterTypeName="executor://xunit/VsTestRunner3/netcore/" className="IIoT.Edge.Cloud.ContractTests.LocalParameterConfigBehaviorTests" name="ParamViewCrudService_LoadAsync_ShouldHideSensitiveFieldsAndPutSystemCloudEnableFirst" />
    </UnitTest>
    <UnitTest name="IIoT.Edge.Cloud.ContractTests.CapacityCloudQueryServiceBehaviorTests.QueryByProductionDay_WhenHourlyRequestFails_ShouldReturnUnavailableWithoutFallback" storage="/users/shushu/developer/产线系统架构升级/1/.codex-worktrees/edge-startup-exception-retirement-closure/src/tests/iiot.edge.cloud.contracttests/bin/release/net10.0/iiot.edge.cloud.contracttests.dll" id="c130aed9-32b1-760a-3dcb-a8b8c096e17f">
      <Execution id="421871fe-b39d-4085-9b1a-8008334e74d2" />
      <TestMethod codeBase="/Users/shushu/Developer/产线系统架构升级/1/.codex-worktrees/edge-startup-exception-retirement-closure/src/Tests/IIoT.Edge.Cloud.ContractTests/bin/Release/net10.0/IIoT.Edge.Cloud.ContractTests.dll" adapterTypeName="executor://xunit/VsTestRunner3/netcore/" className="IIoT.Edge.Cloud.ContractTests.CapacityCloudQueryServiceBehaviorTests" name="QueryByProductionDay_WhenHourlyRequestFails_ShouldReturnUnavailableWithoutFallback" />
    </UnitTest>
    <UnitTest name="IIoT.Edge.Cloud.ContractTests.DeviceSessionCacheCoordinatorBehaviorTests.Save_WhenStoreThrows_ShouldWriteWarning" storage="/users/shushu/developer/产线系统架构升级/1/.codex-worktrees/edge-startup-exception-retirement-closure/src/tests/iiot.edge.cloud.contracttests/bin/release/net10.0/iiot.edge.cloud.contracttests.dll" id="9b5f6a70-8d47-414a-4fd3-1da8ef8f33e0">
      <Execution id="9f545518-dc02-4a6d-879f-8404f00b97fe" />
      <TestMethod codeBase="/Users/shushu/Developer/产线系统架构升级/1/.codex-worktrees/edge-startup-exception-retirement-closure/src/Tests/IIoT.Edge.Cloud.ContractTests/bin/Release/net10.0/IIoT.Edge.Cloud.ContractTests.dll" adapterTypeName="executor://xunit/VsTestRunner3/netcore/" className="IIoT.Edge.Cloud.ContractTests.DeviceSessionCacheCoordinatorBehaviorTests" name="Save_WhenStoreThrows_ShouldWriteWarning" />
    </UnitTest>
    <UnitTest name="IIoT.Edge.Cloud.ContractTests.DeviceSessionCacheCoordinatorBehaviorTests.TryLoad_WhenStoreThrows_ShouldReturnNullAndWriteWarning" storage="/users/shushu/developer/产线系统架构升级/1/.codex-worktrees/edge-startup-exception-retirement-closure/src/tests/iiot.edge.cloud.contracttests/bin/release/net10.0/iiot.edge.cloud.contracttests.dll" id="ae6444fb-a0ac-1835-5419-5e614e603db6">
      <Execution id="1bf36d41-a12d-487a-a4be-8c525b12527d" />
      <TestMethod codeBase="/Users/shushu/Developer/产线系统架构升级/1/.codex-worktrees/edge-startup-exception-retirement-closure/src/Tests/IIoT.Edge.Cloud.ContractTests/bin/Release/net10.0/IIoT.Edge.Cloud.ContractTests.dll" adapterTypeName="executor://xunit/VsTestRunner3/netcore/" className="IIoT.Edge.Cloud.ContractTests.DeviceSessionCacheCoordinatorBehaviorTests" name="TryLoad_WhenStoreThrows_ShouldReturnNullAndWriteWarning" />
    </UnitTest>
    <UnitTest name="IIoT.Edge.Cloud.ContractTests.StandardPassStationCloudUploaderContractTests.UploadAsync_WhenBarcodeExceedsProviderLimit_ShouldRejectWholeBatchBeforeHttp" storage="/users/shushu/developer/产线系统架构升级/1/.codex-worktrees/edge-startup-exception-retirement-closure/src/tests/iiot.edge.cloud.contracttests/bin/release/net10.0/iiot.edge.cloud.contracttests.dll" id="fbab64ee-7127-9589-fc61-e4bbea84aace">
      <Execution id="a5264674-f8d3-49ee-b98c-7b63100adbdf" />
      <TestMethod codeBase="/Users/shushu/Developer/产线系统架构升级/1/.codex-worktrees/edge-startup-exception-retirement-closure/src/Tests/IIoT.Edge.Cloud.ContractTests/bin/Release/net10.0/IIoT.Edge.Cloud.ContractTests.dll" adapterTypeName="executor://xunit/VsTestRunner3/netcore/" className="IIoT.Edge.Cloud.ContractTests.StandardPassStationCloudUploaderContractTests" name="UploadAsync_WhenBarcodeExceedsProviderLimit_ShouldRejectWholeBatchBeforeHttp" />
    </UnitTest>
  </TestDefinitions>
  <TestEntries>
    <TestEntry testId="277b401e-26fc-53bd-e003-234a8de50a40" executionId="7fdbc691-f469-470f-9b94-24e61d8f7d74" testListId="8c84fa94-04c1-424b-9868-57a2d4851a1d" />
    <TestEntry testId="a8e60c05-0d01-cc1f-e220-7f4a0b950cb2" executionId="05e18756-0223-4e58-bedd-9c533c0a7628" testListId="8c84fa94-04c1-424b-9868-57a2d4851a1d" />
    <TestEntry testId="81c86acc-033d-856e-9694-1b4c6319018e" executionId="c6203b4c-d84f-4ba2-a4ab-168a44ad9785" testListId="8c84fa94-04c1-424b-9868-57a2d4851a1d" />
    <TestEntry testId="1b54c032-c554-43b3-cf82-d6d77e6b64f0" executionId="6ecaf321-9c52-49c0-96b1-5b998eec27b0" testListId="8c84fa94-04c1-424b-9868-57a2d4851a1d" />
    <TestEntry testId="790044ba-525f-b07b-3ff8-9d644cdfebc6" executionId="c37c7ac7-e0f7-466b-aa6a-efe9ec2d9eaf" testListId="8c84fa94-04c1-424b-9868-57a2d4851a1d" />
    <TestEntry testId="e3b839c2-e03a-d3d3-366d-bdc7445c33b9" executionId="595679b5-fb20-4589-bce2-bc01eb2d6bd7" testListId="8c84fa94-04c1-424b-9868-57a2d4851a1d" />
    <TestEntry testId="affef2d3-c10d-4cb5-6530-2f3b045ba748" executionId="32cb834e-8187-4daa-9757-b470d3fbf95b" testListId="8c84fa94-04c1-424b-9868-57a2d4851a1d" />
    <TestEntry testId="111d06c9-4cd4-6cba-3173-fdf023268314" executionId="98784433-aebb-4795-97e5-78f0cbb6886d" testListId="8c84fa94-04c1-424b-9868-57a2d4851a1d" />
    <TestEntry testId="35ceaad4-c06f-bab3-a82c-ee546a81b4b2" executionId="618ec895-88ec-4347-9e25-516722192e2e" testListId="8c84fa94-04c1-424b-9868-57a2d4851a1d" />
    <TestEntry testId="efcbbb2e-4729-1484-a77d-36bee6cfc758" executionId="352110ce-f86a-441a-ad22-a2ced8083f2f" testListId="8c84fa94-04c1-424b-9868-57a2d4851a1d" />
    <TestEntry testId="9ae6b8dd-deef-d3eb-7990-67c38bb2060b" executionId="677321bc-886e-4d93-9b2b-c15696b7c082" testListId="8c84fa94-04c1-424b-9868-57a2d4851a1d" />
    <TestEntry testId="fbab64ee-7127-9589-fc61-e4bbea84aace" executionId="a5264674-f8d3-49ee-b98c-7b63100adbdf" testListId="8c84fa94-04c1-424b-9868-57a2d4851a1d" />
    <TestEntry testId="24b7db1a-55ad-bdfc-4cc8-efdbf4be161e" executionId="248876c4-8707-4e53-bc9a-d7c8225a43de" testListId="8c84fa94-04c1-424b-9868-57a2d4851a1d" />
    <TestEntry testId="f87ec8a5-7d04-32a1-1043-d71b6f212338" executionId="491b26a7-a602-4241-a69d-1e458a808256" testListId="8c84fa94-04c1-424b-9868-57a2d4851a1d" />
    <TestEntry testId="3a2295f1-fb35-f697-35b2-57b2cb91efed" executionId="e9d2819f-05be-41b2-ac73-47f38ee76e88" testListId="8c84fa94-04c1-424b-9868-57a2d4851a1d" />
    <TestEntry testId="4a97e235-193c-3c1c-49d8-937f431eb76d" executionId="fd2877c4-77a8-45c9-8b07-3378365d6b6d" testListId="8c84fa94-04c1-424b-9868-57a2d4851a1d" />
    <TestEntry testId="f76c7dc0-c111-728e-9300-2997342e28d6" executionId="cf124afa-d315-4b05-b9e0-d99081c2eae6" testListId="8c84fa94-04c1-424b-9868-57a2d4851a1d" />
    <TestEntry testId="84ea6388-6faa-9f02-bb04-b401798990b8" executionId="64f8d67a-6fe6-4986-a3f1-beb7bddad41c" testListId="8c84fa94-04c1-424b-9868-57a2d4851a1d" />
    <TestEntry testId="2a9d96b8-9bb3-a761-7946-62b6b8734ef1" executionId="58fa028e-f7c0-4c5d-8d26-fed5140d976b" testListId="8c84fa94-04c1-424b-9868-57a2d4851a1d" />
    <TestEntry testId="505c788d-dbb2-37d4-f48d-f0d7847df9e4" executionId="f7485f3e-c00b-484d-9587-b505385d9bf1" testListId="8c84fa94-04c1-424b-9868-57a2d4851a1d" />
    <TestEntry testId="f826b84b-517b-7700-4b4b-836a29045582" executionId="e6c7cffe-3723-441e-ad66-fbbf14901aab" testListId="8c84fa94-04c1-424b-9868-57a2d4851a1d" />
    <TestEntry testId="14bc2d4b-3520-2bfe-27fe-9ba9e3a6e878" executionId="3678074a-6072-48e9-8bf2-3a49f45368f4" testListId="8c84fa94-04c1-424b-9868-57a2d4851a1d" />
    <TestEntry testId="c16d39f7-256f-8f27-00da-66c28547355f" executionId="7cede04d-df55-470d-b46e-d4a22fce1faa" testListId="8c84fa94-04c1-424b-9868-57a2d4851a1d" />
    <TestEntry testId="ff9901cb-c3aa-3a10-c79f-44b9c1466448" executionId="96193279-56f7-42f9-9fbb-6301f59ca17a" testListId="8c84fa94-04c1-424b-9868-57a2d4851a1d" />
    <TestEntry testId="d3d83ac0-5e0a-b357-2b54-15d4e2796b29" executionId="116e3ed4-2d94-4b74-aea6-5dc8538c81a2" testListId="8c84fa94-04c1-424b-9868-57a2d4851a1d" />
    <TestEntry testId="10e6a70a-2db7-b709-b4a4-82b2e1d4dbcc" executionId="88945ab5-3f02-4234-85a0-3e3bfa4626a5" testListId="8c84fa94-04c1-424b-9868-57a2d4851a1d" />
    <TestEntry testId="aa3c231a-3daa-baa1-5194-da9cf8c84c9c" executionId="7f76e762-b2b4-46e1-96b1-c8f275174814" testListId="8c84fa94-04c1-424b-9868-57a2d4851a1d" />
    <TestEntry testId="7fd595fb-cdf4-c863-6938-e65835661343" executionId="bc81df1e-3fa8-476d-9ce8-b96788cac5d5" testListId="8c84fa94-04c1-424b-9868-57a2d4851a1d" />
    <TestEntry testId="9f7f9e9d-b0b7-4ca3-3012-99c062f27ddf" executionId="6fb33180-4e7d-46c7-b3a0-6e49d8b66e7b" testListId="8c84fa94-04c1-424b-9868-57a2d4851a1d" />
    <TestEntry testId="af883bea-ce0f-fcb2-bdbb-97ee264cff1e" executionId="cae2fc50-d3e2-46ba-88e8-7aeca090ed47" testListId="8c84fa94-04c1-424b-9868-57a2d4851a1d" />
    <TestEntry testId="34014fcf-2c94-a8a8-6856-4a00600fe823" executionId="84686124-c003-40e6-a4c3-10deac4c8def" testListId="8c84fa94-04c1-424b-9868-57a2d4851a1d" />
    <TestEntry testId="c36c78c0-6a34-8483-ee5a-81b0c42f042a" executionId="ddecfb64-2517-4726-a95e-9f63417ff92b" testListId="8c84fa94-04c1-424b-9868-57a2d4851a1d" />
    <TestEntry testId="3b7fe12f-f104-28ba-9d8f-b2066adda570" executionId="8adc2faa-a64b-4612-baa6-b0b3d990a2b8" testListId="8c84fa94-04c1-424b-9868-57a2d4851a1d" />
    <TestEntry testId="a175be32-4dd0-85e1-2998-7a89c5e19f7e" executionId="9abf0935-ceee-4d71-aff2-2c8191bbd952" testListId="8c84fa94-04c1-424b-9868-57a2d4851a1d" />
    <TestEntry testId="2b552798-c1bf-42b0-7937-1612eb6ca2c9" executionId="65652f6a-03a5-4883-ab7e-c5439b42a7ed" testListId="8c84fa94-04c1-424b-9868-57a2d4851a1d" />
    <TestEntry testId="5cb6bbaa-691c-1ecc-e5c4-809f3c05642c" executionId="2c171aa3-46e0-4457-8e6e-7e1e6c143478" testListId="8c84fa94-04c1-424b-9868-57a2d4851a1d" />
    <TestEntry testId="5b2c5ffa-cabd-29a7-0b39-bcfc8c41e29d" executionId="9437d459-290f-4426-b745-58596026fb51" testListId="8c84fa94-04c1-424b-9868-57a2d4851a1d" />
    <TestEntry testId="fc96fdce-1ea7-6d50-6f4b-44f66f0508f7" executionId="c7735146-cdd5-4067-aedf-59d93b53079b" testListId="8c84fa94-04c1-424b-9868-57a2d4851a1d" />
    <TestEntry testId="9b5f6a70-8d47-414a-4fd3-1da8ef8f33e0" executionId="9f545518-dc02-4a6d-879f-8404f00b97fe" testListId="8c84fa94-04c1-424b-9868-57a2d4851a1d" />
    <TestEntry testId="c130aed9-32b1-760a-3dcb-a8b8c096e17f" executionId="421871fe-b39d-4085-9b1a-8008334e74d2" testListId="8c84fa94-04c1-424b-9868-57a2d4851a1d" />
    <TestEntry testId="70f569c5-456a-ef31-eb13-0e4bb88f453a" executionId="308b87d2-72e8-4663-a920-9d656f150552" testListId="8c84fa94-04c1-424b-9868-57a2d4851a1d" />
    <TestEntry testId="7b39fe8e-5b5c-2faa-0f28-296e2ba0d8e6" executionId="6b924699-8f07-4098-ac2b-1344bc060085" testListId="8c84fa94-04c1-424b-9868-57a2d4851a1d" />
    <TestEntry testId="78c2d779-622e-e1fb-83b4-5fd51c717fa9" executionId="ca44aa73-f03a-4e6d-81b8-de662fede9a1" testListId="8c84fa94-04c1-424b-9868-57a2d4851a1d" />
    <TestEntry testId="67d720e5-abf8-7065-23fb-88a8d79b3f2d" executionId="36faab3b-e302-44d4-9cfd-b15329df04c8" testListId="8c84fa94-04c1-424b-9868-57a2d4851a1d" />
    <TestEntry testId="e1a43ac3-9028-4ca8-2faa-56a923766e8d" executionId="4012a1be-0037-4ebf-883f-9fed3e236dee" testListId="8c84fa94-04c1-424b-9868-57a2d4851a1d" />
    <TestEntry testId="181d70f8-278c-5d09-6a77-8e51bbff4e94" executionId="4f1ead63-863c-46ee-8bdb-2fce3dd4cc55" testListId="8c84fa94-04c1-424b-9868-57a2d4851a1d" />
    <TestEntry testId="224df74d-dad6-9995-647f-6e7df18fb50f" executionId="9477a21f-767e-474f-9a0d-af4c2424c129" testListId="8c84fa94-04c1-424b-9868-57a2d4851a1d" />
    <TestEntry testId="d6740424-744f-c9f6-9239-466a06bb00d5" executionId="253b8252-52ea-45bb-bc26-d4e9b62b4c4b" testListId="8c84fa94-04c1-424b-9868-57a2d4851a1d" />
    <TestEntry testId="754663b9-0351-5165-d914-a027c9361c3d" executionId="728a8f6b-2245-4d8f-904d-8318d43c8d3f" testListId="8c84fa94-04c1-424b-9868-57a2d4851a1d" />
    <TestEntry testId="89458b2f-bf56-edb5-cf5b-4b73aecfd6bb" executionId="f8092bbb-e635-46a4-a7e5-330b37b36f73" testListId="8c84fa94-04c1-424b-9868-57a2d4851a1d" />
    <TestEntry testId="b86afa18-a628-b7e7-ba54-7287582a3857" executionId="b568bb52-3621-4637-b777-ddc3d5ac52df" testListId="8c84fa94-04c1-424b-9868-57a2d4851a1d" />
    <TestEntry testId="e75c12f1-a90b-e03c-d845-1ff587d9d955" executionId="3688225f-ea29-4d4c-a712-bdbfaa4b6a47" testListId="8c84fa94-04c1-424b-9868-57a2d4851a1d" />
    <TestEntry testId="bd9668a1-17f2-b752-ac9e-39843a43628c" executionId="ea44fbec-c8b9-40f3-b7ef-6f5532f6d073" testListId="8c84fa94-04c1-424b-9868-57a2d4851a1d" />
    <TestEntry testId="38690237-f9e9-6322-eb6e-73617bb019e8" executionId="bbb6f486-6bcd-46b7-94fd-c9ada604ab99" testListId="8c84fa94-04c1-424b-9868-57a2d4851a1d" />
    <TestEntry testId="06b78a65-330d-e218-0fac-62a0f1a482d0" executionId="757578d0-6ea3-4e87-ae0a-3cbd1dd6ccf2" testListId="8c84fa94-04c1-424b-9868-57a2d4851a1d" />
    <TestEntry testId="f77f4559-b59f-2c71-c453-94f333d09b94" executionId="9e575cb1-8aa7-4784-85a3-268ae1d944d4" testListId="8c84fa94-04c1-424b-9868-57a2d4851a1d" />
    <TestEntry testId="e6edb964-01f9-3f9b-6b30-0ab79a5dbe6f" executionId="6f2ec3f6-5459-40d2-95a7-f745ebfd4930" testListId="8c84fa94-04c1-424b-9868-57a2d4851a1d" />
    <TestEntry testId="e3ecd0db-a0e2-4c11-d839-14fb7e1cfeba" executionId="7b89ec6b-8a1a-4ea0-b034-a0e2cbbc80a4" testListId="8c84fa94-04c1-424b-9868-57a2d4851a1d" />
    <TestEntry testId="c51f6c25-b8c6-9d08-02d8-01908dd296e9" executionId="b9190c02-cbfe-428e-9fa2-f6f53f09cb98" testListId="8c84fa94-04c1-424b-9868-57a2d4851a1d" />
    <TestEntry testId="786f17f5-ad06-3747-64a3-325107c17c7c" executionId="9935053a-3ee9-4131-ae68-62698f1ef842" testListId="8c84fa94-04c1-424b-9868-57a2d4851a1d" />
    <TestEntry testId="71bebfc5-5670-6252-641c-287adb367409" executionId="8455bc89-270c-47c3-82a9-76445beb6065" testListId="8c84fa94-04c1-424b-9868-57a2d4851a1d" />
    <TestEntry testId="9778037c-bb79-88e5-3d54-ea0648e41edd" executionId="28ed8476-9fe0-4845-938d-a45da1dd25dc" testListId="8c84fa94-04c1-424b-9868-57a2d4851a1d" />
    <TestEntry testId="6f2b6ddc-496f-2acb-3356-15520170211d" executionId="a83324a4-4211-4af5-942a-4d00f3fca681" testListId="8c84fa94-04c1-424b-9868-57a2d4851a1d" />
    <TestEntry testId="a8362fb8-5d96-31d5-0325-039ac5484f19" executionId="52ce3a6f-0cda-4142-8c69-02cf28c2c105" testListId="8c84fa94-04c1-424b-9868-57a2d4851a1d" />
    <TestEntry testId="8e6ab1b1-bf0a-d357-08e7-1c8c77e9ff32" executionId="d078bccb-1798-4cc6-94d2-be2d7f92564a" testListId="8c84fa94-04c1-424b-9868-57a2d4851a1d" />
    <TestEntry testId="953ea75a-374f-3f00-1dac-84aa23f3a9b6" executionId="33b5f456-eec7-4283-b5e2-042f806f50f9" testListId="8c84fa94-04c1-424b-9868-57a2d4851a1d" />
    <TestEntry testId="f0e5963e-e1d2-34d9-6b14-d531954d0194" executionId="100479d9-0dcf-4859-848d-9f66ce3a34a4" testListId="8c84fa94-04c1-424b-9868-57a2d4851a1d" />
    <TestEntry testId="cdf3a932-6621-0cbb-2f82-fbdd8dd2fb4e" executionId="0851448f-3f10-499b-a7ff-0cf3eb8a95fb" testListId="8c84fa94-04c1-424b-9868-57a2d4851a1d" />
    <TestEntry testId="47ffbc3e-3981-eefc-ecb2-1976362ef4f5" executionId="0fdd60f5-3a49-4e4d-a466-7ddec2d93861" testListId="8c84fa94-04c1-424b-9868-57a2d4851a1d" />
    <TestEntry testId="347d56ef-1d43-5675-009d-0f33912828a4" executionId="fce702b1-ee77-4c8d-9944-4bf145524c22" testListId="8c84fa94-04c1-424b-9868-57a2d4851a1d" />
    <TestEntry testId="41d044e4-7fc3-7d49-0636-bd6cae041bd6" executionId="51b90f7d-92d1-4801-88c6-bebd16a917db" testListId="8c84fa94-04c1-424b-9868-57a2d4851a1d" />
    <TestEntry testId="078381a4-bf85-d064-ddb1-0bc7c030def3" executionId="c61809c0-2602-48c0-8491-32370bea6225" testListId="8c84fa94-04c1-424b-9868-57a2d4851a1d" />
    <TestEntry testId="2ad441ae-8abe-2410-be65-fb4f9139a87f" executionId="e6aed802-0a65-448b-83dc-d169c75b92f3" testListId="8c84fa94-04c1-424b-9868-57a2d4851a1d" />
    <TestEntry testId="dd780b02-ed7b-8fe3-2b51-caee07a33c79" executionId="e99fc3fe-6db6-43b2-849c-6ab75f10dc32" testListId="8c84fa94-04c1-424b-9868-57a2d4851a1d" />
    <TestEntry testId="4dc7a6f3-51ff-efa7-2f91-3f44d0082dd8" executionId="1c21bab4-6b2c-40c1-9aae-8694c220142d" testListId="8c84fa94-04c1-424b-9868-57a2d4851a1d" />
    <TestEntry testId="1fc38a4d-2074-fb33-3ff0-14c9c54c2250" executionId="673f2121-36f7-4f8c-b46c-7ead9bd6fef8" testListId="8c84fa94-04c1-424b-9868-57a2d4851a1d" />
    <TestEntry testId="bbb39783-e361-2881-c146-e81043b80afb" executionId="ddf35a95-53b2-4ee3-b30e-6e63b6397bc6" testListId="8c84fa94-04c1-424b-9868-57a2d4851a1d" />
    <TestEntry testId="ae6444fb-a0ac-1835-5419-5e614e603db6" executionId="1bf36d41-a12d-487a-a4be-8c525b12527d" testListId="8c84fa94-04c1-424b-9868-57a2d4851a1d" />
    <TestEntry testId="95bffadc-3ed7-ea26-2dd7-6fbeb4866c83" executionId="c450c448-ad37-432d-8a4f-4d0e4f78eca3" testListId="8c84fa94-04c1-424b-9868-57a2d4851a1d" />
    <TestEntry testId="77f1e946-b85b-1cb4-1ba6-3b0c3774a52e" executionId="f5cb9e12-fe9c-4383-860f-ded41a95a956" testListId="8c84fa94-04c1-424b-9868-57a2d4851a1d" />
    <TestEntry testId="c893654b-fb60-6d8d-05da-1d963f4c295f" executionId="323ffc76-81a3-48a5-a8d4-fa8ca7d4d645" testListId="8c84fa94-04c1-424b-9868-57a2d4851a1d" />
    <TestEntry testId="bfb49db9-795a-29eb-0ada-0ffb0321a7a7" executionId="da1fb8f6-3e95-4812-a091-378ec01c3c3d" testListId="8c84fa94-04c1-424b-9868-57a2d4851a1d" />
    <TestEntry testId="d3d89e3f-3450-fc54-0091-553ee78a75e4" executionId="f31d4c50-766b-4603-8658-f827a300bba3" testListId="8c84fa94-04c1-424b-9868-57a2d4851a1d" />
    <TestEntry testId="c2dd69af-50db-2db6-f124-4bb2e4ee79c2" executionId="fe74805d-3017-4c7d-a167-2162bcd975df" testListId="8c84fa94-04c1-424b-9868-57a2d4851a1d" />
    <TestEntry testId="a654dbd7-4cb8-9b48-2d5b-30e0b5a5179c" executionId="ce0b95ee-d6c6-456c-bfb2-a473b05fb541" testListId="8c84fa94-04c1-424b-9868-57a2d4851a1d" />
    <TestEntry testId="7f31d8ec-54e9-62e6-4a24-ff4c094fa0a9" executionId="f8ed63a4-38d7-49c4-87bc-99b99253a14a" testListId="8c84fa94-04c1-424b-9868-57a2d4851a1d" />
    <TestEntry testId="b5e8cb0a-b56e-20d9-8d3b-53b576033858" executionId="b252112b-6856-4c72-ae16-be21bd263123" testListId="8c84fa94-04c1-424b-9868-57a2d4851a1d" />
  </TestEntries>
  <TestLists>
    <TestList name="列表中未列出的结果" id="8c84fa94-04c1-424b-9868-57a2d4851a1d" />
    <TestList name="所有已加载的结果" id="19431567-8539-422a-85d7-44ee4e166bda" />
  </TestLists>
  <ResultSummary outcome="Completed">
    <Counters total="87" executed="87" passed="87" failed="0" error="0" timeout="0" aborted="0" inconclusive="0" passedButRunAborted="0" notRunnable="0" notExecuted="0" disconnected="0" warning="0" completed="0" inProgress="0" pending="0" />
    <Output>
      <StdOut>[xUnit.net 00:00:00.00] xUnit.net VSTest Adapter v3.1.4+50e68bbb8b (64-bit .NET 10.0.9)
[xUnit.net 00:00:00.12]   Discovering: IIoT.Edge.Cloud.ContractTests
[xUnit.net 00:00:00.26]   Discovered:  IIoT.Edge.Cloud.ContractTests
[xUnit.net 00:00:00.76]   Starting:    IIoT.Edge.Cloud.ContractTests
[xUnit.net 00:00:01.37]   Finished:    IIoT.Edge.Cloud.ContractTests
</StdOut>
    </Output>
  </ResultSummary>
</TestRun>