<?xml version="1.0" encoding="utf-8"?>
<TestRun id="4e5c6acf-2459-4383-94fb-1e7077de45d9" name="@xiaoshu 2026-07-17 16:02:07" xmlns="http://microsoft.com/schemas/VisualStudio/TeamTest/2010">
  <Times creation="2026-07-17T16:02:07.4051690+08:00" queuing="2026-07-17T16:02:07.4051690+08:00" start="2026-07-17T16:00:30.0666580+08:00" finish="2026-07-17T16:02:07.4076590+08:00" />
  <TestSettings name="default" id="fd3c3f9b-2d00-44f7-96a0-3a9006dde412">
    <Deployment runDeploymentRoot="_xiaoshu_2026-07-17_16_02_07" />
  </TestSettings>
  <Results>
    <UnitTestResult executionId="59193743-61e9-4fd1-992e-0e6a4e7da062" testId="60c43bb9-a784-4413-60a6-966b1fb621bb" testName="IIoT.CloudPlatform.WorkspaceAlignmentTests.CloudWorkspaceAlignmentTests.CurrentCloudAndAICopilotTypedClient_ShouldPassWorkspaceAlignment" computerName="xiaoshu" duration="00:00:49.0406356" startTime="2026-07-17T16:00:30.7668200+08:00" endTime="2026-07-17T16:02:07.1568010+08:00" testType="13cdc9d9-ddb5-4fa4-a97d-d965ccfc6d4b" outcome="Passed" testListId="8c84fa94-04c1-424b-9868-57a2d4851a1d" relativeResultsDirectory="59193743-61e9-4fd1-992e-0e6a4e7da062" />
  </Results>
  <TestDefinitions>
    <UnitTest name="IIoT.CloudPlatform.WorkspaceAlignmentTests.CloudWorkspaceAlignmentTests.CurrentCloudAndAICopilotTypedClient_ShouldPassWorkspaceAlignment" storage="/users/shushu/developer/产线系统架构升级/1/.codex-worktrees/cloud-cache-001/src/tests/iiot.cloudplatform.workspacealignmenttests/bin/release/net10.0/iiot.cloudplatform.workspacealignmenttests.dll" id="60c43bb9-a784-4413-60a6-966b1fb621bb">
      <Execution id="59193743-61e9-4fd1-992e-0e6a4e7da062" />
      <TestMethod codeBase="/Users/shushu/Developer/产线系统架构升级/1/.codex-worktrees/cloud-cache-001/src/tests/IIoT.CloudPlatform.WorkspaceAlignmentTests/bin/Release/net10.0/IIoT.CloudPlatform.WorkspaceAlignmentTests.dll" adapterTypeName="executor://xunit/VsTestRunner3/netcore/" className="IIoT.CloudPlatform.WorkspaceAlignmentTests.CloudWorkspaceAlignmentTests" name="CurrentCloudAndAICopilotTypedClient_ShouldPassWorkspaceAlignment" />
    </UnitTest>
  </TestDefinitions>
  <TestEntries>
    <TestEntry testId="60c43bb9-a784-4413-60a6-966b1fb621bb" executionId="59193743-61e9-4fd1-992e-0e6a4e7da062" testListId="8c84fa94-04c1-424b-9868-57a2d4851a1d" />
  </TestEntries>
  <TestLists>
    <TestList name="列表中未列出的结果" id="8c84fa94-04c1-424b-9868-57a2d4851a1d" />
    <TestList name="所有已加载的结果" id="19431567-8539-422a-85d7-44ee4e166bda" />
  </TestLists>
  <ResultSummary outcome="Completed">
    <Counters total="1" executed="1" passed="1" failed="0" error="0" timeout="0" aborted="0" inconclusive="0" passedButRunAborted="0" notRunnable="0" notExecuted="0" disconnected="0" warning="0" completed="0" inProgress="0" pending="0" />
    <Output>
      <StdOut>[xUnit.net 00:00:00.00] xUnit.net VSTest Adapter v3.1.4+50e68bbb8b (64-bit .NET 10.0.9)
[xUnit.net 00:00:00.04]   Discovering: IIoT.CloudPlatform.WorkspaceAlignmentTests
[xUnit.net 00:00:00.07]   Discovered:  IIoT.CloudPlatform.WorkspaceAlignmentTests
[xUnit.net 00:00:00.08]   Starting:    IIoT.CloudPlatform.WorkspaceAlignmentTests
CLOUD_AI_WORKSPACE_EVIDENCE cloud_root_b64=L1VzZXJzL3NodXNodS9EZXZlbG9wZXIv5Lqn57q/57O757uf5p625p6E5Y2H57qnLzEvLmNvZGV4LXdvcmt0cmVlcy9jbG91ZC1jYWNoZS0wMDE= cloud_head=c06c238516470f0efb81464b9e3b83bb20811191 cloud_contract_sha256=f277f1cbfa590a09b06da776026c80ecb4050f45ae96b034322596a507da475c ai_root_b64=L1VzZXJzL3NodXNodS9EZXZlbG9wZXIv5Lqn57q/57O757uf5p625p6E5Y2H57qnLzEvLmNvZGV4LXdvcmt0cmVlcy9haS1waGFzZTAtY2xvc2VvdXQ= ai_head=59b93f7145fbe2dc908aa35970566d25875b473c ai_contract_sha256=333ed01babc7f06bce6bea15018126bfed0906cf6b1e8c5a3de6cf306889360e
info: Aspire.Hosting.DistributedApplication[0]
      Aspire version: 13.1.2+895a2f0b09d747a052aaaf0273d55ad0e2dc95b0
info: Aspire.Hosting.DistributedApplication[0]
      Distributed application starting.
info: Aspire.Hosting.DistributedApplication[0]
      Application host directory is: /Users/shushu/Developer/产线系统架构升级/1/.codex-worktrees/cloud-cache-001/src/hosts/IIoT.AppHost
info: IIoT.AppHost.Resources.iiot-web[0]
      1: 2026-07-17T08:00:32.8739850Z Waiting for resource 'iiot-web-installer' to complete.
info: IIoT.AppHost.Resources.iiot-httpapi[0]
      1: 2026-07-17T08:00:32.8739790Z Waiting for resource 'iiot-migrationworkapp' to complete.
info: IIoT.AppHost.Resources.iiot-gateway[0]
      1: 2026-07-17T08:00:32.8741680Z Waiting for resource 'iiot-httpapi' to enter the 'Running' state.
info: IIoT.AppHost.Resources.iiot-migrationworkapp[0]
      1: 2026-07-17T08:00:32.8741680Z Waiting for resource 'postgres' to enter the 'Running' state.
info: IIoT.AppHost.Resources.iiot-dataworker[0]
      1: 2026-07-17T08:00:32.8739790Z Waiting for resource 'iiot-migrationworkapp' to complete.
info: IIoT.AppHost.Resources.iiot-migrationworkapp[0]
      2: 2026-07-17T08:00:32.8787870Z Waiting for resource 'iiot-db' to enter the 'Running' state.
info: IIoT.AppHost.Resources.iiot-web-installer[0]
      1: [sys] Starting process...: Cmd = /Users/shushu/.nvm/versions/node/v24.16.0/bin/npm, Args = ["install"]
info: IIoT.AppHost.Resources.iiot-web-installer[0]
      2: 2026-07-17T08:00:33.2930000Z 
info: IIoT.AppHost.Resources.iiot-web-installer[0]
      3: 2026-07-17T08:00:33.2930000Z up to date in 316ms
info: IIoT.AppHost.Resources.iiot-web-installer[0]
      4: 2026-07-17T08:00:33.2930000Z 
info: IIoT.AppHost.Resources.iiot-web-installer[0]
      5: 2026-07-17T08:00:33.2930000Z 67 packages are looking for funding
info: IIoT.AppHost.Resources.iiot-web-installer[0]
      6: 2026-07-17T08:00:33.2930000Z   run `npm fund` for details
info: IIoT.AppHost.Resources.iiot-web[0]
      2: 2026-07-17T08:00:33.4098420Z Finished waiting for resource 'iiot-web-installer'.
info: IIoT.AppHost.Resources.iiot-web[0]
      3: [sys] Starting process...: Cmd = /Users/shushu/.nvm/versions/node/v24.16.0/bin/npm, Args = ["run", "dev", "--", "--port", "62902"]
info: IIoT.AppHost.Resources.iiot-web[0]
      4: 2026-07-17T08:00:33.5290000Z 
info: IIoT.AppHost.Resources.iiot-web[0]
      5: 2026-07-17T08:00:33.5290000Z &gt; iiot-web@0.0.0 dev
info: IIoT.AppHost.Resources.iiot-web[0]
      6: 2026-07-17T08:00:33.5290000Z &gt; vite --port 62902
info: IIoT.AppHost.Resources.iiot-web[0]
      7: 2026-07-17T08:00:33.5290000Z 
info: IIoT.AppHost.Resources.iiot-web[0]
      8: 2026-07-17T08:00:33.9040000Z 
info: IIoT.AppHost.Resources.iiot-web[0]
      9: 2026-07-17T08:00:33.9040000Z   VITE v7.3.5  ready in 195 ms
info: IIoT.AppHost.Resources.iiot-web[0]
      10: 2026-07-17T08:00:33.9040000Z 
info: IIoT.AppHost.Resources.iiot-web[0]
      11: 2026-07-17T08:00:33.9040000Z   ➜  Local:   http://localhost:62902/
info: IIoT.AppHost.Resources.iiot-web[0]
      12: 2026-07-17T08:00:33.9040000Z   ➜  Network: use --host to expose
info: IIoT.AppHost.Resources.postgres[0]
      1: 2026-07-17T08:00:35.7440000Z 9871d1381177adc06208cb574ab8bd027078dcfe6bcae43ef5fe7a59c9d049d4
info: IIoT.AppHost.Resources.redis-cache[0]
      1: 2026-07-17T08:00:35.7430000Z 629e8e07386c93f7291b4fc237930a502af27f6ec1085160217c922b97a4db44
info: IIoT.AppHost.Resources.eventbus[0]
      1: 2026-07-17T08:00:35.7320000Z 7e1dd5cc29abc38dc82ade48b6546128c81047ce13210e0f762e71c466996292
info: IIoT.AppHost.Resources.pgweb[0]
      1: 2026-07-17T08:00:35.7100000Z baf5e23c198bbe8ace139ce3098cd66eb9c8c3b76f9b49c13efa30757d864843
info: IIoT.AppHost.Resources.pgweb[0]
      2: [sys] Added new ContainerNetworkConnection: ContainerName = pgweb-qmmycdch
info: IIoT.AppHost.Resources.redis-cache[0]
      2: [sys] Added new ContainerNetworkConnection: ContainerName = redis-cache-jdpjcswp
info: IIoT.AppHost.Resources.pgweb[0]
      3: 2026-07-17T08:00:36.9939233Z Pgweb v0.16.2 (git: e63945ee7182435a729f22a4203e2f15d00f6350) (go: go1.22.8) (build time: 2024-11-02T16:23:09Z) (arch: linux/arm64)
info: IIoT.AppHost.Resources.pgweb[0]
      4: 2026-07-17T08:00:36.9941587Z Starting server...
info: IIoT.AppHost.Resources.pgweb[0]
      5: 2026-07-17T08:00:36.9941668Z To view database open http://0.0.0.0:8081/ in browser
fail: IIoT.AppHost.Resources.pgweb[0]
      6: 2026-07-17T08:00:36.9951045Z time="2026-07-17T08:00:36Z" level=info msg="session manager cleanup enabled" timeout=3h0m0s
fail: IIoT.AppHost.Resources.pgweb[0]
      7: 2026-07-17T08:00:37.2321503Z time="2026-07-17T08:00:37Z" level=info msg=http_request duration="355.167µs" duration_ms=0 method=GET path=/ remote_addr=172.18.0.1 status=200
info: IIoT.AppHost.Resources.redis-cache[0]
      3: 2026-07-17T08:00:37.0456752Z 1:C 17 Jul 2026 08:00:37.045 * oO0OoO0OoO0Oo Redis is starting oO0OoO0OoO0Oo
info: IIoT.AppHost.Resources.redis-cache[0]
      4: 2026-07-17T08:00:37.0456954Z 1:C 17 Jul 2026 08:00:37.045 * Redis version=7.4.9, bits=64, commit=00000000, modified=0, pid=1, just started
info: IIoT.AppHost.Resources.redis-cache[0]
      5: 2026-07-17T08:00:37.0456970Z 1:C 17 Jul 2026 08:00:37.045 # Warning: no config file specified, using the default config. In order to specify a config file use redis-server /path/to/redis.conf
info: IIoT.AppHost.Resources.redis-cache[0]
      6: 2026-07-17T08:00:37.0460698Z 1:M 17 Jul 2026 08:00:37.045 * monotonic clock: POSIX clock_gettime
info: IIoT.AppHost.Resources.redis-cache[0]
      7: 2026-07-17T08:00:37.0475026Z 1:M 17 Jul 2026 08:00:37.047 * Running mode=standalone, port=6379.
info: IIoT.AppHost.Resources.redis-cache[0]
      8: 2026-07-17T08:00:37.0475098Z 1:M 17 Jul 2026 08:00:37.047 * Server initialized
info: IIoT.AppHost.Resources.redis-cache[0]
      9: 2026-07-17T08:00:37.0479681Z 1:M 17 Jul 2026 08:00:37.047 * Ready to accept connections tcp
info: IIoT.AppHost.Resources.eventbus[0]
      2: [sys] Added new ContainerNetworkConnection: ContainerName = eventbus-rhkjnptn
info: IIoT.AppHost.Resources.iiot-migrationworkapp[0]
      3: 2026-07-17T08:00:39.2890840Z Waiting for resource 'postgres' to become healthy.
info: IIoT.AppHost.Resources.iiot-migrationworkapp[0]
      4: 2026-07-17T08:00:39.2890870Z Waiting for resource 'iiot-db' to become healthy.
info: IIoT.AppHost.Resources.postgres[0]
      2: [sys] Added new ContainerNetworkConnection: ContainerName = postgres-qmqptzrt
fail: IIoT.AppHost.Resources.postgres[0]
      3: 2026-07-17T08:00:39.3495329Z sh: locale: not found
info: IIoT.AppHost.Resources.postgres[0]
      4: 2026-07-17T08:00:39.1058993Z The files belonging to this database system will be owned by user "postgres".
info: IIoT.AppHost.Resources.postgres[0]
      5: 2026-07-17T08:00:39.1059370Z This user must also own the server process.
info: IIoT.AppHost.Resources.postgres[0]
      6: 2026-07-17T08:00:39.1059390Z 
info: IIoT.AppHost.Resources.postgres[0]
      7: 2026-07-17T08:00:39.1067089Z The database cluster will be initialized with locale "en_US.utf8".
info: IIoT.AppHost.Resources.postgres[0]
      8: 2026-07-17T08:00:39.1067206Z The default database encoding has accordingly been set to "UTF8".
info: IIoT.AppHost.Resources.postgres[0]
      9: 2026-07-17T08:00:39.1067218Z The default text search configuration will be set to "english".
info: IIoT.AppHost.Resources.postgres[0]
      10: 2026-07-17T08:00:39.1067228Z 
info: IIoT.AppHost.Resources.postgres[0]
      11: 2026-07-17T08:00:39.1067235Z Data page checksums are disabled.
info: IIoT.AppHost.Resources.postgres[0]
      12: 2026-07-17T08:00:39.1067263Z 
info: IIoT.AppHost.Resources.postgres[0]
      13: 2026-07-17T08:00:39.1067271Z fixing permissions on existing directory /var/lib/postgresql/data ... ok
info: IIoT.AppHost.Resources.postgres[0]
      14: 2026-07-17T08:00:39.1079151Z creating subdirectories ... ok
info: IIoT.AppHost.Resources.postgres[0]
      15: 2026-07-17T08:00:39.1079240Z selecting dynamic shared memory implementation ... posix
info: IIoT.AppHost.Resources.postgres[0]
      16: 2026-07-17T08:00:39.1231180Z selecting default "max_connections" ... 100
fail: IIoT.AppHost.Resources.postgres[0]
      17: 2026-07-17T08:00:39.3496095Z 2026-07-17 08:00:39.349 UTC [35] WARNING:  no usable system locales were found
info: IIoT.AppHost.Resources.postgres[0]
      18: 2026-07-17T08:00:39.1339663Z selecting default "shared_buffers" ... 128MB
info: IIoT.AppHost.Resources.postgres[0]
      19: 2026-07-17T08:00:39.1741212Z selecting default time zone ... UTC
info: IIoT.AppHost.Resources.postgres[0]
      20: 2026-07-17T08:00:39.1748780Z creating configuration files ... ok
info: IIoT.AppHost.Resources.postgres[0]
      21: 2026-07-17T08:00:39.2495408Z running bootstrap script ... ok
info: IIoT.AppHost.Resources.postgres[0]
      22: 2026-07-17T08:00:39.5375022Z performing post-bootstrap initialization ... ok
info: IIoT.AppHost.Resources.postgres[0]
      23: 2026-07-17T08:00:39.6204438Z syncing data to disk ... ok
info: IIoT.AppHost.Resources.postgres[0]
      24: 2026-07-17T08:00:39.6204698Z 
info: IIoT.AppHost.Resources.postgres[0]
      25: 2026-07-17T08:00:39.6204720Z Success. You can now start the database server using:
info: IIoT.AppHost.Resources.postgres[0]
      26: 2026-07-17T08:00:39.6204745Z 
info: IIoT.AppHost.Resources.postgres[0]
      27: 2026-07-17T08:00:39.6204752Z     pg_ctl -D /var/lib/postgresql/data -l logfile start
info: IIoT.AppHost.Resources.postgres[0]
      28: 2026-07-17T08:00:39.6204760Z 
info: IIoT.AppHost.Resources.postgres[0]
      29: 2026-07-17T08:00:39.6436892Z waiting for server to start....2026-07-17 08:00:39.643 UTC [41] LOG:  starting PostgreSQL 17.10 on aarch64-unknown-linux-musl, compiled by gcc (Alpine 15.2.0) 15.2.0, 64-bit
info: IIoT.AppHost.Resources.postgres[0]
      30: 2026-07-17T08:00:39.6444093Z 2026-07-17 08:00:39.644 UTC [41] LOG:  listening on Unix socket "/var/run/postgresql/.s.PGSQL.5432"
info: IIoT.AppHost.Resources.postgres[0]
      31: 2026-07-17T08:00:39.6465098Z 2026-07-17 08:00:39.646 UTC [44] LOG:  database system was shut down at 2026-07-17 08:00:39 UTC
info: IIoT.AppHost.Resources.postgres[0]
      32: 2026-07-17T08:00:39.6486121Z 2026-07-17 08:00:39.648 UTC [41] LOG:  database system is ready to accept connections
info: IIoT.AppHost.Resources.postgres[0]
      33: 2026-07-17T08:00:39.6493449Z 2026-07-17 08:00:39.649 UTC [47] LOG:  TimescaleDB background worker launcher connected to shared catalogs
info: IIoT.AppHost.Resources.postgres[0]
      34: 2026-07-17T08:00:39.7388170Z  done
info: IIoT.AppHost.Resources.postgres[0]
      35: 2026-07-17T08:00:39.7388382Z server started
info: IIoT.AppHost.Resources.postgres[0]
      36: 2026-07-17T08:00:39.7488719Z 
info: IIoT.AppHost.Resources.postgres[0]
      37: 2026-07-17T08:00:39.7488813Z /usr/local/bin/docker-entrypoint.sh: sourcing /docker-entrypoint-initdb.d/000_install_timescaledb.sh
info: IIoT.AppHost.Resources.postgres[0]
      38: 2026-07-17T08:00:39.8365028Z CREATE EXTENSION
fail: IIoT.AppHost.Resources.postgres[0]
      39: 2026-07-17T08:00:39.9314070Z \u001b[37;1mUsing postgresql.conf at this path:
info: IIoT.AppHost.Resources.postgres[0]
      40: 2026-07-17T08:00:39.9260763Z CREATE EXTENSION
info: IIoT.AppHost.Resources.postgres[0]
      41: 2026-07-17T08:00:39.9260880Z 2026-07-17 08:00:39.926 UTC [62] ERROR:  background worker "TimescaleDB Background Worker Scheduler for database 1" trying to connect to template database, exiting
fail: IIoT.AppHost.Resources.postgres[0]
      42: 2026-07-17T08:00:39.9314208Z \u001b[0m/var/lib/postgresql/data/postgresql.conf
info: IIoT.AppHost.Resources.postgres[0]
      43: 2026-07-17T08:00:39.9267510Z 
fail: IIoT.AppHost.Resources.postgres[0]
      44: 2026-07-17T08:00:39.9314225Z 
info: IIoT.AppHost.Resources.postgres[0]
      45: 2026-07-17T08:00:39.9267575Z /usr/local/bin/docker-entrypoint.sh: running /docker-entrypoint-initdb.d/001_timescaledb_tune.sh
fail: IIoT.AppHost.Resources.postgres[0]
      46: 2026-07-17T08:00:39.9354243Z \u001b[37;1mWriting backup to:
info: IIoT.AppHost.Resources.postgres[0]
      47: 2026-07-17T08:00:39.9353978Z shared_buffers = 1983MB
fail: IIoT.AppHost.Resources.postgres[0]
      48: 2026-07-17T08:00:39.9354275Z \u001b[0m/tmp/timescaledb_tune.backup202607170800
info: IIoT.AppHost.Resources.postgres[0]
      49: 2026-07-17T08:00:39.9354030Z effective_cache_size = 5951MB
info: IIoT.AppHost.Resources.postgres[0]
      50: 2026-07-17T08:00:39.9354039Z maintenance_work_mem = 1015799kB
fail: IIoT.AppHost.Resources.postgres[0]
      51: 2026-07-17T08:00:39.9354285Z 
info: IIoT.AppHost.Resources.postgres[0]
      52: 2026-07-17T08:00:39.9354047Z work_mem = 5290kB
fail: IIoT.AppHost.Resources.postgres[0]
      53: 2026-07-17T08:00:39.9354293Z \u001b[37;1mRecommendations based on 7.75 GB of available memory and 12 CPUs for PostgreSQL 17
info: IIoT.AppHost.Resources.postgres[0]
      54: 2026-07-17T08:00:39.9354054Z timescaledb.max_background_workers = 16
info: IIoT.AppHost.Resources.postgres[0]
      55: 2026-07-17T08:00:39.9354062Z max_worker_processes = 31
info: IIoT.AppHost.Resources.postgres[0]
      56: 2026-07-17T08:00:39.9354069Z max_parallel_workers_per_gather = 6
info: IIoT.AppHost.Resources.postgres[0]
      57: 2026-07-17T08:00:39.9354076Z max_parallel_workers = 12
info: IIoT.AppHost.Resources.postgres[0]
      58: 2026-07-17T08:00:39.9354083Z wal_buffers = 16MB
info: IIoT.AppHost.Resources.postgres[0]
      59: 2026-07-17T08:00:39.9354090Z min_wal_size = 512MB
info: IIoT.AppHost.Resources.postgres[0]
      60: 2026-07-17T08:00:39.9354097Z default_statistics_target = 100
info: IIoT.AppHost.Resources.postgres[0]
      61: 2026-07-17T08:00:39.9354104Z random_page_cost = 1.1
info: IIoT.AppHost.Resources.postgres[0]
      62: 2026-07-17T08:00:39.9354111Z checkpoint_completion_target = 0.9
info: IIoT.AppHost.Resources.postgres[0]
      63: 2026-07-17T08:00:39.9354118Z max_locks_per_transaction = 128
info: IIoT.AppHost.Resources.postgres[0]
      64: 2026-07-17T08:00:39.9354125Z autovacuum_max_workers = 10
info: IIoT.AppHost.Resources.postgres[0]
      65: 2026-07-17T08:00:39.9354132Z autovacuum_naptime = 10
info: IIoT.AppHost.Resources.postgres[0]
      66: 2026-07-17T08:00:39.9354139Z default_toast_compression = lz4
info: IIoT.AppHost.Resources.postgres[0]
      67: 2026-07-17T08:00:39.9354145Z jit = off
info: IIoT.AppHost.Resources.postgres[0]
      68: 2026-07-17T08:00:39.9354152Z effective_io_concurrency = 256
info: IIoT.AppHost.Resources.postgres[0]
      69: 2026-07-17T08:00:39.9354159Z timescaledb.last_tuned = '2026-07-17T08:00:39Z'
info: IIoT.AppHost.Resources.postgres[0]
      70: 2026-07-17T08:00:39.9354166Z timescaledb.last_tuned_version = '0.19.0'
info: IIoT.AppHost.Resources.postgres[0]
      71: 2026-07-17T08:00:39.9369070Z 
info: IIoT.AppHost.Resources.postgres[0]
      72: 2026-07-17T08:00:39.9373386Z waiting for server to shut down....2026-07-17 08:00:39.937 UTC [41] LOG:  received fast shutdown request
info: IIoT.AppHost.Resources.postgres[0]
      73: 2026-07-17T08:00:39.9383638Z 2026-07-17 08:00:39.938 UTC [41] LOG:  aborting any active transactions
fail: IIoT.AppHost.Resources.postgres[0]
      74: 2026-07-17T08:00:39.9358886Z \u001b[0m\u001b[37;1mSaving changes to: /var/lib/postgresql/data/postgresql.conf
fail: IIoT.AppHost.Resources.postgres[0]
      75: 2026-07-17T08:00:39.9363862Z \u001b[0m\u001b[37;1mRestart PostgreSQL to apply the modified configuration
info: IIoT.AppHost.Resources.postgres[0]
      76: 2026-07-17T08:00:39.9384134Z 2026-07-17 08:00:39.938 UTC [57] FATAL:  terminating background worker "TimescaleDB Background Worker Scheduler" due to administrator command
fail: IIoT.AppHost.Resources.postgres[0]
      77: 2026-07-17T08:00:40.0629973Z \u001b[0m2026-07-17 08:00:40.062 UTC [1] LOG:  starting PostgreSQL 17.10 on aarch64-unknown-linux-musl, compiled by gcc (Alpine 15.2.0) 15.2.0, 64-bit
info: IIoT.AppHost.Resources.postgres[0]
      78: 2026-07-17T08:00:39.9384155Z 2026-07-17 08:00:39.938 UTC [47] FATAL:  terminating background worker "TimescaleDB Background Worker Launcher" due to administrator command
fail: IIoT.AppHost.Resources.postgres[0]
      79: 2026-07-17T08:00:40.0630090Z 2026-07-17 08:00:40.062 UTC [1] LOG:  listening on IPv4 address "0.0.0.0", port 5432
info: IIoT.AppHost.Resources.postgres[0]
      80: 2026-07-17T08:00:39.9397891Z 2026-07-17 08:00:39.939 UTC [41] LOG:  background worker "TimescaleDB Background Worker Launcher" (PID 47) exited with exit code 1
info: IIoT.AppHost.Resources.postgres[0]
      81: 2026-07-17T08:00:39.9397941Z 2026-07-17 08:00:39.939 UTC [41] LOG:  background worker "logical replication launcher" (PID 48) exited with exit code 1
info: IIoT.AppHost.Resources.postgres[0]
      82: 2026-07-17T08:00:39.9398331Z 2026-07-17 08:00:39.939 UTC [41] LOG:  background worker "TimescaleDB Background Worker Scheduler" (PID 57) exited with exit code 1
info: IIoT.AppHost.Resources.postgres[0]
      83: 2026-07-17T08:00:39.9399675Z 2026-07-17 08:00:39.939 UTC [42] LOG:  shutting down
info: IIoT.AppHost.Resources.postgres[0]
      84: 2026-07-17T08:00:39.9405094Z 2026-07-17 08:00:39.940 UTC [42] LOG:  checkpoint starting: shutdown immediate
fail: IIoT.AppHost.Resources.postgres[0]
      85: 2026-07-17T08:00:40.0630102Z 2026-07-17 08:00:40.062 UTC [1] LOG:  listening on IPv6 address "::", port 5432
fail: IIoT.AppHost.Resources.postgres[0]
      86: 2026-07-17T08:00:40.0644932Z 2026-07-17 08:00:40.064 UTC [1] LOG:  listening on Unix socket "/var/run/postgresql/.s.PGSQL.5432"
fail: IIoT.AppHost.Resources.postgres[0]
      87: 2026-07-17T08:00:40.0663993Z 2026-07-17 08:00:40.066 UTC [77] LOG:  database system was shut down at 2026-07-17 08:00:40 UTC
fail: IIoT.AppHost.Resources.postgres[0]
      88: 2026-07-17T08:00:40.0690303Z 2026-07-17 08:00:40.068 UTC [1] LOG:  database system is ready to accept connections
info: IIoT.AppHost.Resources.postgres[0]
      89: 2026-07-17T08:00:40.0253345Z 2026-07-17 08:00:40.025 UTC [42] LOG:  checkpoint complete: wrote 665 buffers (4.1%); 0 WAL file(s) added, 0 removed, 0 recycled; write=0.005 s, sync=0.079 s, total=0.086 s; sync files=360, longest=0.012 s, average=0.001 s; distance=4090 kB, estimate=4090 kB; lsn=0/18EBCC8, redo lsn=0/18EBCC8
fail: IIoT.AppHost.Resources.postgres[0]
      90: 2026-07-17T08:00:40.0697450Z 2026-07-17 08:00:40.069 UTC [80] LOG:  TimescaleDB background worker launcher connected to shared catalogs
info: IIoT.AppHost.Resources.postgres[0]
      91: 2026-07-17T08:00:40.0272833Z 2026-07-17 08:00:40.027 UTC [41] LOG:  database system is shut down
info: IIoT.AppHost.Resources.postgres[0]
      92: 2026-07-17T08:00:40.0381711Z  done
info: IIoT.AppHost.Resources.postgres[0]
      93: 2026-07-17T08:00:40.0381922Z server stopped
info: IIoT.AppHost.Resources.postgres[0]
      94: 2026-07-17T08:00:40.0386273Z 
info: IIoT.AppHost.Resources.postgres[0]
      95: 2026-07-17T08:00:40.0386535Z PostgreSQL init process complete; ready for start up.
info: IIoT.AppHost.Resources.postgres[0]
      96: 2026-07-17T08:00:40.0386549Z 
info: IIoT.AppHost.Resources.iiot-migrationworkapp[0]
      5: 2026-07-17T08:00:40.4140450Z Waiting for resource ready to execute for 'postgres'.
info: IIoT.AppHost.Resources.postgres[0]
      97: 2026-07-17T08:00:40.4151390Z Creating database 'iiot-db'
info: IIoT.AppHost.Resources.postgres[0]
      98: 2026-07-17T08:00:40.4409000Z Database 'iiot-db' created successfully
info: IIoT.AppHost.Resources.iiot-migrationworkapp[0]
      6: 2026-07-17T08:00:40.4414450Z Finished waiting for resource 'postgres'.
fail: IIoT.AppHost.Resources.postgres[0]
      99: 2026-07-17T08:00:40.3552717Z 2026-07-17 08:00:40.355 UTC [84] FATAL:  database "iiot-db" does not exist
info: IIoT.AppHost.Resources.eventbus[0]
      3: 2026-07-17T08:00:40.8806736Z 2026-07-17 08:00:40.875915+00:00 [notice] &lt;0.45.0&gt; Application syslog exited with reason: stopped
info: IIoT.AppHost.Resources.eventbus[0]
      4: 2026-07-17T08:00:40.8807254Z 2026-07-17 08:00:40.880476+00:00 [notice] &lt;0.209.0&gt; Logging: switching to configured handler(s); following messages may not be visible in this log output
info: IIoT.AppHost.Resources.eventbus[0]
      5: 2026-07-17T08:00:40.8810870Z \u001b[38;5;87m2026-07-17 08:00:40.880946+00:00 [notice] &lt;0.209.0&gt; Logging: configured log handlers are now ACTIVE\u001b[0m
info: IIoT.AppHost.Resources.eventbus[0]
      6: 2026-07-17T08:00:40.8870625Z 2026-07-17 08:00:40.886886+00:00 [info] &lt;0.209.0&gt; ra: starting system coordination\u001b[0m
info: IIoT.AppHost.Resources.eventbus[0]
      7: 2026-07-17T08:00:40.8870906Z 2026-07-17 08:00:40.886953+00:00 [info] &lt;0.209.0&gt; starting Ra system: coordination in directory: /var/lib/rabbitmq/mnesia/eventbus@localhost/coordination/eventbus@localhost\u001b[0m
info: IIoT.AppHost.Resources.eventbus[0]
      8: 2026-07-17T08:00:40.8935039Z 2026-07-17 08:00:40.893325+00:00 [info] &lt;0.502.0&gt; ra_coordination_log_ets: in system coordination initialising. Mem table opts: [set,{write_concurrency,auto},public,{compressed,false}]\u001b[0m
info: IIoT.AppHost.Resources.eventbus[0]
      9: 2026-07-17T08:00:40.9260928Z 2026-07-17 08:00:40.925854+00:00 [info] &lt;0.508.0&gt; ra system 'coordination' running pre init for 0 registered servers\u001b[0m
info: IIoT.AppHost.Resources.eventbus[0]
      10: 2026-07-17T08:00:40.9328558Z 2026-07-17 08:00:40.932690+00:00 [info] &lt;0.509.0&gt; ra: meta data store initialised for system coordination. 0 record(s) recovered\u001b[0m
info: IIoT.AppHost.Resources.eventbus[0]
      11: 2026-07-17T08:00:40.9364088Z 2026-07-17 08:00:40.936223+00:00 [info] &lt;0.512.0&gt; segment_writer: upgrading segment file names to new format in dirctory /var/lib/rabbitmq/mnesia/eventbus@localhost/coordination/eventbus@localhost\u001b[0m
info: IIoT.AppHost.Resources.eventbus[0]
      12: 2026-07-17T08:00:40.9464911Z \u001b[38;5;87m2026-07-17 08:00:40.946327+00:00 [notice] &lt;0.514.0&gt; WAL: ra_coordination_log_wal init, mem-tables table name: ra_coordination_log_open_mem_tables\u001b[0m
info: IIoT.AppHost.Resources.eventbus[0]
      13: 2026-07-17T08:00:40.9512307Z 2026-07-17 08:00:40.951083+00:00 [info] &lt;0.209.0&gt; ra: starting system quorum_queues\u001b[0m
info: IIoT.AppHost.Resources.eventbus[0]
      14: 2026-07-17T08:00:40.9512532Z 2026-07-17 08:00:40.951107+00:00 [info] &lt;0.209.0&gt; starting Ra system: quorum_queues in directory: /var/lib/rabbitmq/mnesia/eventbus@localhost/quorum/eventbus@localhost\u001b[0m
info: IIoT.AppHost.Resources.eventbus[0]
      15: 2026-07-17T08:00:40.9515561Z 2026-07-17 08:00:40.951447+00:00 [info] &lt;0.518.0&gt; ra_log_ets: in system quorum_queues initialising. Mem table opts: [set,{write_concurrency,auto},public,{compressed,true}]\u001b[0m
info: IIoT.AppHost.Resources.eventbus[0]
      16: 2026-07-17T08:00:40.9520392Z 2026-07-17 08:00:40.951933+00:00 [info] &lt;0.522.0&gt; ra system 'quorum_queues' running pre init for 0 registered servers\u001b[0m
info: IIoT.AppHost.Resources.eventbus[0]
      17: 2026-07-17T08:00:40.9524414Z 2026-07-17 08:00:40.952342+00:00 [info] &lt;0.523.0&gt; ra: meta data store initialised for system quorum_queues. 0 record(s) recovered\u001b[0m
info: IIoT.AppHost.Resources.eventbus[0]
      18: 2026-07-17T08:00:40.9526032Z 2026-07-17 08:00:40.952416+00:00 [info] &lt;0.526.0&gt; segment_writer: upgrading segment file names to new format in dirctory /var/lib/rabbitmq/mnesia/eventbus@localhost/quorum/eventbus@localhost\u001b[0m
info: IIoT.AppHost.Resources.eventbus[0]
      19: 2026-07-17T08:00:40.9531755Z \u001b[38;5;87m2026-07-17 08:00:40.953066+00:00 [notice] &lt;0.528.0&gt; WAL: ra_log_wal init, mem-tables table name: ra_log_open_mem_tables\u001b[0m
info: IIoT.AppHost.Resources.eventbus[0]
      20: 2026-07-17T08:00:40.9541048Z 2026-07-17 08:00:40.953985+00:00 [info] &lt;0.530.0&gt; ra_system_recover: ra system 'quorum_queues' server recovery strategy rabbit_quorum_queue:system_recover\u001b[0m
info: IIoT.AppHost.Resources.eventbus[0]
      21: 2026-07-17T08:00:40.9541714Z 2026-07-17 08:00:40.954026+00:00 [info] &lt;0.530.0&gt; [rabbit_quorum_queue:system_recover/1] rabbit not booted, skipping queue recovery\u001b[0m
info: IIoT.AppHost.Resources.eventbus[0]
      22: 2026-07-17T08:00:40.9542397Z 2026-07-17 08:00:40.954106+00:00 [info] &lt;0.209.0&gt; ra: starting system coordination\u001b[0m
info: IIoT.AppHost.Resources.eventbus[0]
      23: 2026-07-17T08:00:40.9543092Z 2026-07-17 08:00:40.954132+00:00 [info] &lt;0.209.0&gt; starting Ra system: coordination in directory: /var/lib/rabbitmq/mnesia/eventbus@localhost/coordination/eventbus@localhost\u001b[0m
info: IIoT.AppHost.Resources.eventbus[0]
      24: 2026-07-17T08:00:41.0182576Z \u001b[38;5;87m2026-07-17 08:00:41.018048+00:00 [notice] &lt;0.532.0&gt; RabbitMQ metadata store: candidate -&gt; leader in term: 1 machine version: 2, last applied 0\u001b[0m
info: IIoT.AppHost.Resources.eventbus[0]
      25: 2026-07-17T08:00:41.1127031Z 2026-07-17 08:00:41.112448+00:00 [info] &lt;0.209.0&gt; \u001b[0m
info: IIoT.AppHost.Resources.eventbus[0]
      26: 2026-07-17T08:00:41.1127249Z 2026-07-17 08:00:41.112448+00:00 [info] &lt;0.209.0&gt;  Starting RabbitMQ 4.2.8 on Erlang 27.3.4.14 [jit]\u001b[0m
info: IIoT.AppHost.Resources.eventbus[0]
      27: 2026-07-17T08:00:41.1127267Z 2026-07-17 08:00:41.112448+00:00 [info] &lt;0.209.0&gt;  Copyright (c) 2007-2026 Broadcom Inc and/or its subsidiaries\u001b[0m
info: IIoT.AppHost.Resources.eventbus[0]
      28: 2026-07-17T08:00:41.1127277Z 2026-07-17 08:00:41.112448+00:00 [info] &lt;0.209.0&gt;  Licensed under the MPL 2.0. Website: https://rabbitmq.com\u001b[0m
info: IIoT.AppHost.Resources.eventbus[0]
      29: 2026-07-17T08:00:41.1131485Z 
info: IIoT.AppHost.Resources.eventbus[0]
      30: 2026-07-17T08:00:41.1131590Z   ##  ##      RabbitMQ 4.2.8
info: IIoT.AppHost.Resources.eventbus[0]
      31: 2026-07-17T08:00:41.1131601Z   ##  ##
info: IIoT.AppHost.Resources.eventbus[0]
      32: 2026-07-17T08:00:41.1131609Z   ##########  Copyright (c) 2007-2026 Broadcom Inc and/or its subsidiaries
info: IIoT.AppHost.Resources.eventbus[0]
      33: 2026-07-17T08:00:41.1131617Z   ######  ##
info: IIoT.AppHost.Resources.eventbus[0]
      34: 2026-07-17T08:00:41.1131624Z   ##########  Licensed under the MPL 2.0. Website: https://rabbitmq.com
info: IIoT.AppHost.Resources.eventbus[0]
      35: 2026-07-17T08:00:41.1131632Z 
info: IIoT.AppHost.Resources.eventbus[0]
      36: 2026-07-17T08:00:41.1131638Z   Erlang:      27.3.4.14 [jit]
info: IIoT.AppHost.Resources.eventbus[0]
      37: 2026-07-17T08:00:41.1131645Z   TLS Library: OpenSSL - OpenSSL 3.5.7 9 Jun 2026
info: IIoT.AppHost.Resources.eventbus[0]
      38: 2026-07-17T08:00:41.1131652Z   Release series support status: see https://www.rabbitmq.com/release-information
info: IIoT.AppHost.Resources.eventbus[0]
      39: 2026-07-17T08:00:41.1131659Z 
info: IIoT.AppHost.Resources.eventbus[0]
      40: 2026-07-17T08:00:41.1131665Z   Doc guides:  https://www.rabbitmq.com/docs
info: IIoT.AppHost.Resources.eventbus[0]
      41: 2026-07-17T08:00:41.1131673Z   Support:     https://www.rabbitmq.com/docs/contact
info: IIoT.AppHost.Resources.eventbus[0]
      42: 2026-07-17T08:00:41.1131679Z   Tutorials:   https://www.rabbitmq.com/tutorials
info: IIoT.AppHost.Resources.eventbus[0]
      43: 2026-07-17T08:00:41.1131686Z   Monitoring:  https://www.rabbitmq.com/docs/monitoring
info: IIoT.AppHost.Resources.eventbus[0]
      44: 2026-07-17T08:00:41.1131693Z   Upgrading:   https://www.rabbitmq.com/docs/upgrade
info: IIoT.AppHost.Resources.eventbus[0]
      45: 2026-07-17T08:00:41.1131700Z 
info: IIoT.AppHost.Resources.eventbus[0]
      46: 2026-07-17T08:00:41.1131706Z   Logs: &lt;stdout&gt;
info: IIoT.AppHost.Resources.eventbus[0]
      47: 2026-07-17T08:00:41.1131714Z 
info: IIoT.AppHost.Resources.eventbus[0]
      48: 2026-07-17T08:00:41.1131720Z   Config file(s): /etc/rabbitmq/conf.d/10-defaults.conf
info: IIoT.AppHost.Resources.eventbus[0]
      49: 2026-07-17T08:00:41.1131727Z 
info: IIoT.AppHost.Resources.eventbus[0]
      50: 2026-07-17T08:00:41.1135098Z   Starting broker...2026-07-17 08:00:41.113317+00:00 [info] &lt;0.209.0&gt; \u001b[0m
info: IIoT.AppHost.Resources.eventbus[0]
      51: 2026-07-17T08:00:41.1135167Z 2026-07-17 08:00:41.113317+00:00 [info] &lt;0.209.0&gt;  node           : eventbus@localhost\u001b[0m
info: IIoT.AppHost.Resources.eventbus[0]
      52: 2026-07-17T08:00:41.1135285Z 2026-07-17 08:00:41.113317+00:00 [info] &lt;0.209.0&gt;  home dir       : /var/lib/rabbitmq\u001b[0m
info: IIoT.AppHost.Resources.eventbus[0]
      53: 2026-07-17T08:00:41.1135297Z 2026-07-17 08:00:41.113317+00:00 [info] &lt;0.209.0&gt;  config file(s) : /etc/rabbitmq/conf.d/10-defaults.conf\u001b[0m
info: IIoT.AppHost.Resources.eventbus[0]
      54: 2026-07-17T08:00:41.1135308Z 2026-07-17 08:00:41.113317+00:00 [info] &lt;0.209.0&gt;  log(s)         : &lt;stdout&gt;\u001b[0m
info: IIoT.AppHost.Resources.eventbus[0]
      55: 2026-07-17T08:00:41.1135318Z 2026-07-17 08:00:41.113317+00:00 [info] &lt;0.209.0&gt;  data dir       : /var/lib/rabbitmq/mnesia/eventbus@localhost\u001b[0m
info: IIoT.AppHost.Resources.eventbus[0]
      56: 2026-07-17T08:00:41.2190629Z 2026-07-17 08:00:41.218859+00:00 [info] &lt;0.209.0&gt; Running boot step pre_boot defined by app rabbit\u001b[0m
info: IIoT.AppHost.Resources.eventbus[0]
      57: 2026-07-17T08:00:41.2191749Z 2026-07-17 08:00:41.218900+00:00 [info] &lt;0.209.0&gt; Running boot step rabbit_global_counters defined by app rabbit\u001b[0m
info: IIoT.AppHost.Resources.eventbus[0]
      58: 2026-07-17T08:00:41.2195094Z 2026-07-17 08:00:41.219282+00:00 [info] &lt;0.209.0&gt; Running boot step rabbit_osiris_metrics defined by app rabbit\u001b[0m
info: IIoT.AppHost.Resources.eventbus[0]
      59: 2026-07-17T08:00:41.2201731Z 2026-07-17 08:00:41.219407+00:00 [info] &lt;0.209.0&gt; Running boot step rabbit_core_metrics defined by app rabbit\u001b[0m
info: IIoT.AppHost.Resources.eventbus[0]
      60: 2026-07-17T08:00:41.2201811Z 2026-07-17 08:00:41.220046+00:00 [info] &lt;0.209.0&gt; Running boot step rabbit_alarm defined by app rabbit\u001b[0m
info: IIoT.AppHost.Resources.eventbus[0]
      61: 2026-07-17T08:00:41.2270590Z 2026-07-17 08:00:41.226885+00:00 [info] &lt;0.709.0&gt; Memory high watermark set to 4761 MiB (4992857702 bytes) of 7935 MiB (8321429504 bytes) total\u001b[0m
info: IIoT.AppHost.Resources.eventbus[0]
      62: 2026-07-17T08:00:41.2289840Z 2026-07-17 08:00:41.228793+00:00 [info] &lt;0.711.0&gt; Enabling free disk space monitoring (disk free space: 844364664832, total memory: 8321429504)\u001b[0m
info: IIoT.AppHost.Resources.eventbus[0]
      63: 2026-07-17T08:00:41.2290466Z 2026-07-17 08:00:41.228846+00:00 [info] &lt;0.711.0&gt; Disk free limit set to 50MB\u001b[0m
info: IIoT.AppHost.Resources.eventbus[0]
      64: 2026-07-17T08:00:41.2299797Z 2026-07-17 08:00:41.229828+00:00 [info] &lt;0.209.0&gt; Running boot step code_server_cache defined by app rabbit\u001b[0m
info: IIoT.AppHost.Resources.eventbus[0]
      65: 2026-07-17T08:00:41.2299864Z 2026-07-17 08:00:41.229862+00:00 [info] &lt;0.209.0&gt; Running boot step file_handle_cache defined by app rabbit\u001b[0m
info: IIoT.AppHost.Resources.eventbus[0]
      66: 2026-07-17T08:00:41.2344472Z 2026-07-17 08:00:41.234268+00:00 [info] &lt;0.714.0&gt; Limiting to approx 1048479 file handles (943629 sockets)\u001b[0m
info: IIoT.AppHost.Resources.eventbus[0]
      67: 2026-07-17T08:00:41.2344534Z 2026-07-17 08:00:41.234334+00:00 [info] &lt;0.715.0&gt; FHC read buffering: OFF\u001b[0m
info: IIoT.AppHost.Resources.eventbus[0]
      68: 2026-07-17T08:00:41.2345642Z 2026-07-17 08:00:41.234350+00:00 [info] &lt;0.715.0&gt; FHC write buffering: ON\u001b[0m
info: IIoT.AppHost.Resources.eventbus[0]
      69: 2026-07-17T08:00:41.2350878Z 2026-07-17 08:00:41.234943+00:00 [info] &lt;0.209.0&gt; Running boot step worker_pool defined by app rabbit\u001b[0m
info: IIoT.AppHost.Resources.eventbus[0]
      70: 2026-07-17T08:00:41.2351963Z 2026-07-17 08:00:41.234987+00:00 [info] &lt;0.549.0&gt; Will use 12 processes for default worker pool\u001b[0m
info: IIoT.AppHost.Resources.eventbus[0]
      71: 2026-07-17T08:00:41.2352164Z 2026-07-17 08:00:41.235008+00:00 [info] &lt;0.549.0&gt; Starting worker pool 'worker_pool' with 12 processes in it\u001b[0m
info: IIoT.AppHost.Resources.eventbus[0]
      72: 2026-07-17T08:00:41.2353622Z 2026-07-17 08:00:41.235206+00:00 [info] &lt;0.209.0&gt; Running boot step rabbit_registry defined by app rabbit\u001b[0m
info: IIoT.AppHost.Resources.eventbus[0]
      73: 2026-07-17T08:00:41.2354795Z 2026-07-17 08:00:41.235263+00:00 [info] &lt;0.209.0&gt; Running boot step database defined by app rabbit\u001b[0m
info: IIoT.AppHost.Resources.eventbus[0]
      74: 2026-07-17T08:00:41.2357827Z 2026-07-17 08:00:41.235605+00:00 [info] &lt;0.209.0&gt; Peer discovery: configured backend: rabbit_peer_discovery_classic_config\u001b[0m
info: IIoT.AppHost.Resources.eventbus[0]
      75: 2026-07-17T08:00:41.2364980Z 2026-07-17 08:00:41.236221+00:00 [info] &lt;0.550.0&gt; Feature flags: starting an unclustered node for the first time: all stable feature flags will be enabled by default\u001b[0m
info: IIoT.AppHost.Resources.eventbus[0]
      76: 2026-07-17T08:00:41.2371083Z \u001b[38;5;87m2026-07-17 08:00:41.236547+00:00 [notice] &lt;0.550.0&gt; Feature flags: attempt to enable `quorum_queue_non_voters`...\u001b[0m
info: IIoT.AppHost.Resources.eventbus[0]
      77: 2026-07-17T08:00:41.2409065Z \u001b[38;5;87m2026-07-17 08:00:41.240691+00:00 [notice] &lt;0.550.0&gt; Feature flags: `quorum_queue_non_voters` enabled\u001b[0m
info: IIoT.AppHost.Resources.eventbus[0]
      78: 2026-07-17T08:00:41.2409764Z \u001b[38;5;87m2026-07-17 08:00:41.240724+00:00 [notice] &lt;0.550.0&gt; Feature flags: attempt to enable `message_containers_deaths_v2`...\u001b[0m
info: IIoT.AppHost.Resources.eventbus[0]
      79: 2026-07-17T08:00:41.2454955Z \u001b[38;5;87m2026-07-17 08:00:41.245223+00:00 [notice] &lt;0.550.0&gt; Feature flags: `message_containers_deaths_v2` enabled\u001b[0m
info: IIoT.AppHost.Resources.eventbus[0]
      80: 2026-07-17T08:00:41.2455217Z \u001b[38;5;87m2026-07-17 08:00:41.245273+00:00 [notice] &lt;0.550.0&gt; Feature flags: attempt to enable `khepri_db`...\u001b[0m
info: IIoT.AppHost.Resources.eventbus[0]
      81: 2026-07-17T08:00:41.2471427Z \u001b[38;5;87m2026-07-17 08:00:41.246988+00:00 [notice] &lt;0.550.0&gt; Feature flags: attempt to enable `ram_node_type`...\u001b[0m
info: IIoT.AppHost.Resources.eventbus[0]
      82: 2026-07-17T08:00:41.2515326Z \u001b[38;5;87m2026-07-17 08:00:41.251385+00:00 [notice] &lt;0.550.0&gt; Feature flags: `ram_node_type` enabled\u001b[0m
info: IIoT.AppHost.Resources.eventbus[0]
      83: 2026-07-17T08:00:41.2516505Z 2026-07-17 08:00:41.251422+00:00 [info] &lt;0.752.0&gt; Feature flag `khepri_db`: syncing cluster membership\u001b[0m
info: IIoT.AppHost.Resources.eventbus[0]
      84: 2026-07-17T08:00:41.2590998Z 2026-07-17 08:00:41.258941+00:00 [info] &lt;0.753.0&gt; Syncing Mnesia-&gt;Khepri clusters membership\u001b[0m
info: IIoT.AppHost.Resources.eventbus[0]
      85: 2026-07-17T08:00:41.2627004Z 2026-07-17 08:00:41.262464+00:00 [info] &lt;0.752.0&gt; Feature flag `khepri_db`: cluster membership synchronized; members are: [eventbus@localhost]\u001b[0m
info: IIoT.AppHost.Resources.eventbus[0]
      86: 2026-07-17T08:00:41.2629226Z 2026-07-17 08:00:41.262560+00:00 [info] &lt;0.752.0&gt; Feature flag `khepri_db`: unregistering legacy projections\u001b[0m
info: IIoT.AppHost.Resources.eventbus[0]
      87: 2026-07-17T08:00:41.2674502Z 2026-07-17 08:00:41.267316+00:00 [info] &lt;0.752.0&gt; Feature flag `khepri_db`: registering projections\u001b[0m
info: IIoT.AppHost.Resources.eventbus[0]
      88: 2026-07-17T08:00:41.8759329Z \u001b[38;5;87m2026-07-17 08:00:41.875649+00:00 [notice] &lt;0.752.0&gt; Feature flags: `khepri_db`: starting migration of 20 tables from Mnesia to Khepri; expect decrease in performance and increase in memory footprint\u001b[0m
info: IIoT.AppHost.Resources.eventbus[0]
      89: 2026-07-17T08:00:41.8759640Z 2026-07-17 08:00:41.875788+00:00 [info] &lt;0.752.0&gt; Waiting for Mnesia tables for 30000 ms, 9 retries left\u001b[0m
info: IIoT.AppHost.Resources.eventbus[0]
      90: 2026-07-17T08:00:41.8760063Z 2026-07-17 08:00:41.875856+00:00 [info] &lt;0.752.0&gt; Successfully synced tables from a peer\u001b[0m
info: IIoT.AppHost.Resources.eventbus[0]
      91: 2026-07-17T08:00:41.8760710Z \u001b[38;5;87m2026-07-17 08:00:41.875904+00:00 [notice] &lt;0.752.0&gt; Feature flags: `khepri_db`: migration from Mnesia to Khepri finished\u001b[0m
info: IIoT.AppHost.Resources.eventbus[0]
      92: 2026-07-17T08:00:41.8907808Z \u001b[38;5;87m2026-07-17 08:00:41.890578+00:00 [notice] &lt;0.45.0&gt; Application mnesia exited with reason: stopped\u001b[0m
info: IIoT.AppHost.Resources.eventbus[0]
      93: 2026-07-17T08:00:41.8912812Z \u001b[38;5;87m2026-07-17 08:00:41.891156+00:00 [notice] &lt;0.550.0&gt; Feature flags: `khepri_db` enabled\u001b[0m
info: IIoT.AppHost.Resources.eventbus[0]
      94: 2026-07-17T08:00:41.8913021Z \u001b[38;5;87m2026-07-17 08:00:41.891201+00:00 [notice] &lt;0.550.0&gt; Feature flags: attempt to enable `rabbit_exchange_type_local_random`...\u001b[0m
info: IIoT.AppHost.Resources.eventbus[0]
      95: 2026-07-17T08:00:41.8962073Z \u001b[38;5;87m2026-07-17 08:00:41.896001+00:00 [notice] &lt;0.550.0&gt; Feature flags: `rabbit_exchange_type_local_random` enabled\u001b[0m
info: IIoT.AppHost.Resources.eventbus[0]
      96: 2026-07-17T08:00:41.8962151Z \u001b[38;5;87m2026-07-17 08:00:41.896034+00:00 [notice] &lt;0.550.0&gt; Feature flags: attempt to enable `rabbitmq_4.2.0`...\u001b[0m
info: IIoT.AppHost.Resources.eventbus[0]
      97: 2026-07-17T08:00:41.8978966Z \u001b[38;5;87m2026-07-17 08:00:41.897728+00:00 [notice] &lt;0.550.0&gt; Feature flags: attempt to enable `rabbitmq_4.1.0`...\u001b[0m
info: IIoT.AppHost.Resources.eventbus[0]
      98: 2026-07-17T08:00:41.8998597Z \u001b[38;5;87m2026-07-17 08:00:41.899681+00:00 [notice] &lt;0.550.0&gt; Feature flags: attempt to enable `rabbitmq_4.0.0`...\u001b[0m
info: IIoT.AppHost.Resources.eventbus[0]
      99: 2026-07-17T08:00:41.9050567Z \u001b[38;5;87m2026-07-17 08:00:41.904881+00:00 [notice] &lt;0.550.0&gt; Feature flags: `rabbitmq_4.0.0` enabled\u001b[0m
info: IIoT.AppHost.Resources.eventbus[0]
      100: 2026-07-17T08:00:41.9077942Z \u001b[38;5;87m2026-07-17 08:00:41.907645+00:00 [notice] &lt;0.550.0&gt; Feature flags: `rabbitmq_4.1.0` enabled\u001b[0m
info: IIoT.AppHost.Resources.eventbus[0]
      101: 2026-07-17T08:00:41.9116822Z \u001b[38;5;87m2026-07-17 08:00:41.911532+00:00 [notice] &lt;0.550.0&gt; Feature flags: `rabbitmq_4.2.0` enabled\u001b[0m
info: IIoT.AppHost.Resources.eventbus[0]
      102: 2026-07-17T08:00:41.9117308Z \u001b[38;5;87m2026-07-17 08:00:41.911563+00:00 [notice] &lt;0.550.0&gt; Feature flags: attempt to enable `detailed_queues_endpoint`...\u001b[0m
info: IIoT.AppHost.Resources.eventbus[0]
      103: 2026-07-17T08:00:41.9170689Z \u001b[38;5;87m2026-07-17 08:00:41.916832+00:00 [notice] &lt;0.550.0&gt; Feature flags: `detailed_queues_endpoint` enabled\u001b[0m
info: IIoT.AppHost.Resources.eventbus[0]
      104: 2026-07-17T08:00:41.9171659Z 2026-07-17 08:00:41.916989+00:00 [info] &lt;0.209.0&gt; DB: virgin node -&gt; run peer discovery\u001b[0m
info: IIoT.AppHost.Resources.eventbus[0]
      105: 2026-07-17T08:00:41.9174208Z \u001b[38;5;214m2026-07-17 08:00:41.917203+00:00 [warning] &lt;0.209.0&gt; Classic peer discovery backend: list of nodes does not contain the local node []\u001b[0m
info: IIoT.AppHost.Resources.eventbus[0]
      106: 2026-07-17T08:00:41.9174866Z \u001b[38;5;87m2026-07-17 08:00:41.917283+00:00 [notice] &lt;0.209.0&gt; Found the following metadata store members: [{rabbitmq_metadata,\u001b[0m
info: IIoT.AppHost.Resources.eventbus[0]
      107: 2026-07-17T08:00:41.9174889Z \u001b[38;5;87m2026-07-17 08:00:41.917283+00:00 [notice] &lt;0.209.0&gt;                                               eventbus@localhost}]\u001b[0m
info: IIoT.AppHost.Resources.eventbus[0]
      108: 2026-07-17T08:00:41.9266707Z 2026-07-17 08:00:41.926501+00:00 [info] &lt;0.209.0&gt; Running boot step tracking_metadata_store defined by app rabbit\u001b[0m
info: IIoT.AppHost.Resources.eventbus[0]
      109: 2026-07-17T08:00:41.9267733Z 2026-07-17 08:00:41.926570+00:00 [info] &lt;0.1026.0&gt; Setting up a table for connection tracking on this node: tracked_connection\u001b[0m
info: IIoT.AppHost.Resources.eventbus[0]
      110: 2026-07-17T08:00:41.9268151Z 2026-07-17 08:00:41.926620+00:00 [info] &lt;0.1026.0&gt; Setting up a table for per-vhost connection counting on this node: tracked_connection_per_vhost\u001b[0m
info: IIoT.AppHost.Resources.eventbus[0]
      111: 2026-07-17T08:00:41.9269002Z 2026-07-17 08:00:41.926695+00:00 [info] &lt;0.1026.0&gt; Setting up a table for per-user connection counting on this node: tracked_connection_per_user\u001b[0m
info: IIoT.AppHost.Resources.eventbus[0]
      112: 2026-07-17T08:00:41.9269680Z 2026-07-17 08:00:41.926850+00:00 [info] &lt;0.1026.0&gt; Setting up a table for channel tracking on this node: tracked_channel\u001b[0m
info: IIoT.AppHost.Resources.eventbus[0]
      113: 2026-07-17T08:00:41.9271036Z 2026-07-17 08:00:41.926889+00:00 [info] &lt;0.1026.0&gt; Setting up a table for channel tracking on this node: tracked_channel_per_user\u001b[0m
info: IIoT.AppHost.Resources.eventbus[0]
      114: 2026-07-17T08:00:41.9271639Z 2026-07-17 08:00:41.926952+00:00 [info] &lt;0.209.0&gt; Running boot step networking_metadata_store defined by app rabbit\u001b[0m
info: IIoT.AppHost.Resources.eventbus[0]
      115: 2026-07-17T08:00:41.9273591Z 2026-07-17 08:00:41.927010+00:00 [info] &lt;0.209.0&gt; Running boot step feature_flags defined by app rabbit\u001b[0m
info: IIoT.AppHost.Resources.eventbus[0]
      116: 2026-07-17T08:00:41.9275139Z 2026-07-17 08:00:41.927264+00:00 [info] &lt;0.209.0&gt; Running boot step auth_backend_plugins_check defined by app rabbit\u001b[0m
info: IIoT.AppHost.Resources.eventbus[0]
      117: 2026-07-17T08:00:41.9275817Z 2026-07-17 08:00:41.927289+00:00 [info] &lt;0.209.0&gt; Running boot step codec_correctness_check defined by app rabbit\u001b[0m
info: IIoT.AppHost.Resources.eventbus[0]
      118: 2026-07-17T08:00:41.9276692Z 2026-07-17 08:00:41.927349+00:00 [info] &lt;0.209.0&gt; Running boot step external_infrastructure defined by app rabbit\u001b[0m
info: IIoT.AppHost.Resources.eventbus[0]
      119: 2026-07-17T08:00:41.9278248Z 2026-07-17 08:00:41.927366+00:00 [info] &lt;0.209.0&gt; Running boot step rabbit_event defined by app rabbit\u001b[0m
info: IIoT.AppHost.Resources.eventbus[0]
      120: 2026-07-17T08:00:41.9279229Z 2026-07-17 08:00:41.927411+00:00 [info] &lt;0.209.0&gt; Running boot step rabbit_auth_mechanism_amqplain defined by app rabbit\u001b[0m
info: IIoT.AppHost.Resources.eventbus[0]
      121: 2026-07-17T08:00:41.9279405Z 2026-07-17 08:00:41.927447+00:00 [info] &lt;0.209.0&gt; Running boot step rabbit_auth_mechanism_anonymous defined by app rabbit\u001b[0m
info: IIoT.AppHost.Resources.eventbus[0]
      122: 2026-07-17T08:00:41.9280545Z 2026-07-17 08:00:41.927528+00:00 [info] &lt;0.209.0&gt; Running boot step rabbit_auth_mechanism_cr_demo defined by app rabbit\u001b[0m
info: IIoT.AppHost.Resources.eventbus[0]
      123: 2026-07-17T08:00:41.9281110Z 2026-07-17 08:00:41.927568+00:00 [info] &lt;0.209.0&gt; Running boot step rabbit_auth_mechanism_plain defined by app rabbit\u001b[0m
info: IIoT.AppHost.Resources.eventbus[0]
      124: 2026-07-17T08:00:41.9282609Z 2026-07-17 08:00:41.927587+00:00 [info] &lt;0.209.0&gt; Running boot step rabbit_exchange_type_direct defined by app rabbit\u001b[0m
info: IIoT.AppHost.Resources.eventbus[0]
      125: 2026-07-17T08:00:41.9282800Z 2026-07-17 08:00:41.927619+00:00 [info] &lt;0.209.0&gt; Running boot step rabbit_exchange_type_fanout defined by app rabbit\u001b[0m
info: IIoT.AppHost.Resources.eventbus[0]
      126: 2026-07-17T08:00:41.9283211Z 2026-07-17 08:00:41.927707+00:00 [info] &lt;0.209.0&gt; Running boot step rabbit_exchange_type_headers defined by app rabbit\u001b[0m
info: IIoT.AppHost.Resources.eventbus[0]
      127: 2026-07-17T08:00:41.9283746Z 2026-07-17 08:00:41.927773+00:00 [info] &lt;0.209.0&gt; Running boot step rabbit_exchange_type_local_random defined by app rabbit\u001b[0m
info: IIoT.AppHost.Resources.eventbus[0]
      128: 2026-07-17T08:00:41.9285075Z 2026-07-17 08:00:41.927800+00:00 [info] &lt;0.209.0&gt; Running boot step rabbit_exchange_type_topic defined by app rabbit\u001b[0m
info: IIoT.AppHost.Resources.eventbus[0]
      129: 2026-07-17T08:00:41.9285651Z 2026-07-17 08:00:41.927818+00:00 [info] &lt;0.209.0&gt; Running boot step rabbit_priority_queue defined by app rabbit\u001b[0m
info: IIoT.AppHost.Resources.eventbus[0]
      130: 2026-07-17T08:00:41.9287536Z 2026-07-17 08:00:41.927842+00:00 [info] &lt;0.209.0&gt; Priority queues enabled, real BQ is rabbit_variable_queue\u001b[0m
info: IIoT.AppHost.Resources.eventbus[0]
      131: 2026-07-17T08:00:41.9287819Z 2026-07-17 08:00:41.927887+00:00 [info] &lt;0.209.0&gt; Running boot step kernel_ready defined by app rabbit\u001b[0m
info: IIoT.AppHost.Resources.eventbus[0]
      132: 2026-07-17T08:00:41.9289203Z 2026-07-17 08:00:41.927907+00:00 [info] &lt;0.209.0&gt; Running boot step pg_local_amqp_connection defined by app rabbit\u001b[0m
info: IIoT.AppHost.Resources.eventbus[0]
      133: 2026-07-17T08:00:41.9320790Z 2026-07-17 08:00:41.931988+00:00 [info] &lt;0.209.0&gt; Running boot step pg_local_amqp_session defined by app rabbit\u001b[0m
info: IIoT.AppHost.Resources.eventbus[0]
      134: 2026-07-17T08:00:41.9321467Z 2026-07-17 08:00:41.932040+00:00 [info] &lt;0.209.0&gt; Running boot step rabbit_sysmon_minder defined by app rabbit\u001b[0m
info: IIoT.AppHost.Resources.eventbus[0]
      135: 2026-07-17T08:00:41.9322339Z 2026-07-17 08:00:41.932108+00:00 [info] &lt;0.209.0&gt; Running boot step rabbit_epmd_monitor defined by app rabbit\u001b[0m
info: IIoT.AppHost.Resources.eventbus[0]
      136: 2026-07-17T08:00:41.9328879Z 2026-07-17 08:00:41.932753+00:00 [info] &lt;0.1035.0&gt; epmd monitor knows us, inter-node communication (distribution) port: 25672\u001b[0m
info: IIoT.AppHost.Resources.eventbus[0]
      137: 2026-07-17T08:00:41.9329681Z 2026-07-17 08:00:41.932806+00:00 [info] &lt;0.209.0&gt; Running boot step guid_generator defined by app rabbit\u001b[0m
info: IIoT.AppHost.Resources.eventbus[0]
      138: 2026-07-17T08:00:41.9338391Z 2026-07-17 08:00:41.933723+00:00 [info] &lt;0.209.0&gt; Running boot step rabbit_node_monitor defined by app rabbit\u001b[0m
info: IIoT.AppHost.Resources.eventbus[0]
      139: 2026-07-17T08:00:41.9339270Z 2026-07-17 08:00:41.933773+00:00 [info] &lt;0.1039.0&gt; Starting rabbit_node_monitor (partition handling strategy unapplicable with Khepri)\u001b[0m
info: IIoT.AppHost.Resources.eventbus[0]
      140: 2026-07-17T08:00:41.9340318Z 2026-07-17 08:00:41.933840+00:00 [info] &lt;0.209.0&gt; Running boot step delegate_sup defined by app rabbit\u001b[0m
info: IIoT.AppHost.Resources.eventbus[0]
      141: 2026-07-17T08:00:41.9343228Z 2026-07-17 08:00:41.934229+00:00 [info] &lt;0.209.0&gt; Running boot step rabbit_fifo_dlx_sup defined by app rabbit\u001b[0m
info: IIoT.AppHost.Resources.eventbus[0]
      142: 2026-07-17T08:00:41.9343822Z 2026-07-17 08:00:41.934261+00:00 [info] &lt;0.209.0&gt; Running boot step core_initialized defined by app rabbit\u001b[0m
info: IIoT.AppHost.Resources.eventbus[0]
      143: 2026-07-17T08:00:41.9343859Z 2026-07-17 08:00:41.934271+00:00 [info] &lt;0.209.0&gt; Running boot step rabbit_channel_tracking_handler defined by app rabbit\u001b[0m
info: IIoT.AppHost.Resources.eventbus[0]
      144: 2026-07-17T08:00:41.9344155Z 2026-07-17 08:00:41.934289+00:00 [info] &lt;0.209.0&gt; Running boot step rabbit_classic_queue_type defined by app rabbit\u001b[0m
info: IIoT.AppHost.Resources.eventbus[0]
      145: 2026-07-17T08:00:41.9344982Z 2026-07-17 08:00:41.934318+00:00 [info] &lt;0.209.0&gt; Running boot step rabbit_classic_queue defined by app rabbit\u001b[0m
info: IIoT.AppHost.Resources.eventbus[0]
      146: 2026-07-17T08:00:41.9346396Z 2026-07-17 08:00:41.934344+00:00 [info] &lt;0.209.0&gt; Running boot step rabbit_connection_tracking_handler defined by app rabbit\u001b[0m
info: IIoT.AppHost.Resources.eventbus[0]
      147: 2026-07-17T08:00:41.9347629Z 2026-07-17 08:00:41.934356+00:00 [info] &lt;0.209.0&gt; Running boot step rabbit_definitions_hashing defined by app rabbit\u001b[0m
info: IIoT.AppHost.Resources.eventbus[0]
      148: 2026-07-17T08:00:41.9348553Z 2026-07-17 08:00:41.934381+00:00 [info] &lt;0.209.0&gt; Running boot step rabbit_exchange_parameters defined by app rabbit\u001b[0m
info: IIoT.AppHost.Resources.eventbus[0]
      149: 2026-07-17T08:00:41.9354239Z 2026-07-17 08:00:41.935342+00:00 [info] &lt;0.209.0&gt; Running boot step rabbit_policies defined by app rabbit\u001b[0m
info: IIoT.AppHost.Resources.eventbus[0]
      150: 2026-07-17T08:00:41.9355811Z 2026-07-17 08:00:41.935472+00:00 [info] &lt;0.209.0&gt; Running boot step rabbit_quorum_queue_type defined by app rabbit\u001b[0m
info: IIoT.AppHost.Resources.eventbus[0]
      151: 2026-07-17T08:00:41.9356463Z 2026-07-17 08:00:41.935507+00:00 [info] &lt;0.209.0&gt; Running boot step rabbit_stream_queue defined by app rabbit\u001b[0m
info: IIoT.AppHost.Resources.eventbus[0]
      152: 2026-07-17T08:00:41.9358308Z 2026-07-17 08:00:41.935548+00:00 [info] &lt;0.209.0&gt; Running boot step rabbit_policy defined by app rabbit\u001b[0m
info: IIoT.AppHost.Resources.eventbus[0]
      153: 2026-07-17T08:00:41.9359056Z 2026-07-17 08:00:41.935621+00:00 [info] &lt;0.209.0&gt; Running boot step rabbit_quorum_event_subscriber defined by app rabbit\u001b[0m
info: IIoT.AppHost.Resources.eventbus[0]
      154: 2026-07-17T08:00:41.9359939Z 2026-07-17 08:00:41.935754+00:00 [info] &lt;0.209.0&gt; Running boot step rabbit_quorum_memory_manager defined by app rabbit\u001b[0m
info: IIoT.AppHost.Resources.eventbus[0]
      155: 2026-07-17T08:00:41.9361100Z 2026-07-17 08:00:41.935813+00:00 [info] &lt;0.209.0&gt; Running boot step rabbit_quorum_queue defined by app rabbit\u001b[0m
info: IIoT.AppHost.Resources.eventbus[0]
      156: 2026-07-17T08:00:41.9362118Z 2026-07-17 08:00:41.935857+00:00 [info] &lt;0.209.0&gt; Running boot step rabbit_stream_coordinator defined by app rabbit\u001b[0m
info: IIoT.AppHost.Resources.eventbus[0]
      157: 2026-07-17T08:00:41.9363333Z 2026-07-17 08:00:41.935998+00:00 [info] &lt;0.209.0&gt; Running boot step rabbit_vhost_limit defined by app rabbit\u001b[0m
info: IIoT.AppHost.Resources.eventbus[0]
      158: 2026-07-17T08:00:41.9363352Z 2026-07-17 08:00:41.936027+00:00 [info] &lt;0.209.0&gt; Running boot step rabbit_mgmt_reset_handler defined by app rabbitmq_management\u001b[0m
info: IIoT.AppHost.Resources.eventbus[0]
      159: 2026-07-17T08:00:41.9364138Z 2026-07-17 08:00:41.936054+00:00 [info] &lt;0.209.0&gt; Running boot step rabbit_mgmt_db_handler defined by app rabbitmq_management_agent\u001b[0m
info: IIoT.AppHost.Resources.eventbus[0]
      160: 2026-07-17T08:00:41.9365030Z 2026-07-17 08:00:41.936201+00:00 [info] &lt;0.209.0&gt; Management plugin: using rates mode 'basic'\u001b[0m
info: IIoT.AppHost.Resources.eventbus[0]
      161: 2026-07-17T08:00:41.9366750Z 2026-07-17 08:00:41.936367+00:00 [info] &lt;0.209.0&gt; Running boot step recovery defined by app rabbit\u001b[0m
info: IIoT.AppHost.Resources.eventbus[0]
      162: 2026-07-17T08:00:41.9367885Z 2026-07-17 08:00:41.936502+00:00 [info] &lt;0.209.0&gt; Running boot step prevent_startup_if_node_was_reset defined by app rabbit\u001b[0m
info: IIoT.AppHost.Resources.eventbus[0]
      163: 2026-07-17T08:00:41.9367912Z 2026-07-17 08:00:41.936525+00:00 [info] &lt;0.209.0&gt; Running boot step empty_db_check defined by app rabbit\u001b[0m
info: IIoT.AppHost.Resources.eventbus[0]
      164: 2026-07-17T08:00:41.9369083Z 2026-07-17 08:00:41.936597+00:00 [info] &lt;0.209.0&gt; Will seed default virtual host and user...\u001b[0m
info: IIoT.AppHost.Resources.eventbus[0]
      165: 2026-07-17T08:00:41.9369825Z 2026-07-17 08:00:41.936678+00:00 [info] &lt;0.209.0&gt; Adding vhost '/' (description: 'Default virtual host', tags: [])\u001b[0m
info: IIoT.AppHost.Resources.eventbus[0]
      166: 2026-07-17T08:00:41.9450568Z 2026-07-17 08:00:41.944929+00:00 [info] &lt;0.1066.0&gt; Making sure data directory '/var/lib/rabbitmq/mnesia/eventbus@localhost/msg_stores/vhosts/628WB79CIFDYO9LJI6DKMI09L' for vhost '/' exists\u001b[0m
info: IIoT.AppHost.Resources.eventbus[0]
      167: 2026-07-17T08:00:41.9458278Z 2026-07-17 08:00:41.945646+00:00 [info] &lt;0.1066.0&gt; Setting segment_entry_count for vhost '/' with 0 queues to '2048'\u001b[0m
info: IIoT.AppHost.Resources.eventbus[0]
      168: 2026-07-17T08:00:41.9502917Z 2026-07-17 08:00:41.950154+00:00 [info] &lt;0.1066.0&gt; Starting message stores for vhost '/'\u001b[0m
info: IIoT.AppHost.Resources.eventbus[0]
      169: 2026-07-17T08:00:41.9511094Z 2026-07-17 08:00:41.950988+00:00 [info] &lt;0.1066.0&gt; Started message store of type transient for vhost '/'\u001b[0m
info: IIoT.AppHost.Resources.eventbus[0]
      170: 2026-07-17T08:00:41.9656731Z \u001b[38;5;214m2026-07-17 08:00:41.965507+00:00 [warning] &lt;0.1078.0&gt; Message store "628WB79CIFDYO9LJI6DKMI09L/msg_store_persistent": rebuilding indices from scratch\u001b[0m
info: IIoT.AppHost.Resources.eventbus[0]
      171: 2026-07-17T08:00:41.9662632Z 2026-07-17 08:00:41.966129+00:00 [info] &lt;0.1066.0&gt; Started message store of type persistent for vhost '/'\u001b[0m
info: IIoT.AppHost.Resources.eventbus[0]
      172: 2026-07-17T08:00:41.9663275Z 2026-07-17 08:00:41.966199+00:00 [info] &lt;0.1066.0&gt; Recovering 0 queues of type rabbit_classic_queue took 20ms\u001b[0m
info: IIoT.AppHost.Resources.eventbus[0]
      173: 2026-07-17T08:00:41.9663300Z 2026-07-17 08:00:41.966225+00:00 [info] &lt;0.1066.0&gt; Recovering 0 queues of type rabbit_quorum_queue took 0ms\u001b[0m
info: IIoT.AppHost.Resources.eventbus[0]
      174: 2026-07-17T08:00:41.9664365Z 2026-07-17 08:00:41.966249+00:00 [info] &lt;0.1066.0&gt; Recovering 0 queues of type rabbit_stream_queue took 0ms\u001b[0m
info: IIoT.AppHost.Resources.eventbus[0]
      175: 2026-07-17T08:00:41.9773326Z 2026-07-17 08:00:41.977177+00:00 [info] &lt;0.209.0&gt; Created user 'guest'\u001b[0m
info: IIoT.AppHost.Resources.eventbus[0]
      176: 2026-07-17T08:00:41.9890603Z 2026-07-17 08:00:41.988884+00:00 [info] &lt;0.209.0&gt; Successfully set user tags for user 'guest' to [administrator]\u001b[0m
info: IIoT.AppHost.Resources.eventbus[0]
      177: 2026-07-17T08:00:41.9951815Z 2026-07-17 08:00:41.995052+00:00 [info] &lt;0.209.0&gt; Successfully set permissions for user 'guest' in virtual host '/' to '.*', '.*', '.*'\u001b[0m
info: IIoT.AppHost.Resources.eventbus[0]
      178: 2026-07-17T08:00:41.9952592Z 2026-07-17 08:00:41.995080+00:00 [info] &lt;0.209.0&gt; Running boot step rabbit_observer_cli defined by app rabbit\u001b[0m
info: IIoT.AppHost.Resources.eventbus[0]
      179: 2026-07-17T08:00:41.9952804Z 2026-07-17 08:00:41.995124+00:00 [info] &lt;0.209.0&gt; Running boot step rabbit_core_metrics_gc defined by app rabbit\u001b[0m
info: IIoT.AppHost.Resources.eventbus[0]
      180: 2026-07-17T08:00:41.9953708Z 2026-07-17 08:00:41.995220+00:00 [info] &lt;0.209.0&gt; Running boot step background_gc defined by app rabbit\u001b[0m
info: IIoT.AppHost.Resources.eventbus[0]
      181: 2026-07-17T08:00:41.9955256Z 2026-07-17 08:00:41.995336+00:00 [info] &lt;0.209.0&gt; Running boot step rabbit_observer_cli_classic_queues defined by app rabbit\u001b[0m
info: IIoT.AppHost.Resources.eventbus[0]
      182: 2026-07-17T08:00:41.9955956Z 2026-07-17 08:00:41.995368+00:00 [info] &lt;0.209.0&gt; Running boot step rabbit_observer_cli_quorum_queues defined by app rabbit\u001b[0m
info: IIoT.AppHost.Resources.eventbus[0]
      183: 2026-07-17T08:00:41.9957070Z 2026-07-17 08:00:41.995409+00:00 [info] &lt;0.209.0&gt; Running boot step routing_ready defined by app rabbit\u001b[0m
info: IIoT.AppHost.Resources.eventbus[0]
      184: 2026-07-17T08:00:41.9958259Z 2026-07-17 08:00:41.995420+00:00 [info] &lt;0.209.0&gt; Running boot step pre_flight defined by app rabbit\u001b[0m
info: IIoT.AppHost.Resources.eventbus[0]
      185: 2026-07-17T08:00:41.9959910Z 2026-07-17 08:00:41.995430+00:00 [info] &lt;0.209.0&gt; Running boot step notify_cluster defined by app rabbit\u001b[0m
info: IIoT.AppHost.Resources.eventbus[0]
      186: 2026-07-17T08:00:41.9960222Z 2026-07-17 08:00:41.995524+00:00 [info] &lt;0.209.0&gt; Running boot step networking defined by app rabbit\u001b[0m
info: IIoT.AppHost.Resources.eventbus[0]
      187: 2026-07-17T08:00:41.9961113Z 2026-07-17 08:00:41.995551+00:00 [info] &lt;0.209.0&gt; Running boot step rabbit_quorum_queue_periodic_membership_reconciliation defined by app rabbit\u001b[0m
info: IIoT.AppHost.Resources.eventbus[0]
      188: 2026-07-17T08:00:41.9962219Z 2026-07-17 08:00:41.995713+00:00 [info] &lt;0.209.0&gt; Running boot step definition_import_worker_pool defined by app rabbit\u001b[0m
info: IIoT.AppHost.Resources.eventbus[0]
      189: 2026-07-17T08:00:41.9963289Z 2026-07-17 08:00:41.995751+00:00 [info] &lt;0.549.0&gt; Starting worker pool 'definition_import_pool' with 12 processes in it\u001b[0m
info: IIoT.AppHost.Resources.eventbus[0]
      190: 2026-07-17T08:00:41.9964078Z 2026-07-17 08:00:41.995978+00:00 [info] &lt;0.209.0&gt; Running boot step cluster_name defined by app rabbit\u001b[0m
info: IIoT.AppHost.Resources.eventbus[0]
      191: 2026-07-17T08:00:41.9964606Z 2026-07-17 08:00:41.996046+00:00 [info] &lt;0.209.0&gt; Initialising internal cluster ID to 'rabbitmq-cluster-id-3snOcmvKa21WEgHY3RSphA'\u001b[0m
info: IIoT.AppHost.Resources.eventbus[0]
      192: 2026-07-17T08:00:41.9969521Z 2026-07-17 08:00:41.996832+00:00 [info] &lt;0.209.0&gt; Running boot step virtual_host_reconciliation defined by app rabbit\u001b[0m
info: IIoT.AppHost.Resources.eventbus[0]
      193: 2026-07-17T08:00:41.9969855Z 2026-07-17 08:00:41.996905+00:00 [info] &lt;0.209.0&gt; Running boot step direct_client defined by app rabbit\u001b[0m
info: IIoT.AppHost.Resources.eventbus[0]
      194: 2026-07-17T08:00:41.9970511Z 2026-07-17 08:00:41.996941+00:00 [info] &lt;0.209.0&gt; Running boot step logger_exchange defined by app rabbit\u001b[0m
info: IIoT.AppHost.Resources.eventbus[0]
      195: 2026-07-17T08:00:41.9994360Z 2026-07-17 08:00:41.999317+00:00 [info] &lt;0.209.0&gt; Running boot step cluster_tags defined by app rabbit\u001b[0m
info: IIoT.AppHost.Resources.eventbus[0]
      196: 2026-07-17T08:00:42.0000410Z 2026-07-17 08:00:41.999881+00:00 [info] &lt;0.209.0&gt; Running boot step rabbit_management_load_definitions defined by app rabbitmq_management\u001b[0m
info: IIoT.AppHost.Resources.eventbus[0]
      197: 2026-07-17T08:00:42.0000435Z 2026-07-17 08:00:41.999933+00:00 [info] &lt;0.1120.0&gt; Resetting node maintenance status\u001b[0m
info: IIoT.AppHost.Resources.eventbus[0]
      198: 2026-07-17T08:00:42.0051624Z \u001b[38;5;214m2026-07-17 08:00:42.004968+00:00 [warning] &lt;0.1137.0&gt; Deprecated features: `management_metrics_collection`: Feature `management_metrics_collection` is deprecated.\u001b[0m
info: IIoT.AppHost.Resources.eventbus[0]
      199: 2026-07-17T08:00:42.0051677Z \u001b[38;5;214m2026-07-17 08:00:42.004968+00:00 [warning] &lt;0.1137.0&gt; By default, this feature can still be used for now.\u001b[0m
info: IIoT.AppHost.Resources.eventbus[0]
      200: 2026-07-17T08:00:42.0051689Z \u001b[38;5;214m2026-07-17 08:00:42.004968+00:00 [warning] &lt;0.1137.0&gt; Its use will not be permitted by default in a future minor RabbitMQ version and the feature will be removed from a future major RabbitMQ version; actual versions to be determined.\u001b[0m
info: IIoT.AppHost.Resources.eventbus[0]
      201: 2026-07-17T08:00:42.0051700Z \u001b[38;5;214m2026-07-17 08:00:42.004968+00:00 [warning] &lt;0.1137.0&gt; To continue using this feature when it is not permitted by default, set the following parameter in your configuration:\u001b[0m
info: IIoT.AppHost.Resources.eventbus[0]
      202: 2026-07-17T08:00:42.0051710Z \u001b[38;5;214m2026-07-17 08:00:42.004968+00:00 [warning] &lt;0.1137.0&gt;     "deprecated_features.permit.management_metrics_collection = true"\u001b[0m
info: IIoT.AppHost.Resources.eventbus[0]
      203: 2026-07-17T08:00:42.0051720Z \u001b[38;5;214m2026-07-17 08:00:42.004968+00:00 [warning] &lt;0.1137.0&gt; To test RabbitMQ as if the feature was removed, set this in your configuration:\u001b[0m
info: IIoT.AppHost.Resources.eventbus[0]
      204: 2026-07-17T08:00:42.0051729Z \u001b[38;5;214m2026-07-17 08:00:42.004968+00:00 [warning] &lt;0.1137.0&gt;     "deprecated_features.permit.management_metrics_collection = false"\u001b[0m
info: IIoT.AppHost.Resources.eventbus[0]
      205: 2026-07-17T08:00:42.0267573Z 2026-07-17 08:00:42.026506+00:00 [info] &lt;0.1173.0&gt; Management plugin: HTTP (non-TLS) listener started on port 15672\u001b[0m
info: IIoT.AppHost.Resources.eventbus[0]
      206: 2026-07-17T08:00:42.0267696Z 2026-07-17 08:00:42.026641+00:00 [info] &lt;0.1201.0&gt; Statistics database started.\u001b[0m
info: IIoT.AppHost.Resources.eventbus[0]
      207: 2026-07-17T08:00:42.0269084Z 2026-07-17 08:00:42.026696+00:00 [info] &lt;0.1200.0&gt; Starting worker pool 'management_worker_pool' with 3 processes in it\u001b[0m
info: IIoT.AppHost.Resources.eventbus[0]
      208: 2026-07-17T08:00:42.0352524Z 2026-07-17 08:00:42.035100+00:00 [info] &lt;0.1212.0&gt; Prometheus metrics: HTTP (non-TLS) listener started on port 15692\u001b[0m
info: IIoT.AppHost.Resources.eventbus[0]
      209: 2026-07-17T08:00:42.0352963Z 2026-07-17 08:00:42.035166+00:00 [info] &lt;0.1120.0&gt; Ready to start client connection listeners\u001b[0m
info: IIoT.AppHost.Resources.eventbus[0]
      210: 2026-07-17T08:00:42.0363774Z 2026-07-17 08:00:42.036232+00:00 [info] &lt;0.1256.0&gt; started TCP listener on [::]:5672\u001b[0m
info: IIoT.AppHost.Resources.eventbus[0]
      211: 2026-07-17T08:00:42.1011070Z 2026-07-17 08:00:42.100917+00:00 [info] &lt;0.1120.0&gt; Server startup complete; 4 plugins started.\u001b[0m
info: IIoT.AppHost.Resources.eventbus[0]
      212: 2026-07-17T08:00:42.1011205Z 2026-07-17 08:00:42.100917+00:00 [info] &lt;0.1120.0&gt;  * rabbitmq_prometheus\u001b[0m
info: IIoT.AppHost.Resources.eventbus[0]
      213: 2026-07-17T08:00:42.1011217Z 2026-07-17 08:00:42.100917+00:00 [info] &lt;0.1120.0&gt;  * rabbitmq_management\u001b[0m
info: IIoT.AppHost.Resources.eventbus[0]
      214: 2026-07-17T08:00:42.1011228Z 2026-07-17 08:00:42.100917+00:00 [info] &lt;0.1120.0&gt;  * rabbitmq_management_agent\u001b[0m
info: IIoT.AppHost.Resources.eventbus[0]
      215: 2026-07-17T08:00:42.1011236Z 2026-07-17 08:00:42.100917+00:00 [info] &lt;0.1120.0&gt;  * rabbitmq_web_dispatch\u001b[0m
info: IIoT.AppHost.Resources.eventbus[0]
      216: 2026-07-17T08:00:42.1011244Z  completed with 4 plugins.
info: IIoT.AppHost.Resources.eventbus[0]
      217: 2026-07-17T08:00:42.2017183Z 2026-07-17 08:00:42.201312+00:00 [info] &lt;0.10.0&gt; Time to start RabbitMQ: 2988 ms\u001b[0m
info: IIoT.AppHost.Resources.eventbus[0]
      218: 2026-07-17T08:00:42.2800768Z 2026-07-17 08:00:42.279507+00:00 [info] &lt;0.1261.0&gt; accepting AMQP connection 172.18.0.1:63384 -&gt; 172.18.0.4:5672\u001b[0m
info: IIoT.AppHost.Resources.eventbus[0]
      219: 2026-07-17T08:00:42.3085730Z 2026-07-17 08:00:42.307927+00:00 [info] &lt;0.1261.0&gt; connection 172.18.0.1:63384 -&gt; 172.18.0.4:5672: user 'guest' authenticated and granted access to vhost '/'\u001b[0m
info: IIoT.AppHost.Resources.iiot-migrationworkapp[0]
      7: 2026-07-17T08:00:42.4530360Z Waiting for resource ready to execute for 'iiot-db'.
info: IIoT.AppHost.Resources.iiot-migrationworkapp[0]
      8: 2026-07-17T08:00:42.4530890Z Finished waiting for resource 'iiot-db'.
info: IIoT.AppHost.Resources.iiot-migrationworkapp[0]
      9: [sys] Starting process...: Cmd = /Users/shushu/.local/bin/dotnet, Args = ["run", "--project", "/Users/shushu/Developer/产线系统架构升级/1/.codex-worktrees/cloud-cache-001/src/hosts/IIoT.MigrationWorkApp/IIoT.MigrationWorkApp.csproj", "--no-build", "--configuration", "Release", "--no-launch-profile"]
info: IIoT.AppHost.Resources.iiot-migrationworkapp[0]
      10: 2026-07-17T08:00:43.7360000Z \u001b[40m\u001b[32minfo\u001b[39m\u001b[22m\u001b[49m: Microsoft.Hosting.Lifetime[0]
info: IIoT.AppHost.Resources.iiot-migrationworkapp[0]
      11: 2026-07-17T08:00:43.7360000Z       Application started. Press Ctrl+C to shut down.
info: IIoT.AppHost.Resources.iiot-migrationworkapp[0]
      12: 2026-07-17T08:00:43.7380000Z \u001b[40m\u001b[32minfo\u001b[39m\u001b[22m\u001b[49m: Microsoft.Hosting.Lifetime[0]
info: IIoT.AppHost.Resources.iiot-migrationworkapp[0]
      13: 2026-07-17T08:00:43.7380000Z       Hosting environment: Development
info: IIoT.AppHost.Resources.iiot-migrationworkapp[0]
      14: 2026-07-17T08:00:43.7380000Z \u001b[40m\u001b[32minfo\u001b[39m\u001b[22m\u001b[49m: Microsoft.Hosting.Lifetime[0]
info: IIoT.AppHost.Resources.iiot-migrationworkapp[0]
      15: 2026-07-17T08:00:43.7380000Z       Content root path: /Users/shushu/Developer/产线系统架构升级/1/.codex-worktrees/cloud-cache-001/src/hosts/IIoT.MigrationWorkApp
info: IIoT.AppHost.Resources.iiot-migrationworkapp[0]
      16: 2026-07-17T08:00:43.7980000Z \u001b[40m\u001b[32minfo\u001b[39m\u001b[22m\u001b[49m: IIoT.MigrationWorkApp.DatabaseInitializationOrchestrator[0]
info: IIoT.AppHost.Resources.iiot-migrationworkapp[0]
      17: 2026-07-17T08:00:43.7980000Z       开始应用 EF Core 迁移。
info: IIoT.AppHost.Resources.iiot-migrationworkapp[0]
      18: 2026-07-17T08:00:44.2680000Z \u001b[41m\u001b[30mfail\u001b[39m\u001b[22m\u001b[49m: Microsoft.EntityFrameworkCore.Database.Command[20102]
info: IIoT.AppHost.Resources.iiot-migrationworkapp[0]
      19: 2026-07-17T08:00:44.2680000Z       Failed executing DbCommand (18ms) [Parameters=[], CommandType='Text', CommandTimeout='30']
info: IIoT.AppHost.Resources.iiot-migrationworkapp[0]
      20: 2026-07-17T08:00:44.2680000Z       SELECT "MigrationId", "ProductVersion"
info: IIoT.AppHost.Resources.iiot-migrationworkapp[0]
      21: 2026-07-17T08:00:44.2680000Z       FROM "__EFMigrationsHistory"
info: IIoT.AppHost.Resources.iiot-migrationworkapp[0]
      22: 2026-07-17T08:00:44.2680000Z       ORDER BY "MigrationId";
fail: IIoT.AppHost.Resources.postgres[0]
      100: 2026-07-17T08:00:44.2491289Z 2026-07-17 08:00:44.248 UTC [87] ERROR:  relation "__EFMigrationsHistory" does not exist at character 45
fail: IIoT.AppHost.Resources.postgres[0]
      101: 2026-07-17T08:00:44.2491625Z 2026-07-17 08:00:44.248 UTC [87] STATEMENT:  SELECT "MigrationId", "ProductVersion"
fail: IIoT.AppHost.Resources.postgres[0]
      102: 2026-07-17T08:00:44.2491644Z 	FROM "__EFMigrationsHistory"
fail: IIoT.AppHost.Resources.postgres[0]
      103: 2026-07-17T08:00:44.2491719Z 	ORDER BY "MigrationId"
info: IIoT.AppHost.Resources.eventbus[0]
      220: 2026-07-17T08:00:44.2635955Z 2026-07-17 08:00:44.263308+00:00 [info] &lt;0.1279.0&gt; accepting AMQP connection 172.18.0.1:63396 -&gt; 172.18.0.4:5672\u001b[0m
info: IIoT.AppHost.Resources.eventbus[0]
      221: 2026-07-17T08:00:44.2657778Z 2026-07-17 08:00:44.265575+00:00 [info] &lt;0.1279.0&gt; connection 172.18.0.1:63396 -&gt; 172.18.0.4:5672: user 'guest' authenticated and granted access to vhost '/'\u001b[0m
info: IIoT.AppHost.Resources.iiot-migrationworkapp[0]
      23: 2026-07-17T08:00:44.4060000Z \u001b[40m\u001b[32minfo\u001b[39m\u001b[22m\u001b[49m: Microsoft.EntityFrameworkCore.Migrations[20402]
info: IIoT.AppHost.Resources.iiot-migrationworkapp[0]
      24: 2026-07-17T08:00:44.4060000Z       Applying migration '20260410055802_InitialCreate'.
info: IIoT.AppHost.Resources.iiot-migrationworkapp[0]
      25: 2026-07-17T08:00:44.4580000Z \u001b[40m\u001b[32minfo\u001b[39m\u001b[22m\u001b[49m: Microsoft.EntityFrameworkCore.Migrations[20402]
info: IIoT.AppHost.Resources.iiot-migrationworkapp[0]
      26: 2026-07-17T08:00:44.4580000Z       Applying migration '20260416054448_DropLegacyDeviceMacAddress'.
info: IIoT.AppHost.Resources.iiot-migrationworkapp[0]
      27: 2026-07-17T08:00:44.4650000Z \u001b[40m\u001b[32minfo\u001b[39m\u001b[22m\u001b[49m: Microsoft.EntityFrameworkCore.Migrations[20402]
info: IIoT.AppHost.Resources.iiot-migrationworkapp[0]
      28: 2026-07-17T08:00:44.4650000Z       Applying migration '20260418150646_AddRefreshTokenSessions'.
info: IIoT.AppHost.Resources.iiot-migrationworkapp[0]
      29: 2026-07-17T08:00:44.4760000Z \u001b[40m\u001b[32minfo\u001b[39m\u001b[22m\u001b[49m: Microsoft.EntityFrameworkCore.Migrations[20402]
info: IIoT.AppHost.Resources.iiot-migrationworkapp[0]
      30: 2026-07-17T08:00:44.4760000Z       Applying migration '20260420004334_AddAggregateConcurrencyAndValueObjectHardening'.
info: IIoT.AppHost.Resources.iiot-migrationworkapp[0]
      31: 2026-07-17T08:00:44.4820000Z \u001b[40m\u001b[32minfo\u001b[39m\u001b[22m\u001b[49m: Microsoft.EntityFrameworkCore.Migrations[20402]
info: IIoT.AppHost.Resources.iiot-migrationworkapp[0]
      32: 2026-07-17T08:00:44.4820000Z       Applying migration '20260420005655_AddOutboxMessages'.
info: IIoT.AppHost.Resources.iiot-migrationworkapp[0]
      33: 2026-07-17T08:00:44.4900000Z \u001b[40m\u001b[32minfo\u001b[39m\u001b[22m\u001b[49m: Microsoft.EntityFrameworkCore.Migrations[20402]
info: IIoT.AppHost.Resources.iiot-migrationworkapp[0]
      34: 2026-07-17T08:00:44.4900000Z       Applying migration '20260420075224_AddRecipeDeviceIdIndex'.
info: IIoT.AppHost.Resources.iiot-migrationworkapp[0]
      35: 2026-07-17T08:00:44.4960000Z \u001b[40m\u001b[32minfo\u001b[39m\u001b[22m\u001b[49m: Microsoft.EntityFrameworkCore.Migrations[20402]
info: IIoT.AppHost.Resources.iiot-migrationworkapp[0]
      36: 2026-07-17T08:00:44.4960000Z       Applying migration '20260421060947_AddAuditTrails'.
info: IIoT.AppHost.Resources.iiot-migrationworkapp[0]
      37: 2026-07-17T08:00:44.5050000Z \u001b[40m\u001b[32minfo\u001b[39m\u001b[22m\u001b[49m: Microsoft.EntityFrameworkCore.Migrations[20402]
info: IIoT.AppHost.Resources.iiot-migrationworkapp[0]
      38: 2026-07-17T08:00:44.5050000Z       Applying migration '20260428152446_AddOutboxMessageKind'.
info: IIoT.AppHost.Resources.iiot-migrationworkapp[0]
      39: 2026-07-17T08:00:44.5150000Z \u001b[40m\u001b[32minfo\u001b[39m\u001b[22m\u001b[49m: Microsoft.EntityFrameworkCore.Migrations[20402]
info: IIoT.AppHost.Resources.iiot-migrationworkapp[0]
      40: 2026-07-17T08:00:44.5150000Z       Applying migration '20260429003015_AddUploadReceiveRegistrations'.
info: IIoT.AppHost.Resources.iiot-migrationworkapp[0]
      41: 2026-07-17T08:00:44.5240000Z \u001b[40m\u001b[32minfo\u001b[39m\u001b[22m\u001b[49m: Microsoft.EntityFrameworkCore.Migrations[20402]
info: IIoT.AppHost.Resources.iiot-migrationworkapp[0]
      42: 2026-07-17T08:00:44.5240000Z       Applying migration '20260429052026_AddDeviceBootstrapSecretHash'.
info: IIoT.AppHost.Resources.iiot-migrationworkapp[0]
      43: 2026-07-17T08:00:44.5300000Z \u001b[40m\u001b[32minfo\u001b[39m\u001b[22m\u001b[49m: Microsoft.EntityFrameworkCore.Migrations[20402]
info: IIoT.AppHost.Resources.iiot-migrationworkapp[0]
      44: 2026-07-17T08:00:44.5300000Z       Applying migration '20260429090327_AddOutboxAbandonedAndMfgProcessRowVersion'.
info: IIoT.AppHost.Resources.iiot-migrationworkapp[0]
      45: 2026-07-17T08:00:44.5410000Z \u001b[40m\u001b[32minfo\u001b[39m\u001b[22m\u001b[49m: Microsoft.EntityFrameworkCore.Migrations[20402]
info: IIoT.AppHost.Resources.iiot-migrationworkapp[0]
      46: 2026-07-17T08:00:44.5410000Z       Applying migration '20260508090000_AddUploadReceiveRegistrationDeviceLastSeenIndex'.
info: IIoT.AppHost.Resources.iiot-migrationworkapp[0]
      47: 2026-07-17T08:00:44.5430000Z \u001b[40m\u001b[32minfo\u001b[39m\u001b[22m\u001b[49m: Microsoft.EntityFrameworkCore.Migrations[20402]
info: IIoT.AppHost.Resources.iiot-migrationworkapp[0]
      48: 2026-07-17T08:00:44.5430000Z       Applying migration '20260511011203_AddOpenIddictOidcProvider'.
info: IIoT.AppHost.Resources.iiot-migrationworkapp[0]
      49: 2026-07-17T08:00:44.5650000Z \u001b[40m\u001b[32minfo\u001b[39m\u001b[22m\u001b[49m: Microsoft.EntityFrameworkCore.Migrations[20402]
info: IIoT.AppHost.Resources.iiot-migrationworkapp[0]
      50: 2026-07-17T08:00:44.5650000Z       Applying migration '20260608032532_AddEdgeClientReleaseCatalog'.
info: IIoT.AppHost.Resources.iiot-migrationworkapp[0]
      51: 2026-07-17T08:00:44.5870000Z \u001b[40m\u001b[32minfo\u001b[39m\u001b[22m\u001b[49m: Microsoft.EntityFrameworkCore.Migrations[20402]
info: IIoT.AppHost.Resources.iiot-migrationworkapp[0]
      52: 2026-07-17T08:00:44.5870000Z       Applying migration '20260609071626_AddDeviceNameUniqueIndex'.
info: IIoT.AppHost.Resources.iiot-migrationworkapp[0]
      53: 2026-07-17T08:00:44.5970000Z \u001b[40m\u001b[32minfo\u001b[39m\u001b[22m\u001b[49m: Microsoft.EntityFrameworkCore.Migrations[20402]
info: IIoT.AppHost.Resources.iiot-migrationworkapp[0]
      54: 2026-07-17T08:00:44.5970000Z       Applying migration '20260617114835_AddEdgeClientReleaseRetentionPolicy'.
info: IIoT.AppHost.Resources.iiot-migrationworkapp[0]
      55: 2026-07-17T08:00:44.6090000Z \u001b[40m\u001b[32minfo\u001b[39m\u001b[22m\u001b[49m: Microsoft.EntityFrameworkCore.Migrations[20402]
info: IIoT.AppHost.Resources.iiot-migrationworkapp[0]
      56: 2026-07-17T08:00:44.6090000Z       Applying migration '20260622093000_AddDeviceClientVersionNetworkAddresses'.
info: IIoT.AppHost.Resources.iiot-migrationworkapp[0]
      57: 2026-07-17T08:00:44.6130000Z \u001b[40m\u001b[32minfo\u001b[39m\u001b[22m\u001b[49m: Microsoft.EntityFrameworkCore.Migrations[20402]
info: IIoT.AppHost.Resources.iiot-migrationworkapp[0]
      58: 2026-07-17T08:00:44.6130000Z       Applying migration '20260630080029_AddEdgeDeviceRuntimeHeartbeats'.
info: IIoT.AppHost.Resources.iiot-migrationworkapp[0]
      59: 2026-07-17T08:00:44.6270000Z \u001b[40m\u001b[32minfo\u001b[39m\u001b[22m\u001b[49m: Microsoft.EntityFrameworkCore.Migrations[20402]
info: IIoT.AppHost.Resources.iiot-migrationworkapp[0]
      60: 2026-07-17T08:00:44.6270000Z       Applying migration '20260701054254_AddEdgeReleaseApiKeys'.
info: IIoT.AppHost.Resources.iiot-migrationworkapp[0]
      61: 2026-07-17T08:00:44.6430000Z \u001b[40m\u001b[32minfo\u001b[39m\u001b[22m\u001b[49m: Microsoft.EntityFrameworkCore.Migrations[20402]
info: IIoT.AppHost.Resources.iiot-migrationworkapp[0]
      62: 2026-07-17T08:00:44.6430000Z       Applying migration '20260701075702_NormalizeClientReleaseComponents'.
info: IIoT.AppHost.Resources.iiot-migrationworkapp[0]
      63: 2026-07-17T08:00:44.6710000Z \u001b[40m\u001b[32minfo\u001b[39m\u001b[22m\u001b[49m: Microsoft.EntityFrameworkCore.Migrations[20402]
info: IIoT.AppHost.Resources.iiot-migrationworkapp[0]
      64: 2026-07-17T08:00:44.6710000Z       Applying migration '20260702003046_AddDeviceClientStates'.
info: IIoT.AppHost.Resources.iiot-migrationworkapp[0]
      65: 2026-07-17T08:00:44.6950000Z \u001b[40m\u001b[32minfo\u001b[39m\u001b[22m\u001b[49m: Microsoft.EntityFrameworkCore.Migrations[20402]
info: IIoT.AppHost.Resources.iiot-migrationworkapp[0]
      66: 2026-07-17T08:00:44.6950000Z       Applying migration '20260702072655_AddEdgeHosts'.
info: IIoT.AppHost.Resources.iiot-migrationworkapp[0]
      67: 2026-07-17T08:00:44.7150000Z \u001b[40m\u001b[32minfo\u001b[39m\u001b[22m\u001b[49m: Microsoft.EntityFrameworkCore.Migrations[20402]
info: IIoT.AppHost.Resources.iiot-migrationworkapp[0]
      68: 2026-07-17T08:00:44.7150000Z       Applying migration '20260703005532_AddEdgeHostPlcRuntimeStates'.
info: IIoT.AppHost.Resources.iiot-migrationworkapp[0]
      69: 2026-07-17T08:00:44.7380000Z \u001b[40m\u001b[32minfo\u001b[39m\u001b[22m\u001b[49m: Microsoft.EntityFrameworkCore.Migrations[20402]
info: IIoT.AppHost.Resources.iiot-migrationworkapp[0]
[...]
info: IIoT.AppHost.Resources.iiot-httpapi[0]
      156: 2026-07-17T08:01:53.3710000Z [16:01:53 INF] [httpapi] HTTP GET /api/v1/ai/read/production-records responded 200 in 4.2408 ms request_id=0HNN3R66BH72N:00000045 trace_id=3a54d7bcd31c9207bc344d63df9b2cb0
info: IIoT.AppHost.Resources.iiot-gateway[0]
      197: 2026-07-17T08:01:53.2460000Z [16:01:53 INF] [gateway] Received HTTP/1.1 response 200.
info: IIoT.AppHost.Resources.iiot-gateway[0]
      198: 2026-07-17T08:01:53.2460000Z [16:01:53 INF] [gateway] Gateway request request_id=0HNN3R66B5A78:00000018 trace_id=accb84cde5e0b7fb0152a91bb636b9cf route_surface=ai-read is_blocked_alias=False matched_route=ai-read upstream_cluster=httpapi status_code=200 elapsed_ms=20.3632
info: IIoT.AppHost.Resources.iiot-gateway[0]
      199: 2026-07-17T08:01:53.2460000Z [16:01:53 INF] [gateway] HTTP GET /api/v1/ai/read/production-records responded 200 in 20.4132 ms request_id=0HNN3R66B5A78:00000018 trace_id=accb84cde5e0b7fb0152a91bb636b9cf
info: IIoT.AppHost.Resources.iiot-gateway[0]
      200: 2026-07-17T08:01:53.2490000Z [16:01:53 INF] [gateway] Proxying to http://localhost:62882/api/v1/ai/read/production-records?deviceId=827cdbea-68b1-4174-9c89-3b2cebdbdd88&amp;startTime=2036-07-16T00%3A00%3A00.0000000Z&amp;endTime=2036-07-17T00%3A00%3A00.0000000Z&amp;fieldMode=list&amp;maxRows=100 HTTP/2 RequestVersionOrLower 
info: IIoT.AppHost.Resources.iiot-gateway[0]
      201: 2026-07-17T08:01:53.2540000Z [16:01:53 INF] [gateway] Received HTTP/1.1 response 200.
info: IIoT.AppHost.Resources.iiot-gateway[0]
      202: 2026-07-17T08:01:53.2540000Z [16:01:53 INF] [gateway] Gateway request request_id=0HNN3R66B5A78:00000019 trace_id=0b187ac6bf86642a399e83329a337dd7 route_surface=ai-read is_blocked_alias=False matched_route=ai-read upstream_cluster=httpapi status_code=200 elapsed_ms=5.3815
info: IIoT.AppHost.Resources.iiot-gateway[0]
      203: 2026-07-17T08:01:53.2540000Z [16:01:53 INF] [gateway] HTTP GET /api/v1/ai/read/production-records responded 200 in 5.4168 ms request_id=0HNN3R66B5A78:00000019 trace_id=0b187ac6bf86642a399e83329a337dd7
info: IIoT.AppHost.Resources.iiot-gateway[0]
      204: 2026-07-17T08:01:53.2550000Z [16:01:53 INF] [gateway] Proxying to http://localhost:62882/api/v1/ai/read/production-records?deviceId=827cdbea-68b1-4174-9c89-3b2cebdbdd88&amp;startTime=2026-07-14T00%3A00%3A00.0000000Z&amp;endTime=2026-07-16T00%3A00%3A00.0000000Z&amp;fieldMode=list&amp;maxRows=1 HTTP/2 RequestVersionOrLower 
info: IIoT.AppHost.Resources.iiot-gateway[0]
      205: 2026-07-17T08:01:53.2600000Z [16:01:53 INF] [gateway] Received HTTP/1.1 response 200.
info: IIoT.AppHost.Resources.iiot-gateway[0]
      206: 2026-07-17T08:01:53.2600000Z [16:01:53 INF] [gateway] Gateway request request_id=0HNN3R66B5A78:0000001A trace_id=cc2e3501e2324d5107451a531ef4e8a8 route_surface=ai-read is_blocked_alias=False matched_route=ai-read upstream_cluster=httpapi status_code=200 elapsed_ms=4.9691
info: IIoT.AppHost.Resources.iiot-gateway[0]
      207: 2026-07-17T08:01:53.2600000Z [16:01:53 INF] [gateway] HTTP GET /api/v1/ai/read/production-records responded 200 in 4.9956 ms request_id=0HNN3R66B5A78:0000001A trace_id=cc2e3501e2324d5107451a531ef4e8a8
info: IIoT.AppHost.Resources.iiot-gateway[0]
      208: 2026-07-17T08:01:53.2610000Z [16:01:53 INF] [gateway] Proxying to http://localhost:62882/api/v1/ai/read/devices?keyword=x0-sensitive-fd01bd9fa41c4204a945f1888a297174&amp;maxRows=100 HTTP/2 RequestVersionOrLower 
info: IIoT.AppHost.Resources.iiot-gateway[0]
      209: 2026-07-17T08:01:53.2700000Z [16:01:53 INF] [gateway] Received HTTP/1.1 response 200.
info: IIoT.AppHost.Resources.iiot-gateway[0]
      210: 2026-07-17T08:01:53.2700000Z [16:01:53 INF] [gateway] Gateway request request_id=0HNN3R66B5A78:0000001B trace_id=b9f17267243a0fb1166d088b5cc4c959 route_surface=ai-read is_blocked_alias=False matched_route=ai-read upstream_cluster=httpapi status_code=200 elapsed_ms=9.4348
info: IIoT.AppHost.Resources.iiot-gateway[0]
      211: 2026-07-17T08:01:53.2710000Z [16:01:53 INF] [gateway] HTTP GET /api/v1/ai/read/devices responded 200 in 9.4679 ms request_id=0HNN3R66B5A78:0000001B trace_id=b9f17267243a0fb1166d088b5cc4c959
info: IIoT.AppHost.Resources.iiot-gateway[0]
      212: 2026-07-17T08:01:53.2710000Z [16:01:53 INF] [gateway] Proxying to http://localhost:62882/api/v1/ai/read/processes?keyword=x0-sensitive-fd01bd9fa41c4204a945f1888a297174&amp;maxRows=100 HTTP/2 RequestVersionOrLower 
info: IIoT.AppHost.Resources.iiot-gateway[0]
      213: 2026-07-17T08:01:53.2790000Z [16:01:53 INF] [gateway] Received HTTP/1.1 response 200.
info: IIoT.AppHost.Resources.iiot-gateway[0]
      214: 2026-07-17T08:01:53.2800000Z [16:01:53 INF] [gateway] Gateway request request_id=0HNN3R66B5A78:0000001C trace_id=ec43b53a3f8803473bdeafd70c1a0c09 route_surface=ai-read is_blocked_alias=False matched_route=ai-read upstream_cluster=httpapi status_code=200 elapsed_ms=8.1946
info: IIoT.AppHost.Resources.iiot-gateway[0]
      215: 2026-07-17T08:01:53.2800000Z [16:01:53 INF] [gateway] HTTP GET /api/v1/ai/read/processes responded 200 in 8.2303 ms request_id=0HNN3R66B5A78:0000001C trace_id=ec43b53a3f8803473bdeafd70c1a0c09
info: IIoT.AppHost.Resources.iiot-gateway[0]
      216: 2026-07-17T08:01:53.2800000Z [16:01:53 INF] [gateway] Proxying to http://localhost:62882/api/v1/ai/read/client-releases?channel=x0-sensitive-fd01bd9fa41c4204a945f1888a297174&amp;maxRows=100 HTTP/2 RequestVersionOrLower 
info: IIoT.AppHost.Resources.iiot-gateway[0]
      217: 2026-07-17T08:01:53.2840000Z [16:01:53 INF] [gateway] Received HTTP/1.1 response 200.
info: IIoT.AppHost.Resources.iiot-gateway[0]
      218: 2026-07-17T08:01:53.2840000Z [16:01:53 INF] [gateway] Gateway request request_id=0HNN3R66B5A78:0000001D trace_id=467b9869289dbec062f5ee4af5a28dda route_surface=ai-read is_blocked_alias=False matched_route=ai-read upstream_cluster=httpapi status_code=200 elapsed_ms=3.8438
info: IIoT.AppHost.Resources.iiot-gateway[0]
      219: 2026-07-17T08:01:53.2840000Z [16:01:53 INF] [gateway] HTTP GET /api/v1/ai/read/client-releases responded 200 in 3.8733 ms request_id=0HNN3R66B5A78:0000001D trace_id=467b9869289dbec062f5ee4af5a28dda
info: IIoT.AppHost.Resources.iiot-gateway[0]
      220: 2026-07-17T08:01:53.2840000Z [16:01:53 INF] [gateway] Proxying to http://localhost:62882/api/v1/ai/read/device-client-states?keyword=x0-sensitive-fd01bd9fa41c4204a945f1888a297174&amp;maxRows=100 HTTP/2 RequestVersionOrLower 
info: IIoT.AppHost.Resources.iiot-gateway[0]
      221: 2026-07-17T08:01:53.2880000Z [16:01:53 INF] [gateway] Received HTTP/1.1 response 200.
info: IIoT.AppHost.Resources.iiot-gateway[0]
      222: 2026-07-17T08:01:53.2880000Z [16:01:53 INF] [gateway] Gateway request request_id=0HNN3R66B5A78:0000001E trace_id=62d3e21fab9410d9c49772f6ca06a5f0 route_surface=ai-read is_blocked_alias=False matched_route=ai-read upstream_cluster=httpapi status_code=200 elapsed_ms=3.4171
info: IIoT.AppHost.Resources.iiot-gateway[0]
      223: 2026-07-17T08:01:53.2880000Z [16:01:53 INF] [gateway] HTTP GET /api/v1/ai/read/device-client-states responded 200 in 3.4398 ms request_id=0HNN3R66B5A78:0000001E trace_id=62d3e21fab9410d9c49772f6ca06a5f0
info: IIoT.AppHost.Resources.iiot-gateway[0]
      224: 2026-07-17T08:01:53.2880000Z [16:01:53 INF] [gateway] Proxying to http://localhost:62882/api/v1/ai/read/capacity/summary?deviceId=827cdbea-68b1-4174-9c89-3b2cebdbdd88&amp;startDate=2026-07-14&amp;endDate=2026-07-16&amp;plcName=x0-sensitive-fd01bd9fa41c4204a945f1888a297174&amp;maxRows=100 HTTP/2 RequestVersionOrLower 
info: IIoT.AppHost.Resources.iiot-gateway[0]
      225: 2026-07-17T08:01:53.2910000Z [16:01:53 INF] [gateway] Received HTTP/1.1 response 200.
info: IIoT.AppHost.Resources.iiot-gateway[0]
      226: 2026-07-17T08:01:53.2910000Z [16:01:53 INF] [gateway] Gateway request request_id=0HNN3R66B5A78:0000001F trace_id=16d4be89ba2e0eba8d6112d10135f016 route_surface=ai-read is_blocked_alias=False matched_route=ai-read upstream_cluster=httpapi status_code=200 elapsed_ms=3.101
info: IIoT.AppHost.Resources.iiot-gateway[0]
      227: 2026-07-17T08:01:53.2920000Z [16:01:53 INF] [gateway] HTTP GET /api/v1/ai/read/capacity/summary responded 200 in 3.1906 ms request_id=0HNN3R66B5A78:0000001F trace_id=16d4be89ba2e0eba8d6112d10135f016
info: IIoT.AppHost.Resources.iiot-gateway[0]
      228: 2026-07-17T08:01:53.2920000Z [16:01:53 INF] [gateway] Proxying to http://localhost:62882/api/v1/ai/read/capacity/hourly?deviceId=827cdbea-68b1-4174-9c89-3b2cebdbdd88&amp;date=2026-07-14&amp;plcName=x0-sensitive-fd01bd9fa41c4204a945f1888a297174&amp;maxRows=100 HTTP/2 RequestVersionOrLower 
info: IIoT.AppHost.Resources.iiot-gateway[0]
      229: 2026-07-17T08:01:53.2950000Z [16:01:53 INF] [gateway] Received HTTP/1.1 response 200.
info: IIoT.AppHost.Resources.iiot-gateway[0]
      230: 2026-07-17T08:01:53.2950000Z [16:01:53 INF] [gateway] Gateway request request_id=0HNN3R66B5A78:00000020 trace_id=a2e6141fac3218cf5aa5e0893ec4a43f route_surface=ai-read is_blocked_alias=False matched_route=ai-read upstream_cluster=httpapi status_code=200 elapsed_ms=3.359
info: IIoT.AppHost.Resources.iiot-gateway[0]
      231: 2026-07-17T08:01:53.2950000Z [16:01:53 INF] [gateway] HTTP GET /api/v1/ai/read/capacity/hourly responded 200 in 3.3915 ms request_id=0HNN3R66B5A78:00000020 trace_id=a2e6141fac3218cf5aa5e0893ec4a43f
info: IIoT.AppHost.Resources.iiot-gateway[0]
      232: 2026-07-17T08:01:53.2960000Z [16:01:53 INF] [gateway] Proxying to http://localhost:62882/api/v1/ai/read/device-logs?deviceId=827cdbea-68b1-4174-9c89-3b2cebdbdd88&amp;startTime=2026-07-14T00%3A00%3A00.0000000Z&amp;endTime=2026-07-16T00%3A00%3A00.0000000Z&amp;keyword=x0-sensitive-fd01bd9fa41c4204a945f1888a297174&amp;maxRows=100 HTTP/2 RequestVersionOrLower 
info: IIoT.AppHost.Resources.iiot-gateway[0]
      233: 2026-07-17T08:01:53.3000000Z [16:01:53 INF] [gateway] Received HTTP/1.1 response 200.
info: IIoT.AppHost.Resources.iiot-gateway[0]
      234: 2026-07-17T08:01:53.3000000Z [16:01:53 INF] [gateway] Gateway request request_id=0HNN3R66B5A78:00000021 trace_id=afaee7852b26e6774c5c8a0c7cb2d8dc route_surface=ai-read is_blocked_alias=False matched_route=ai-read upstream_cluster=httpapi status_code=200 elapsed_ms=4.5868
info: IIoT.AppHost.Resources.iiot-gateway[0]
      235: 2026-07-17T08:01:53.3000000Z [16:01:53 INF] [gateway] HTTP GET /api/v1/ai/read/device-logs responded 200 in 4.6154 ms request_id=0HNN3R66B5A78:00000021 trace_id=afaee7852b26e6774c5c8a0c7cb2d8dc
info: IIoT.AppHost.Resources.iiot-gateway[0]
      236: 2026-07-17T08:01:53.3010000Z [16:01:53 INF] [gateway] Proxying to http://localhost:62882/api/v1/ai/read/production-records?deviceId=827cdbea-68b1-4174-9c89-3b2cebdbdd88&amp;startTime=2026-07-14T00%3A00%3A00.0000000Z&amp;endTime=2026-07-16T00%3A00%3A00.0000000Z&amp;barcode=x0-sensitive-fd01bd9fa41c4204a945f1888a297174&amp;fieldMode=list&amp;maxRows=100 HTTP/2 RequestVersionOrLower 
info: IIoT.AppHost.Resources.iiot-gateway[0]
      237: 2026-07-17T08:01:53.3040000Z [16:01:53 INF] [gateway] Received HTTP/1.1 response 200.
info: IIoT.AppHost.Resources.iiot-gateway[0]
      238: 2026-07-17T08:01:53.3040000Z [16:01:53 INF] [gateway] Gateway request request_id=0HNN3R66B5A78:00000022 trace_id=773fa37371d0c9ed207d7117d983fd19 route_surface=ai-read is_blocked_alias=False matched_route=ai-read upstream_cluster=httpapi status_code=200 elapsed_ms=3.5913
info: IIoT.AppHost.Resources.iiot-gateway[0]
      239: 2026-07-17T08:01:53.3040000Z [16:01:53 INF] [gateway] HTTP GET /api/v1/ai/read/production-records responded 200 in 3.6408 ms request_id=0HNN3R66B5A78:00000022 trace_id=773fa37371d0c9ed207d7117d983fd19
info: IIoT.AppHost.Resources.iiot-gateway[0]
      240: 2026-07-17T08:01:53.3070000Z [16:01:53 INF] [gateway] Proxying to http://localhost:62882/api/v1/ai/read/devices?deviceId=827cdbea-68b1-4174-9c89-3b2cebdbdd88 HTTP/2 RequestVersionOrLower 
info: IIoT.AppHost.Resources.iiot-gateway[0]
      241: 2026-07-17T08:01:53.3130000Z [16:01:53 INF] [gateway] Received HTTP/1.1 response 200.
info: IIoT.AppHost.Resources.iiot-gateway[0]
      242: 2026-07-17T08:01:53.3130000Z [16:01:53 INF] [gateway] Gateway request request_id=0HNN3R66B5A7B:00000001 trace_id=7c9446b4c27d530678718ff12a150efb route_surface=ai-read is_blocked_alias=False matched_route=ai-read upstream_cluster=httpapi status_code=200 elapsed_ms=5.6803
info: IIoT.AppHost.Resources.iiot-gateway[0]
      243: 2026-07-17T08:01:53.3130000Z [16:01:53 INF] [gateway] HTTP GET /api/v1/ai/read/devices responded 200 in 5.7130 ms request_id=0HNN3R66B5A7B:00000001 trace_id=7c9446b4c27d530678718ff12a150efb
info: IIoT.AppHost.Resources.iiot-gateway[0]
      244: 2026-07-17T08:01:53.3290000Z [16:01:53 INF] [gateway] Proxying to http://localhost:62882/api/v1/ai/read/processes?processId=3f1562d1-d9e9-4ead-8724-14d74d9b95d6 HTTP/2 RequestVersionOrLower 
info: IIoT.AppHost.Resources.iiot-gateway[0]
      245: 2026-07-17T08:01:53.3360000Z [16:01:53 INF] [gateway] Received HTTP/1.1 response 200.
info: IIoT.AppHost.Resources.iiot-gateway[0]
      246: 2026-07-17T08:01:53.3360000Z [16:01:53 INF] [gateway] Gateway request request_id=0HNN3R66B5A7B:00000002 trace_id=9aaebebe14a40d7857fe67baf11e41c7 route_surface=ai-read is_blocked_alias=False matched_route=ai-read upstream_cluster=httpapi status_code=200 elapsed_ms=7.526
info: IIoT.AppHost.Resources.iiot-gateway[0]
      247: 2026-07-17T08:01:53.3360000Z [16:01:53 INF] [gateway] HTTP GET /api/v1/ai/read/processes responded 200 in 7.5660 ms request_id=0HNN3R66B5A7B:00000002 trace_id=9aaebebe14a40d7857fe67baf11e41c7
info: IIoT.AppHost.Resources.iiot-gateway[0]
      248: 2026-07-17T08:01:53.3370000Z [16:01:53 INF] [gateway] Proxying to http://localhost:62882/api/v1/ai/read/client-releases?channel=align-6d852ca249324a&amp;targetRuntime=win-x64&amp;status=Published&amp;maxRows=1 HTTP/2 RequestVersionOrLower 
info: IIoT.AppHost.Resources.iiot-gateway[0]
      249: 2026-07-17T08:01:53.3430000Z [16:01:53 INF] [gateway] Received HTTP/1.1 response 200.
info: IIoT.AppHost.Resources.iiot-gateway[0]
      250: 2026-07-17T08:01:53.3430000Z [16:01:53 INF] [gateway] Gateway request request_id=0HNN3R66B5A7B:00000003 trace_id=2667ff8f3e75ab4d0bf0689241f490bb route_surface=ai-read is_blocked_alias=False matched_route=ai-read upstream_cluster=httpapi status_code=200 elapsed_ms=5.7163
info: IIoT.AppHost.Resources.iiot-gateway[0]
      251: 2026-07-17T08:01:53.3430000Z [16:01:53 INF] [gateway] HTTP GET /api/v1/ai/read/client-releases responded 200 in 5.7435 ms request_id=0HNN3R66B5A7B:00000003 trace_id=2667ff8f3e75ab4d0bf0689241f490bb
info: IIoT.AppHost.Resources.iiot-gateway[0]
      252: 2026-07-17T08:01:53.3430000Z [16:01:53 INF] [gateway] Proxying to http://localhost:62882/api/v1/ai/read/device-client-states?deviceId=827cdbea-68b1-4174-9c89-3b2cebdbdd88 HTTP/2 RequestVersionOrLower 
info: IIoT.AppHost.Resources.iiot-gateway[0]
      253: 2026-07-17T08:01:53.3500000Z [16:01:53 INF] [gateway] Received HTTP/1.1 response 200.
info: IIoT.AppHost.Resources.iiot-gateway[0]
      254: 2026-07-17T08:01:53.3500000Z [16:01:53 INF] [gateway] Gateway request request_id=0HNN3R66B5A7B:00000004 trace_id=aaf3b3576b60137048afd3d9cb801a05 route_surface=ai-read is_blocked_alias=False matched_route=ai-read upstream_cluster=httpapi status_code=200 elapsed_ms=6.3499
info: IIoT.AppHost.Resources.iiot-gateway[0]
      255: 2026-07-17T08:01:53.3500000Z [16:01:53 INF] [gateway] HTTP GET /api/v1/ai/read/device-client-states responded 200 in 6.3844 ms request_id=0HNN3R66B5A7B:00000004 trace_id=aaf3b3576b60137048afd3d9cb801a05
info: IIoT.AppHost.Resources.iiot-gateway[0]
      256: 2026-07-17T08:01:53.3510000Z [16:01:53 INF] [gateway] Proxying to http://localhost:62882/api/v1/ai/read/capacity/summary?deviceId=827cdbea-68b1-4174-9c89-3b2cebdbdd88&amp;startDate=2026-07-14&amp;endDate=2026-07-16&amp;maxRows=1 HTTP/2 RequestVersionOrLower 
info: IIoT.AppHost.Resources.iiot-gateway[0]
      257: 2026-07-17T08:01:53.3550000Z [16:01:53 INF] [gateway] Received HTTP/1.1 response 200.
info: IIoT.AppHost.Resources.iiot-gateway[0]
      258: 2026-07-17T08:01:53.3550000Z [16:01:53 INF] [gateway] Gateway request request_id=0HNN3R66B5A7B:00000005 trace_id=ff0e294e1183f8401ca6f749f1b989d0 route_surface=ai-read is_blocked_alias=False matched_route=ai-read upstream_cluster=httpapi status_code=200 elapsed_ms=4.4959
info: IIoT.AppHost.Resources.iiot-gateway[0]
      259: 2026-07-17T08:01:53.3550000Z [16:01:53 INF] [gateway] HTTP GET /api/v1/ai/read/capacity/summary responded 200 in 4.5398 ms request_id=0HNN3R66B5A7B:00000005 trace_id=ff0e294e1183f8401ca6f749f1b989d0
info: IIoT.AppHost.Resources.iiot-gateway[0]
      260: 2026-07-17T08:01:53.3570000Z [16:01:53 INF] [gateway] Proxying to http://localhost:62882/api/v1/ai/read/capacity/hourly?deviceId=827cdbea-68b1-4174-9c89-3b2cebdbdd88&amp;date=2026-07-14&amp;maxRows=1 HTTP/2 RequestVersionOrLower 
info: IIoT.AppHost.Resources.iiot-gateway[0]
      261: 2026-07-17T08:01:53.3610000Z [16:01:53 INF] [gateway] Received HTTP/1.1 response 200.
info: IIoT.AppHost.Resources.iiot-gateway[0]
      262: 2026-07-17T08:01:53.3610000Z [16:01:53 INF] [gateway] Gateway request request_id=0HNN3R66B5A7B:00000006 trace_id=7cf79fde256d22c78504d0d0f90df090 route_surface=ai-read is_blocked_alias=False matched_route=ai-read upstream_cluster=httpapi status_code=200 elapsed_ms=3.901
info: IIoT.AppHost.Resources.iiot-gateway[0]
      263: 2026-07-17T08:01:53.3610000Z [16:01:53 INF] [gateway] HTTP GET /api/v1/ai/read/capacity/hourly responded 200 in 3.9244 ms request_id=0HNN3R66B5A7B:00000006 trace_id=7cf79fde256d22c78504d0d0f90df090
info: IIoT.AppHost.Resources.iiot-gateway[0]
      264: 2026-07-17T08:01:53.3610000Z [16:01:53 INF] [gateway] Proxying to http://localhost:62882/api/v1/ai/read/device-logs?deviceId=827cdbea-68b1-4174-9c89-3b2cebdbdd88&amp;startTime=2026-07-14T00%3A00%3A00.0000000%2B00%3A00&amp;endTime=2026-07-16T00%3A00%3A00.0000000%2B00%3A00&amp;maxRows=1 HTTP/2 RequestVersionOrLower 
info: IIoT.AppHost.Resources.iiot-gateway[0]
      265: 2026-07-17T08:01:53.3660000Z [16:01:53 INF] [gateway] Received HTTP/1.1 response 200.
info: IIoT.AppHost.Resources.iiot-gateway[0]
      266: 2026-07-17T08:01:53.3660000Z [16:01:53 INF] [gateway] Gateway request request_id=0HNN3R66B5A7B:00000007 trace_id=f073f91b025cd060bb0e4ea8482c7b27 route_surface=ai-read is_blocked_alias=False matched_route=ai-read upstream_cluster=httpapi status_code=200 elapsed_ms=5.0086
info: IIoT.AppHost.Resources.iiot-gateway[0]
      267: 2026-07-17T08:01:53.3660000Z [16:01:53 INF] [gateway] HTTP GET /api/v1/ai/read/device-logs responded 200 in 5.0345 ms request_id=0HNN3R66B5A7B:00000007 trace_id=f073f91b025cd060bb0e4ea8482c7b27
info: IIoT.AppHost.Resources.iiot-gateway[0]
      268: 2026-07-17T08:01:53.3670000Z [16:01:53 INF] [gateway] Proxying to http://localhost:62882/api/v1/ai/read/production-records?deviceId=827cdbea-68b1-4174-9c89-3b2cebdbdd88&amp;startTime=2026-07-14T00%3A00%3A00.0000000%2B00%3A00&amp;endTime=2026-07-16T00%3A00%3A00.0000000%2B00%3A00&amp;maxRows=1 HTTP/2 RequestVersionOrLower 
info: IIoT.AppHost.Resources.iiot-gateway[0]
      269: 2026-07-17T08:01:53.3710000Z [16:01:53 INF] [gateway] Received HTTP/1.1 response 200.
info: IIoT.AppHost.Resources.iiot-gateway[0]
      270: 2026-07-17T08:01:53.3720000Z [16:01:53 INF] [gateway] Gateway request request_id=0HNN3R66B5A7B:00000008 trace_id=3a54d7bcd31c9207bc344d63df9b2cb0 route_surface=ai-read is_blocked_alias=False matched_route=ai-read upstream_cluster=httpapi status_code=200 elapsed_ms=4.6955
info: IIoT.AppHost.Resources.iiot-gateway[0]
      271: 2026-07-17T08:01:53.3720000Z [16:01:53 INF] [gateway] HTTP GET /api/v1/ai/read/production-records responded 200 in 4.7263 ms request_id=0HNN3R66B5A7B:00000008 trace_id=3a54d7bcd31c9207bc344d63df9b2cb0
[xUnit.net 00:01:36.49]   Finished:    IIoT.CloudPlatform.WorkspaceAlignmentTests
</StdOut>
    </Output>
  </ResultSummary>
</TestRun>